{"C:\\Users\\duber.galvis\\Documents\\Ceiba-DeliverChefcito\\node-nestjs-arquitectura-hexagonal\\src\\aplicacion\\pedido\\cambio\\cambiar-pedido.comando.ts": {"path":"C:\\Users\\duber.galvis\\Documents\\Ceiba-DeliverChefcito\\node-nestjs-arquitectura-hexagonal\\src\\aplicacion\\pedido\\cambio\\cambiar-pedido.comando.ts","statementMap":{"0":{"start":{"line":1,"column":0},"end":{"line":1,"column":46}},"1":{"start":{"line":2,"column":0},"end":{"line":2,"column":66}},"2":{"start":{"line":4,"column":0},"end":{"line":4,"column":64}},"3":{"start":{"line":5,"column":0},"end":{"line":5,"column":61}},"4":{"start":{"line":6,"column":0},"end":{"line":6,"column":61}},"5":{"start":{"line":12,"column":4},"end":{"line":12,"column":null}},"6":{"start":{"line":16,"column":4},"end":{"line":16,"column":null}},"7":{"start":{"line":20,"column":4},"end":{"line":20,"column":null}},"8":{"start":{"line":24,"column":4},"end":{"line":24,"column":null}},"9":{"start":{"line":28,"column":4},"end":{"line":28,"column":null}},"10":{"start":{"line":31,"column":4},"end":{"line":31,"column":null}},"11":{"start":{"line":34,"column":4},"end":{"line":34,"column":null}},"12":{"start":{"line":37,"column":4},"end":{"line":37,"column":null}},"13":{"start":{"line":9,"column":0},"end":{"line":9,"column":13}}},"fnMap":{},"branchMap":{},"s":{"0":1,"1":1,"2":1,"3":1,"4":1,"5":1,"6":1,"7":1,"8":1,"9":1,"10":1,"11":1,"12":1,"13":1},"f":{},"b":{}}
,"C:\\Users\\duber.galvis\\Documents\\Ceiba-DeliverChefcito\\node-nestjs-arquitectura-hexagonal\\src\\aplicacion\\pedido\\cambio\\cambiar-pedido.manejador.ts": {"path":"C:\\Users\\duber.galvis\\Documents\\Ceiba-DeliverChefcito\\node-nestjs-arquitectura-hexagonal\\src\\aplicacion\\pedido\\cambio\\cambiar-pedido.manejador.ts","statementMap":{"0":{"start":{"line":1,"column":0},"end":{"line":1,"column":44}},"1":{"start":{"line":3,"column":0},"end":{"line":3,"column":69}},"2":{"start":{"line":8,"column":0},"end":{"line":14,"column":null}},"3":{"start":{"line":9,"column":24},"end":{"line":9,"column":36}},"4":{"start":{"line":12,"column":8},"end":{"line":12,"column":67}},"5":{"start":{"line":8,"column":13},"end":{"line":14,"column":null}},"6":{"start":{"line":8,"column":13},"end":{"line":8,"column":35}}},"fnMap":{"0":{"name":"(anonymous_2)","decl":{"start":{"line":9,"column":4},"end":{"line":9,"column":24}},"loc":{"start":{"line":9,"column":45},"end":{"line":9,"column":50}}},"1":{"name":"(anonymous_3)","decl":{"start":{"line":11,"column":4},"end":{"line":11,"column":9}},"loc":{"start":{"line":11,"column":61},"end":{"line":13,"column":5}}}},"branchMap":{},"s":{"0":1,"1":1,"2":1,"3":1,"4":1,"5":1,"6":1},"f":{"0":1,"1":1},"b":{}}
,"C:\\Users\\duber.galvis\\Documents\\Ceiba-DeliverChefcito\\node-nestjs-arquitectura-hexagonal\\src\\aplicacion\\pedido\\cambio\\cancelar-pedido.comando.ts": {"path":"C:\\Users\\duber.galvis\\Documents\\Ceiba-DeliverChefcito\\node-nestjs-arquitectura-hexagonal\\src\\aplicacion\\pedido\\cambio\\cancelar-pedido.comando.ts","statementMap":{"0":{"start":{"line":1,"column":0},"end":{"line":1,"column":46}},"1":{"start":{"line":2,"column":0},"end":{"line":2,"column":43}},"2":{"start":{"line":7,"column":4},"end":{"line":7,"column":null}},"3":{"start":{"line":4,"column":0},"end":{"line":4,"column":13}}},"fnMap":{},"branchMap":{},"s":{"0":1,"1":1,"2":1,"3":1},"f":{},"b":{}}
,"C:\\Users\\duber.galvis\\Documents\\Ceiba-DeliverChefcito\\node-nestjs-arquitectura-hexagonal\\src\\aplicacion\\pedido\\cambio\\cancelar-pedido.manejador.ts": {"path":"C:\\Users\\duber.galvis\\Documents\\Ceiba-DeliverChefcito\\node-nestjs-arquitectura-hexagonal\\src\\aplicacion\\pedido\\cambio\\cancelar-pedido.manejador.ts","statementMap":{"0":{"start":{"line":1,"column":0},"end":{"line":1,"column":44}},"1":{"start":{"line":3,"column":0},"end":{"line":3,"column":69}},"2":{"start":{"line":8,"column":0},"end":{"line":14,"column":null}},"3":{"start":{"line":9,"column":24},"end":{"line":9,"column":36}},"4":{"start":{"line":12,"column":8},"end":{"line":12,"column":69}},"5":{"start":{"line":8,"column":13},"end":{"line":14,"column":null}},"6":{"start":{"line":8,"column":13},"end":{"line":8,"column":36}}},"fnMap":{"0":{"name":"(anonymous_2)","decl":{"start":{"line":9,"column":4},"end":{"line":9,"column":24}},"loc":{"start":{"line":9,"column":45},"end":{"line":9,"column":50}}},"1":{"name":"(anonymous_3)","decl":{"start":{"line":11,"column":4},"end":{"line":11,"column":9}},"loc":{"start":{"line":11,"column":63},"end":{"line":13,"column":5}}}},"branchMap":{},"s":{"0":1,"1":1,"2":1,"3":1,"4":2,"5":1,"6":1},"f":{"0":1,"1":2},"b":{}}
,"C:\\Users\\duber.galvis\\Documents\\Ceiba-DeliverChefcito\\node-nestjs-arquitectura-hexagonal\\src\\aplicacion\\pedido\\comando\\registrar-pedido.comando.ts": {"path":"C:\\Users\\duber.galvis\\Documents\\Ceiba-DeliverChefcito\\node-nestjs-arquitectura-hexagonal\\src\\aplicacion\\pedido\\comando\\registrar-pedido.comando.ts","statementMap":{"0":{"start":{"line":1,"column":0},"end":{"line":1,"column":46}},"1":{"start":{"line":2,"column":0},"end":{"line":2,"column":77}},"2":{"start":{"line":4,"column":0},"end":{"line":4,"column":64}},"3":{"start":{"line":5,"column":0},"end":{"line":5,"column":61}},"4":{"start":{"line":6,"column":0},"end":{"line":6,"column":61}},"5":{"start":{"line":12,"column":4},"end":{"line":12,"column":null}},"6":{"start":{"line":16,"column":4},"end":{"line":16,"column":null}},"7":{"start":{"line":20,"column":4},"end":{"line":20,"column":null}},"8":{"start":{"line":24,"column":4},"end":{"line":24,"column":null}},"9":{"start":{"line":28,"column":4},"end":{"line":28,"column":null}},"10":{"start":{"line":32,"column":4},"end":{"line":32,"column":null}},"11":{"start":{"line":36,"column":4},"end":{"line":36,"column":null}},"12":{"start":{"line":9,"column":0},"end":{"line":9,"column":13}}},"fnMap":{},"branchMap":{},"s":{"0":1,"1":1,"2":1,"3":1,"4":1,"5":1,"6":1,"7":1,"8":1,"9":1,"10":1,"11":1,"12":1},"f":{},"b":{}}
,"C:\\Users\\duber.galvis\\Documents\\Ceiba-DeliverChefcito\\node-nestjs-arquitectura-hexagonal\\src\\aplicacion\\pedido\\comando\\registrar-pedido.manejador.ts": {"path":"C:\\Users\\duber.galvis\\Documents\\Ceiba-DeliverChefcito\\node-nestjs-arquitectura-hexagonal\\src\\aplicacion\\pedido\\comando\\registrar-pedido.manejador.ts","statementMap":{"0":{"start":{"line":1,"column":0},"end":{"line":1,"column":44}},"1":{"start":{"line":2,"column":0},"end":{"line":2,"column":58}},"2":{"start":{"line":3,"column":0},"end":{"line":3,"column":96}},"3":{"start":{"line":8,"column":0},"end":{"line":24,"column":null}},"4":{"start":{"line":9,"column":24},"end":{"line":9,"column":50}},"5":{"start":{"line":12,"column":8},"end":{"line":22,"column":10}},"6":{"start":{"line":8,"column":13},"end":{"line":24,"column":null}},"7":{"start":{"line":8,"column":13},"end":{"line":8,"column":37}}},"fnMap":{"0":{"name":"(anonymous_2)","decl":{"start":{"line":9,"column":4},"end":{"line":9,"column":24}},"loc":{"start":{"line":9,"column":73},"end":{"line":9,"column":76}}},"1":{"name":"(anonymous_3)","decl":{"start":{"line":11,"column":4},"end":{"line":11,"column":9}},"loc":{"start":{"line":11,"column":65},"end":{"line":23,"column":5}}}},"branchMap":{},"s":{"0":1,"1":1,"2":1,"3":1,"4":1,"5":1,"6":1,"7":1},"f":{"0":1,"1":1},"b":{}}
,"C:\\Users\\duber.galvis\\Documents\\Ceiba-DeliverChefcito\\node-nestjs-arquitectura-hexagonal\\src\\aplicacion\\pedido\\consulta\\listar-pedido.manejador.ts": {"path":"C:\\Users\\duber.galvis\\Documents\\Ceiba-DeliverChefcito\\node-nestjs-arquitectura-hexagonal\\src\\aplicacion\\pedido\\consulta\\listar-pedido.manejador.ts","statementMap":{"0":{"start":{"line":1,"column":0},"end":{"line":1,"column":44}},"1":{"start":{"line":3,"column":0},"end":{"line":3,"column":69}},"2":{"start":{"line":7,"column":0},"end":{"line":13,"column":null}},"3":{"start":{"line":8,"column":22},"end":{"line":8,"column":34}},"4":{"start":{"line":11,"column":4},"end":{"line":11,"column":42}},"5":{"start":{"line":7,"column":13},"end":{"line":13,"column":null}},"6":{"start":{"line":7,"column":13},"end":{"line":7,"column":34}}},"fnMap":{"0":{"name":"(anonymous_2)","decl":{"start":{"line":8,"column":2},"end":{"line":8,"column":22}},"loc":{"start":{"line":8,"column":43},"end":{"line":8,"column":47}}},"1":{"name":"(anonymous_3)","decl":{"start":{"line":10,"column":2},"end":{"line":10,"column":7}},"loc":{"start":{"line":10,"column":31},"end":{"line":12,"column":3}}}},"branchMap":{},"s":{"0":1,"1":1,"2":1,"3":1,"4":1,"5":1,"6":1},"f":{"0":1,"1":1},"b":{}}
,"C:\\Users\\duber.galvis\\Documents\\Ceiba-DeliverChefcito\\node-nestjs-arquitectura-hexagonal\\src\\aplicacion\\producto\\comando\\registrar-producto.comando.ts": {"path":"C:\\Users\\duber.galvis\\Documents\\Ceiba-DeliverChefcito\\node-nestjs-arquitectura-hexagonal\\src\\aplicacion\\producto\\comando\\registrar-producto.comando.ts","statementMap":{"0":{"start":{"line":1,"column":0},"end":{"line":1,"column":53}},"1":{"start":{"line":2,"column":0},"end":{"line":2,"column":46}},"2":{"start":{"line":7,"column":2},"end":{"line":7,"column":null}},"3":{"start":{"line":11,"column":2},"end":{"line":11,"column":null}},"4":{"start":{"line":15,"column":2},"end":{"line":15,"column":null}},"5":{"start":{"line":4,"column":0},"end":{"line":4,"column":13}}},"fnMap":{},"branchMap":{},"s":{"0":1,"1":1,"2":1,"3":1,"4":1,"5":1},"f":{},"b":{}}
,"C:\\Users\\duber.galvis\\Documents\\Ceiba-DeliverChefcito\\node-nestjs-arquitectura-hexagonal\\src\\aplicacion\\producto\\comando\\registrar-producto.manejador.ts": {"path":"C:\\Users\\duber.galvis\\Documents\\Ceiba-DeliverChefcito\\node-nestjs-arquitectura-hexagonal\\src\\aplicacion\\producto\\comando\\registrar-producto.manejador.ts","statementMap":{"0":{"start":{"line":1,"column":0},"end":{"line":1,"column":44}},"1":{"start":{"line":2,"column":0},"end":{"line":2,"column":102}},"2":{"start":{"line":4,"column":0},"end":{"line":4,"column":64}},"3":{"start":{"line":7,"column":0},"end":{"line":19,"column":null}},"4":{"start":{"line":8,"column":22},"end":{"line":8,"column":50}},"5":{"start":{"line":11,"column":4},"end":{"line":17,"column":6}},"6":{"start":{"line":7,"column":13},"end":{"line":19,"column":null}},"7":{"start":{"line":7,"column":13},"end":{"line":7,"column":39}}},"fnMap":{"0":{"name":"(anonymous_2)","decl":{"start":{"line":8,"column":2},"end":{"line":8,"column":22}},"loc":{"start":{"line":8,"column":75},"end":{"line":8,"column":79}}},"1":{"name":"(anonymous_3)","decl":{"start":{"line":10,"column":2},"end":{"line":10,"column":7}},"loc":{"start":{"line":10,"column":67},"end":{"line":18,"column":3}}}},"branchMap":{},"s":{"0":1,"1":1,"2":1,"3":1,"4":1,"5":2,"6":1,"7":1},"f":{"0":1,"1":2},"b":{}}
,"C:\\Users\\duber.galvis\\Documents\\Ceiba-DeliverChefcito\\node-nestjs-arquitectura-hexagonal\\src\\aplicacion\\producto\\consulta\\consultar-producto.manejador.ts": {"path":"C:\\Users\\duber.galvis\\Documents\\Ceiba-DeliverChefcito\\node-nestjs-arquitectura-hexagonal\\src\\aplicacion\\producto\\consulta\\consultar-producto.manejador.ts","statementMap":{"0":{"start":{"line":1,"column":0},"end":{"line":1,"column":44}},"1":{"start":{"line":3,"column":0},"end":{"line":3,"column":75}},"2":{"start":{"line":7,"column":0},"end":{"line":13,"column":null}},"3":{"start":{"line":8,"column":24},"end":{"line":8,"column":38}},"4":{"start":{"line":11,"column":8},"end":{"line":11,"column":51}},"5":{"start":{"line":7,"column":13},"end":{"line":13,"column":null}},"6":{"start":{"line":7,"column":13},"end":{"line":7,"column":39}}},"fnMap":{"0":{"name":"(anonymous_2)","decl":{"start":{"line":8,"column":4},"end":{"line":8,"column":24}},"loc":{"start":{"line":8,"column":49},"end":{"line":8,"column":53}}},"1":{"name":"(anonymous_3)","decl":{"start":{"line":10,"column":4},"end":{"line":10,"column":9}},"loc":{"start":{"line":10,"column":34},"end":{"line":12,"column":5}}}},"branchMap":{},"s":{"0":1,"1":1,"2":1,"3":1,"4":1,"5":1,"6":1},"f":{"0":1,"1":1},"b":{}}
,"C:\\Users\\duber.galvis\\Documents\\Ceiba-DeliverChefcito\\node-nestjs-arquitectura-hexagonal\\src\\aplicacion\\producto\\consulta\\listar-producto.manejador.ts": {"path":"C:\\Users\\duber.galvis\\Documents\\Ceiba-DeliverChefcito\\node-nestjs-arquitectura-hexagonal\\src\\aplicacion\\producto\\consulta\\listar-producto.manejador.ts","statementMap":{"0":{"start":{"line":1,"column":0},"end":{"line":1,"column":44}},"1":{"start":{"line":3,"column":0},"end":{"line":3,"column":75}},"2":{"start":{"line":7,"column":0},"end":{"line":13,"column":null}},"3":{"start":{"line":8,"column":22},"end":{"line":8,"column":36}},"4":{"start":{"line":11,"column":4},"end":{"line":11,"column":38}},"5":{"start":{"line":7,"column":13},"end":{"line":13,"column":null}},"6":{"start":{"line":7,"column":13},"end":{"line":7,"column":36}}},"fnMap":{"0":{"name":"(anonymous_2)","decl":{"start":{"line":8,"column":2},"end":{"line":8,"column":22}},"loc":{"start":{"line":8,"column":47},"end":{"line":8,"column":51}}},"1":{"name":"(anonymous_3)","decl":{"start":{"line":10,"column":2},"end":{"line":10,"column":7}},"loc":{"start":{"line":10,"column":16},"end":{"line":12,"column":3}}}},"branchMap":{},"s":{"0":1,"1":1,"2":1,"3":1,"4":1,"5":1,"6":1},"f":{"0":1,"1":1},"b":{}}
,"C:\\Users\\duber.galvis\\Documents\\Ceiba-DeliverChefcito\\node-nestjs-arquitectura-hexagonal\\src\\aplicacion\\reunion\\comando\\registrar-reunion.comando.ts": {"path":"C:\\Users\\duber.galvis\\Documents\\Ceiba-DeliverChefcito\\node-nestjs-arquitectura-hexagonal\\src\\aplicacion\\reunion\\comando\\registrar-reunion.comando.ts","statementMap":{"0":{"start":{"line":1,"column":0},"end":{"line":1,"column":46}},"1":{"start":{"line":2,"column":0},"end":{"line":2,"column":53}},"2":{"start":{"line":7,"column":4},"end":{"line":7,"column":null}},"3":{"start":{"line":11,"column":4},"end":{"line":11,"column":null}},"4":{"start":{"line":4,"column":0},"end":{"line":4,"column":13}}},"fnMap":{},"branchMap":{},"s":{"0":1,"1":1,"2":1,"3":1,"4":1},"f":{},"b":{}}
,"C:\\Users\\duber.galvis\\Documents\\Ceiba-DeliverChefcito\\node-nestjs-arquitectura-hexagonal\\src\\aplicacion\\reunion\\comando\\registrar-reunion.manejador.ts": {"path":"C:\\Users\\duber.galvis\\Documents\\Ceiba-DeliverChefcito\\node-nestjs-arquitectura-hexagonal\\src\\aplicacion\\reunion\\comando\\registrar-reunion.manejador.ts","statementMap":{"0":{"start":{"line":1,"column":0},"end":{"line":1,"column":44}},"1":{"start":{"line":2,"column":0},"end":{"line":2,"column":61}},"2":{"start":{"line":3,"column":0},"end":{"line":3,"column":99}},"3":{"start":{"line":7,"column":0},"end":{"line":18,"column":null}},"4":{"start":{"line":8,"column":24},"end":{"line":8,"column":51}},"5":{"start":{"line":11,"column":8},"end":{"line":16,"column":10}},"6":{"start":{"line":7,"column":13},"end":{"line":18,"column":null}},"7":{"start":{"line":7,"column":13},"end":{"line":7,"column":38}}},"fnMap":{"0":{"name":"(anonymous_2)","decl":{"start":{"line":8,"column":4},"end":{"line":8,"column":24}},"loc":{"start":{"line":8,"column":75},"end":{"line":8,"column":79}}},"1":{"name":"(anonymous_3)","decl":{"start":{"line":10,"column":4},"end":{"line":10,"column":9}},"loc":{"start":{"line":10,"column":67},"end":{"line":17,"column":5}}}},"branchMap":{},"s":{"0":1,"1":1,"2":1,"3":1,"4":1,"5":1,"6":1,"7":1},"f":{"0":1,"1":1},"b":{}}
,"C:\\Users\\duber.galvis\\Documents\\Ceiba-DeliverChefcito\\node-nestjs-arquitectura-hexagonal\\src\\aplicacion\\reunion\\consulta\\consulta-reunion.manejador.ts": {"path":"C:\\Users\\duber.galvis\\Documents\\Ceiba-DeliverChefcito\\node-nestjs-arquitectura-hexagonal\\src\\aplicacion\\reunion\\consulta\\consulta-reunion.manejador.ts","statementMap":{"0":{"start":{"line":1,"column":0},"end":{"line":1,"column":44}},"1":{"start":{"line":3,"column":0},"end":{"line":3,"column":72}},"2":{"start":{"line":7,"column":0},"end":{"line":13,"column":null}},"3":{"start":{"line":8,"column":24},"end":{"line":8,"column":37}},"4":{"start":{"line":11,"column":8},"end":{"line":11,"column":48}},"5":{"start":{"line":7,"column":13},"end":{"line":13,"column":null}},"6":{"start":{"line":7,"column":13},"end":{"line":7,"column":38}}},"fnMap":{"0":{"name":"(anonymous_2)","decl":{"start":{"line":8,"column":4},"end":{"line":8,"column":24}},"loc":{"start":{"line":8,"column":47},"end":{"line":8,"column":51}}},"1":{"name":"(anonymous_3)","decl":{"start":{"line":10,"column":4},"end":{"line":10,"column":9}},"loc":{"start":{"line":10,"column":31},"end":{"line":12,"column":5}}}},"branchMap":{},"s":{"0":1,"1":1,"2":1,"3":1,"4":1,"5":1,"6":1},"f":{"0":1,"1":1},"b":{}}
,"C:\\Users\\duber.galvis\\Documents\\Ceiba-DeliverChefcito\\node-nestjs-arquitectura-hexagonal\\src\\aplicacion\\reunion\\consulta\\listar-reunion-manejador.ts": {"path":"C:\\Users\\duber.galvis\\Documents\\Ceiba-DeliverChefcito\\node-nestjs-arquitectura-hexagonal\\src\\aplicacion\\reunion\\consulta\\listar-reunion-manejador.ts","statementMap":{"0":{"start":{"line":1,"column":0},"end":{"line":1,"column":44}},"1":{"start":{"line":3,"column":0},"end":{"line":3,"column":72}},"2":{"start":{"line":7,"column":0},"end":{"line":13,"column":null}},"3":{"start":{"line":8,"column":24},"end":{"line":8,"column":37}},"4":{"start":{"line":11,"column":8},"end":{"line":11,"column":50}},"5":{"start":{"line":7,"column":13},"end":{"line":13,"column":null}},"6":{"start":{"line":7,"column":13},"end":{"line":7,"column":37}}},"fnMap":{"0":{"name":"(anonymous_2)","decl":{"start":{"line":8,"column":4},"end":{"line":8,"column":24}},"loc":{"start":{"line":8,"column":47},"end":{"line":8,"column":51}}},"1":{"name":"(anonymous_3)","decl":{"start":{"line":10,"column":4},"end":{"line":10,"column":9}},"loc":{"start":{"line":10,"column":18},"end":{"line":12,"column":5}}}},"branchMap":{},"s":{"0":1,"1":1,"2":1,"3":1,"4":1,"5":1,"6":1},"f":{"0":1,"1":1},"b":{}}
,"C:\\Users\\duber.galvis\\Documents\\Ceiba-DeliverChefcito\\node-nestjs-arquitectura-hexagonal\\src\\aplicacion\\usuario\\cambio\\cambiar-usuario.manejador.ts": {"path":"C:\\Users\\duber.galvis\\Documents\\Ceiba-DeliverChefcito\\node-nestjs-arquitectura-hexagonal\\src\\aplicacion\\usuario\\cambio\\cambiar-usuario.manejador.ts","statementMap":{"0":{"start":{"line":1,"column":0},"end":{"line":1,"column":44}},"1":{"start":{"line":3,"column":0},"end":{"line":3,"column":72}},"2":{"start":{"line":6,"column":0},"end":{"line":12,"column":null}},"3":{"start":{"line":7,"column":24},"end":{"line":7,"column":37}},"4":{"start":{"line":10,"column":8},"end":{"line":10,"column":73}},"5":{"start":{"line":6,"column":13},"end":{"line":12,"column":null}},"6":{"start":{"line":6,"column":13},"end":{"line":6,"column":36}}},"fnMap":{"0":{"name":"(anonymous_2)","decl":{"start":{"line":7,"column":4},"end":{"line":7,"column":24}},"loc":{"start":{"line":7,"column":47},"end":{"line":7,"column":50}}},"1":{"name":"(anonymous_3)","decl":{"start":{"line":9,"column":4},"end":{"line":9,"column":9}},"loc":{"start":{"line":9,"column":52},"end":{"line":11,"column":5}}}},"branchMap":{},"s":{"0":1,"1":1,"2":1,"3":1,"4":1,"5":1,"6":1},"f":{"0":1,"1":1},"b":{}}
,"C:\\Users\\duber.galvis\\Documents\\Ceiba-DeliverChefcito\\node-nestjs-arquitectura-hexagonal\\src\\aplicacion\\usuario\\cambio\\eliminar-usuario.manejador.ts": {"path":"C:\\Users\\duber.galvis\\Documents\\Ceiba-DeliverChefcito\\node-nestjs-arquitectura-hexagonal\\src\\aplicacion\\usuario\\cambio\\eliminar-usuario.manejador.ts","statementMap":{"0":{"start":{"line":1,"column":0},"end":{"line":1,"column":44}},"1":{"start":{"line":3,"column":0},"end":{"line":3,"column":72}},"2":{"start":{"line":6,"column":0},"end":{"line":12,"column":null}},"3":{"start":{"line":7,"column":24},"end":{"line":7,"column":37}},"4":{"start":{"line":10,"column":8},"end":{"line":10,"column":49}},"5":{"start":{"line":6,"column":13},"end":{"line":12,"column":null}},"6":{"start":{"line":6,"column":13},"end":{"line":6,"column":37}}},"fnMap":{"0":{"name":"(anonymous_2)","decl":{"start":{"line":7,"column":4},"end":{"line":7,"column":24}},"loc":{"start":{"line":7,"column":47},"end":{"line":7,"column":51}}},"1":{"name":"(anonymous_3)","decl":{"start":{"line":9,"column":4},"end":{"line":9,"column":9}},"loc":{"start":{"line":9,"column":33},"end":{"line":11,"column":5}}}},"branchMap":{},"s":{"0":1,"1":1,"2":1,"3":1,"4":1,"5":1,"6":1},"f":{"0":1,"1":1},"b":{}}
,"C:\\Users\\duber.galvis\\Documents\\Ceiba-DeliverChefcito\\node-nestjs-arquitectura-hexagonal\\src\\aplicacion\\usuario\\comando\\cambiar-usuario.comando.ts": {"path":"C:\\Users\\duber.galvis\\Documents\\Ceiba-DeliverChefcito\\node-nestjs-arquitectura-hexagonal\\src\\aplicacion\\usuario\\comando\\cambiar-usuario.comando.ts","statementMap":{"0":{"start":{"line":1,"column":0},"end":{"line":1,"column":46}},"1":{"start":{"line":2,"column":0},"end":{"line":2,"column":43}},"2":{"start":{"line":7,"column":4},"end":{"line":7,"column":null}},"3":{"start":{"line":11,"column":4},"end":{"line":11,"column":null}},"4":{"start":{"line":15,"column":4},"end":{"line":15,"column":null}},"5":{"start":{"line":4,"column":0},"end":{"line":4,"column":13}}},"fnMap":{},"branchMap":{},"s":{"0":1,"1":1,"2":1,"3":1,"4":1,"5":1},"f":{},"b":{}}
,"C:\\Users\\duber.galvis\\Documents\\Ceiba-DeliverChefcito\\node-nestjs-arquitectura-hexagonal\\src\\aplicacion\\usuario\\comando\\consultar-usuario.comando.ts": {"path":"C:\\Users\\duber.galvis\\Documents\\Ceiba-DeliverChefcito\\node-nestjs-arquitectura-hexagonal\\src\\aplicacion\\usuario\\comando\\consultar-usuario.comando.ts","statementMap":{"0":{"start":{"line":1,"column":0},"end":{"line":1,"column":46}},"1":{"start":{"line":2,"column":0},"end":{"line":2,"column":43}},"2":{"start":{"line":7,"column":4},"end":{"line":7,"column":null}},"3":{"start":{"line":11,"column":4},"end":{"line":11,"column":null}},"4":{"start":{"line":4,"column":0},"end":{"line":4,"column":13}}},"fnMap":{},"branchMap":{},"s":{"0":1,"1":1,"2":1,"3":1,"4":1},"f":{},"b":{}}
,"C:\\Users\\duber.galvis\\Documents\\Ceiba-DeliverChefcito\\node-nestjs-arquitectura-hexagonal\\src\\aplicacion\\usuario\\comando\\registar-usuario.manejador.ts": {"path":"C:\\Users\\duber.galvis\\Documents\\Ceiba-DeliverChefcito\\node-nestjs-arquitectura-hexagonal\\src\\aplicacion\\usuario\\comando\\registar-usuario.manejador.ts","statementMap":{"0":{"start":{"line":1,"column":0},"end":{"line":1,"column":44}},"1":{"start":{"line":2,"column":0},"end":{"line":2,"column":99}},"2":{"start":{"line":4,"column":0},"end":{"line":4,"column":61}},"3":{"start":{"line":7,"column":0},"end":{"line":19,"column":null}},"4":{"start":{"line":8,"column":22},"end":{"line":8,"column":49}},"5":{"start":{"line":11,"column":4},"end":{"line":17,"column":6}},"6":{"start":{"line":7,"column":13},"end":{"line":19,"column":null}},"7":{"start":{"line":7,"column":13},"end":{"line":7,"column":38}}},"fnMap":{"0":{"name":"(anonymous_2)","decl":{"start":{"line":8,"column":2},"end":{"line":8,"column":22}},"loc":{"start":{"line":8,"column":73},"end":{"line":8,"column":77}}},"1":{"name":"(anonymous_3)","decl":{"start":{"line":10,"column":2},"end":{"line":10,"column":7}},"loc":{"start":{"line":10,"column":65},"end":{"line":18,"column":3}}}},"branchMap":{},"s":{"0":1,"1":1,"2":1,"3":1,"4":1,"5":3,"6":1,"7":1},"f":{"0":1,"1":3},"b":{}}
,"C:\\Users\\duber.galvis\\Documents\\Ceiba-DeliverChefcito\\node-nestjs-arquitectura-hexagonal\\src\\aplicacion\\usuario\\comando\\registrar-usuario.comando.ts": {"path":"C:\\Users\\duber.galvis\\Documents\\Ceiba-DeliverChefcito\\node-nestjs-arquitectura-hexagonal\\src\\aplicacion\\usuario\\comando\\registrar-usuario.comando.ts","statementMap":{"0":{"start":{"line":1,"column":0},"end":{"line":1,"column":57}},"1":{"start":{"line":2,"column":0},"end":{"line":2,"column":46}},"2":{"start":{"line":7,"column":2},"end":{"line":7,"column":null}},"3":{"start":{"line":11,"column":2},"end":{"line":11,"column":null}},"4":{"start":{"line":15,"column":2},"end":{"line":15,"column":null}},"5":{"start":{"line":4,"column":0},"end":{"line":4,"column":13}}},"fnMap":{},"branchMap":{},"s":{"0":1,"1":1,"2":1,"3":1,"4":1,"5":1},"f":{},"b":{}}
,"C:\\Users\\duber.galvis\\Documents\\Ceiba-DeliverChefcito\\node-nestjs-arquitectura-hexagonal\\src\\aplicacion\\usuario\\consulta\\consultar-usuario.manejador.ts": {"path":"C:\\Users\\duber.galvis\\Documents\\Ceiba-DeliverChefcito\\node-nestjs-arquitectura-hexagonal\\src\\aplicacion\\usuario\\consulta\\consultar-usuario.manejador.ts","statementMap":{"0":{"start":{"line":1,"column":0},"end":{"line":1,"column":44}},"1":{"start":{"line":3,"column":0},"end":{"line":3,"column":72}},"2":{"start":{"line":7,"column":0},"end":{"line":13,"column":null}},"3":{"start":{"line":8,"column":24},"end":{"line":8,"column":37}},"4":{"start":{"line":11,"column":8},"end":{"line":11,"column":57}},"5":{"start":{"line":7,"column":13},"end":{"line":13,"column":null}},"6":{"start":{"line":7,"column":13},"end":{"line":7,"column":38}}},"fnMap":{"0":{"name":"(anonymous_2)","decl":{"start":{"line":8,"column":4},"end":{"line":8,"column":24}},"loc":{"start":{"line":8,"column":47},"end":{"line":8,"column":50}}},"1":{"name":"(anonymous_3)","decl":{"start":{"line":10,"column":4},"end":{"line":10,"column":9}},"loc":{"start":{"line":10,"column":36},"end":{"line":12,"column":5}}}},"branchMap":{},"s":{"0":1,"1":1,"2":1,"3":1,"4":1,"5":1,"6":1},"f":{"0":1,"1":1},"b":{}}
,"C:\\Users\\duber.galvis\\Documents\\Ceiba-DeliverChefcito\\node-nestjs-arquitectura-hexagonal\\src\\dominio\\errores\\error-de-negocio.ts": {"path":"C:\\Users\\duber.galvis\\Documents\\Ceiba-DeliverChefcito\\node-nestjs-arquitectura-hexagonal\\src\\dominio\\errores\\error-de-negocio.ts","statementMap":{"0":{"start":{"line":3,"column":4},"end":{"line":3,"column":19}},"1":{"start":{"line":4,"column":4},"end":{"line":4,"column":45}},"2":{"start":{"line":1,"column":0},"end":{"line":1,"column":13}}},"fnMap":{"0":{"name":"(anonymous_0)","decl":{"start":{"line":2,"column":2},"end":{"line":2,"column":14}},"loc":{"start":{"line":2,"column":45},"end":{"line":5,"column":3}}}},"branchMap":{"0":{"loc":{"start":{"line":4,"column":16},"end":{"line":4,"column":21}},"type":"binary-expr","locations":[{"start":{"line":4,"column":16},"end":{"line":4,"column":21}},{"start":{"line":4,"column":25},"end":{"line":4,"column":44}}]}},"s":{"0":42,"1":42,"2":12},"f":{"0":42},"b":{"0":[42,5]}}
,"C:\\Users\\duber.galvis\\Documents\\Ceiba-DeliverChefcito\\node-nestjs-arquitectura-hexagonal\\src\\dominio\\errores\\error-longitud-invalida.ts": {"path":"C:\\Users\\duber.galvis\\Documents\\Ceiba-DeliverChefcito\\node-nestjs-arquitectura-hexagonal\\src\\dominio\\errores\\error-longitud-invalida.ts","statementMap":{"0":{"start":{"line":1,"column":0},"end":{"line":1,"column":52}},"1":{"start":{"line":5,"column":4},"end":{"line":5,"column":47}},"2":{"start":{"line":3,"column":0},"end":{"line":3,"column":13}}},"fnMap":{"0":{"name":"(anonymous_0)","decl":{"start":{"line":4,"column":2},"end":{"line":4,"column":14}},"loc":{"start":{"line":4,"column":29},"end":{"line":6,"column":3}}}},"branchMap":{},"s":{"0":9,"1":6,"2":9},"f":{"0":6},"b":{}}
,"C:\\Users\\duber.galvis\\Documents\\Ceiba-DeliverChefcito\\node-nestjs-arquitectura-hexagonal\\src\\dominio\\errores\\error-valor-requerido.ts": {"path":"C:\\Users\\duber.galvis\\Documents\\Ceiba-DeliverChefcito\\node-nestjs-arquitectura-hexagonal\\src\\dominio\\errores\\error-valor-requerido.ts","statementMap":{"0":{"start":{"line":1,"column":0},"end":{"line":1,"column":52}},"1":{"start":{"line":5,"column":4},"end":{"line":5,"column":45}},"2":{"start":{"line":3,"column":0},"end":{"line":3,"column":13}}},"fnMap":{"0":{"name":"(anonymous_0)","decl":{"start":{"line":4,"column":2},"end":{"line":4,"column":14}},"loc":{"start":{"line":4,"column":29},"end":{"line":6,"column":3}}}},"branchMap":{},"s":{"0":12,"1":18,"2":12},"f":{"0":18},"b":{}}
,"C:\\Users\\duber.galvis\\Documents\\Ceiba-DeliverChefcito\\node-nestjs-arquitectura-hexagonal\\src\\dominio\\errores\\pedido\\error-hora-de-servicio.ts": {"path":"C:\\Users\\duber.galvis\\Documents\\Ceiba-DeliverChefcito\\node-nestjs-arquitectura-hexagonal\\src\\dominio\\errores\\pedido\\error-hora-de-servicio.ts","statementMap":{"0":{"start":{"line":1,"column":0},"end":{"line":1,"column":53}},"1":{"start":{"line":5,"column":8},"end":{"line":5,"column":49}},"2":{"start":{"line":3,"column":0},"end":{"line":3,"column":13}}},"fnMap":{"0":{"name":"(anonymous_0)","decl":{"start":{"line":4,"column":4},"end":{"line":4,"column":16}},"loc":{"start":{"line":4,"column":31},"end":{"line":6,"column":5}}}},"branchMap":{},"s":{"0":3,"1":2,"2":3},"f":{"0":2},"b":{}}
,"C:\\Users\\duber.galvis\\Documents\\Ceiba-DeliverChefcito\\node-nestjs-arquitectura-hexagonal\\src\\dominio\\errores\\pedido\\error-lunes-no-festivo.ts": {"path":"C:\\Users\\duber.galvis\\Documents\\Ceiba-DeliverChefcito\\node-nestjs-arquitectura-hexagonal\\src\\dominio\\errores\\pedido\\error-lunes-no-festivo.ts","statementMap":{"0":{"start":{"line":1,"column":0},"end":{"line":1,"column":53}},"1":{"start":{"line":5,"column":8},"end":{"line":5,"column":49}},"2":{"start":{"line":3,"column":0},"end":{"line":3,"column":13}}},"fnMap":{"0":{"name":"(anonymous_0)","decl":{"start":{"line":4,"column":4},"end":{"line":4,"column":16}},"loc":{"start":{"line":4,"column":31},"end":{"line":6,"column":5}}}},"branchMap":{},"s":{"0":3,"1":2,"2":3},"f":{"0":2},"b":{}}
,"C:\\Users\\duber.galvis\\Documents\\Ceiba-DeliverChefcito\\node-nestjs-arquitectura-hexagonal\\src\\dominio\\errores\\pedido\\error-no-hay-producto.ts": {"path":"C:\\Users\\duber.galvis\\Documents\\Ceiba-DeliverChefcito\\node-nestjs-arquitectura-hexagonal\\src\\dominio\\errores\\pedido\\error-no-hay-producto.ts","statementMap":{"0":{"start":{"line":1,"column":0},"end":{"line":1,"column":53}},"1":{"start":{"line":5,"column":8},"end":{"line":5,"column":48}},"2":{"start":{"line":3,"column":0},"end":{"line":3,"column":13}}},"fnMap":{"0":{"name":"(anonymous_0)","decl":{"start":{"line":4,"column":4},"end":{"line":4,"column":16}},"loc":{"start":{"line":4,"column":31},"end":{"line":6,"column":5}}}},"branchMap":{},"s":{"0":3,"1":2,"2":3},"f":{"0":2},"b":{}}
,"C:\\Users\\duber.galvis\\Documents\\Ceiba-DeliverChefcito\\node-nestjs-arquitectura-hexagonal\\src\\dominio\\errores\\pedido\\error-no-hay-reunion.ts": {"path":"C:\\Users\\duber.galvis\\Documents\\Ceiba-DeliverChefcito\\node-nestjs-arquitectura-hexagonal\\src\\dominio\\errores\\pedido\\error-no-hay-reunion.ts","statementMap":{"0":{"start":{"line":1,"column":0},"end":{"line":1,"column":53}},"1":{"start":{"line":5,"column":8},"end":{"line":5,"column":47}},"2":{"start":{"line":3,"column":0},"end":{"line":3,"column":13}}},"fnMap":{"0":{"name":"(anonymous_0)","decl":{"start":{"line":4,"column":4},"end":{"line":4,"column":16}},"loc":{"start":{"line":4,"column":31},"end":{"line":6,"column":5}}}},"branchMap":{},"s":{"0":3,"1":2,"2":3},"f":{"0":2},"b":{}}
,"C:\\Users\\duber.galvis\\Documents\\Ceiba-DeliverChefcito\\node-nestjs-arquitectura-hexagonal\\src\\dominio\\errores\\pedido\\error-no-hay-usuario.ts": {"path":"C:\\Users\\duber.galvis\\Documents\\Ceiba-DeliverChefcito\\node-nestjs-arquitectura-hexagonal\\src\\dominio\\errores\\pedido\\error-no-hay-usuario.ts","statementMap":{"0":{"start":{"line":1,"column":0},"end":{"line":1,"column":53}},"1":{"start":{"line":5,"column":8},"end":{"line":5,"column":47}},"2":{"start":{"line":3,"column":0},"end":{"line":3,"column":13}}},"fnMap":{"0":{"name":"(anonymous_0)","decl":{"start":{"line":4,"column":4},"end":{"line":4,"column":16}},"loc":{"start":{"line":4,"column":31},"end":{"line":6,"column":5}}}},"branchMap":{},"s":{"0":3,"1":2,"2":3},"f":{"0":2},"b":{}}
,"C:\\Users\\duber.galvis\\Documents\\Ceiba-DeliverChefcito\\node-nestjs-arquitectura-hexagonal\\src\\dominio\\errores\\reunion\\error-tipo-incorrecto.ts": {"path":"C:\\Users\\duber.galvis\\Documents\\Ceiba-DeliverChefcito\\node-nestjs-arquitectura-hexagonal\\src\\dominio\\errores\\reunion\\error-tipo-incorrecto.ts","statementMap":{"0":{"start":{"line":1,"column":0},"end":{"line":1,"column":53}},"1":{"start":{"line":5,"column":8},"end":{"line":5,"column":49}},"2":{"start":{"line":3,"column":0},"end":{"line":3,"column":13}}},"fnMap":{"0":{"name":"(anonymous_0)","decl":{"start":{"line":4,"column":4},"end":{"line":4,"column":16}},"loc":{"start":{"line":4,"column":31},"end":{"line":6,"column":5}}}},"branchMap":{},"s":{"0":6,"1":3,"2":6},"f":{"0":3},"b":{}}
,"C:\\Users\\duber.galvis\\Documents\\Ceiba-DeliverChefcito\\node-nestjs-arquitectura-hexagonal\\src\\dominio\\pedido\\modelo\\pedido.ts": {"path":"C:\\Users\\duber.galvis\\Documents\\Ceiba-DeliverChefcito\\node-nestjs-arquitectura-hexagonal\\src\\dominio\\pedido\\modelo\\pedido.ts","statementMap":{"0":{"start":{"line":2,"column":0},"end":{"line":2,"column":80}},"1":{"start":{"line":3,"column":0},"end":{"line":3,"column":88}},"2":{"start":{"line":4,"column":0},"end":{"line":4,"column":88}},"3":{"start":{"line":5,"column":0},"end":{"line":5,"column":86}},"4":{"start":{"line":6,"column":0},"end":{"line":6,"column":84}},"5":{"start":{"line":7,"column":0},"end":{"line":7,"column":84}},"6":{"start":{"line":12,"column":22},"end":{"line":12,"column":37}},"7":{"start":{"line":15,"column":2},"end":{"line":15,"column":29}},"8":{"start":{"line":16,"column":2},"end":{"line":16,"column":31}},"9":{"start":{"line":17,"column":2},"end":{"line":17,"column":29}},"10":{"start":{"line":18,"column":2},"end":{"line":18,"column":35}},"11":{"start":{"line":19,"column":2},"end":{"line":19,"column":27}},"12":{"start":{"line":20,"column":2},"end":{"line":20,"column":30}},"13":{"start":{"line":21,"column":2},"end":{"line":21,"column":31}},"14":{"start":{"line":22,"column":2},"end":{"line":22,"column":36}},"15":{"start":{"line":27,"column":4},"end":{"line":27,"column":36}},"16":{"start":{"line":28,"column":4},"end":{"line":28,"column":38}},"17":{"start":{"line":29,"column":4},"end":{"line":29,"column":36}},"18":{"start":{"line":30,"column":4},"end":{"line":30,"column":51}},"19":{"start":{"line":31,"column":4},"end":{"line":31,"column":55}},"20":{"start":{"line":32,"column":4},"end":{"line":32,"column":49}},"21":{"start":{"line":33,"column":4},"end":{"line":33,"column":48}},"22":{"start":{"line":34,"column":4},"end":{"line":34,"column":28}},"23":{"start":{"line":35,"column":4},"end":{"line":35,"column":30}},"24":{"start":{"line":36,"column":4},"end":{"line":36,"column":28}},"25":{"start":{"line":37,"column":4},"end":{"line":37,"column":56}},"26":{"start":{"line":38,"column":4},"end":{"line":38,"column":33}},"27":{"start":{"line":39,"column":4},"end":{"line":39,"column":32}},"28":{"start":{"line":40,"column":4},"end":{"line":40,"column":34}},"29":{"start":{"line":41,"column":4},"end":{"line":41,"column":44}},"30":{"start":{"line":46,"column":4},"end":{"line":50,"column":null}},"31":{"start":{"line":47,"column":6},"end":{"line":49,"column":8}},"32":{"start":{"line":55,"column":4},"end":{"line":59,"column":null}},"33":{"start":{"line":56,"column":6},"end":{"line":58,"column":8}},"34":{"start":{"line":63,"column":18},"end":{"line":63,"column":19}},"35":{"start":{"line":65,"column":4},"end":{"line":65,"column":66}},"36":{"start":{"line":67,"column":14},"end":{"line":67,"column":49}},"37":{"start":{"line":68,"column":4},"end":{"line":72,"column":null}},"38":{"start":{"line":69,"column":6},"end":{"line":71,"column":8}},"39":{"start":{"line":76,"column":17},"end":{"line":76,"column":18}},"40":{"start":{"line":77,"column":19},"end":{"line":77,"column":20}},"41":{"start":{"line":79,"column":4},"end":{"line":79,"column":66}},"42":{"start":{"line":81,"column":4},"end":{"line":85,"column":null}},"43":{"start":{"line":82,"column":6},"end":{"line":84,"column":8}},"44":{"start":{"line":89,"column":4},"end":{"line":93,"column":null}},"45":{"start":{"line":90,"column":6},"end":{"line":92,"column":8}},"46":{"start":{"line":97,"column":4},"end":{"line":101,"column":null}},"47":{"start":{"line":98,"column":6},"end":{"line":100,"column":8}},"48":{"start":{"line":105,"column":4},"end":{"line":109,"column":null}},"49":{"start":{"line":106,"column":6},"end":{"line":108,"column":8}},"50":{"start":{"line":113,"column":4},"end":{"line":113,"column":25}},"51":{"start":{"line":117,"column":4},"end":{"line":117,"column":26}},"52":{"start":{"line":121,"column":4},"end":{"line":121,"column":25}},"53":{"start":{"line":125,"column":4},"end":{"line":125,"column":34}},"54":{"start":{"line":129,"column":4},"end":{"line":129,"column":24}},"55":{"start":{"line":133,"column":4},"end":{"line":133,"column":27}},"56":{"start":{"line":137,"column":4},"end":{"line":137,"column":28}},"57":{"start":{"line":141,"column":4},"end":{"line":141,"column":33}},"58":{"start":{"line":14,"column":0},"end":{"line":14,"column":13}}},"fnMap":{"0":{"name":"(anonymous_2)","decl":{"start":{"line":26,"column":2},"end":{"line":26,"column":14}},"loc":{"start":{"line":26,"column":158},"end":{"line":42,"column":3}}},"1":{"name":"(anonymous_3)","decl":{"start":{"line":44,"column":10},"end":{"line":44,"column":27}},"loc":{"start":{"line":44,"column":69},"end":{"line":51,"column":3}}},"2":{"name":"(anonymous_4)","decl":{"start":{"line":53,"column":10},"end":{"line":53,"column":28}},"loc":{"start":{"line":53,"column":73},"end":{"line":60,"column":3}}},"3":{"name":"(anonymous_5)","decl":{"start":{"line":62,"column":10},"end":{"line":62,"column":31}},"loc":{"start":{"line":62,"column":56},"end":{"line":73,"column":3}}},"4":{"name":"(anonymous_6)","decl":{"start":{"line":75,"column":10},"end":{"line":75,"column":31}},"loc":{"start":{"line":75,"column":55},"end":{"line":86,"column":3}}},"5":{"name":"(anonymous_7)","decl":{"start":{"line":88,"column":10},"end":{"line":88,"column":27}},"loc":{"start":{"line":88,"column":44},"end":{"line":94,"column":3}}},"6":{"name":"(anonymous_8)","decl":{"start":{"line":96,"column":10},"end":{"line":96,"column":28}},"loc":{"start":{"line":96,"column":47},"end":{"line":102,"column":3}}},"7":{"name":"(anonymous_9)","decl":{"start":{"line":104,"column":10},"end":{"line":104,"column":27}},"loc":{"start":{"line":104,"column":44},"end":{"line":110,"column":3}}},"8":{"name":"(anonymous_10)","decl":{"start":{"line":112,"column":2},"end":{"line":112,"column":6}},"loc":{"start":{"line":112,"column":13},"end":{"line":114,"column":3}}},"9":{"name":"(anonymous_11)","decl":{"start":{"line":116,"column":2},"end":{"line":116,"column":6}},"loc":{"start":{"line":116,"column":14},"end":{"line":118,"column":3}}},"10":{"name":"(anonymous_12)","decl":{"start":{"line":120,"column":2},"end":{"line":120,"column":6}},"loc":{"start":{"line":120,"column":13},"end":{"line":122,"column":3}}},"11":{"name":"(anonymous_13)","decl":{"start":{"line":124,"column":2},"end":{"line":124,"column":6}},"loc":{"start":{"line":124,"column":22},"end":{"line":126,"column":3}}},"12":{"name":"(anonymous_14)","decl":{"start":{"line":128,"column":2},"end":{"line":128,"column":6}},"loc":{"start":{"line":128,"column":12},"end":{"line":130,"column":3}}},"13":{"name":"(anonymous_15)","decl":{"start":{"line":132,"column":2},"end":{"line":132,"column":6}},"loc":{"start":{"line":132,"column":15},"end":{"line":134,"column":3}}},"14":{"name":"(anonymous_16)","decl":{"start":{"line":136,"column":2},"end":{"line":136,"column":6}},"loc":{"start":{"line":136,"column":16},"end":{"line":138,"column":3}}},"15":{"name":"(anonymous_17)","decl":{"start":{"line":140,"column":2},"end":{"line":140,"column":6}},"loc":{"start":{"line":140,"column":21},"end":{"line":142,"column":3}}}},"branchMap":{"0":{"loc":{"start":{"line":46,"column":4},"end":{"line":50,"column":null}},"type":"if","locations":[{"start":{"line":46,"column":4},"end":{"line":50,"column":null}},{"start":{"line":46,"column":4},"end":{"line":50,"column":null}}]},"1":{"loc":{"start":{"line":55,"column":4},"end":{"line":59,"column":null}},"type":"if","locations":[{"start":{"line":55,"column":4},"end":{"line":59,"column":null}},{"start":{"line":55,"column":4},"end":{"line":59,"column":null}}]},"2":{"loc":{"start":{"line":68,"column":4},"end":{"line":72,"column":null}},"type":"if","locations":[{"start":{"line":68,"column":4},"end":{"line":72,"column":null}},{"start":{"line":68,"column":4},"end":{"line":72,"column":null}}]},"3":{"loc":{"start":{"line":81,"column":4},"end":{"line":85,"column":null}},"type":"if","locations":[{"start":{"line":81,"column":4},"end":{"line":85,"column":null}},{"start":{"line":81,"column":4},"end":{"line":85,"column":null}}]},"4":{"loc":{"start":{"line":81,"column":8},"end":{"line":81,"column":30}},"type":"binary-expr","locations":[{"start":{"line":81,"column":8},"end":{"line":81,"column":30}},{"start":{"line":81,"column":34},"end":{"line":81,"column":58}}]},"5":{"loc":{"start":{"line":89,"column":4},"end":{"line":93,"column":null}},"type":"if","locations":[{"start":{"line":89,"column":4},"end":{"line":93,"column":null}},{"start":{"line":89,"column":4},"end":{"line":93,"column":null}}]},"6":{"loc":{"start":{"line":97,"column":4},"end":{"line":101,"column":null}},"type":"if","locations":[{"start":{"line":97,"column":4},"end":{"line":101,"column":null}},{"start":{"line":97,"column":4},"end":{"line":101,"column":null}}]},"7":{"loc":{"start":{"line":105,"column":4},"end":{"line":109,"column":null}},"type":"if","locations":[{"start":{"line":105,"column":4},"end":{"line":109,"column":null}},{"start":{"line":105,"column":4},"end":{"line":109,"column":null}}]}},"s":{"0":3,"1":3,"2":3,"3":3,"4":3,"5":3,"6":3,"7":12,"8":12,"9":12,"10":12,"11":12,"12":12,"13":12,"14":12,"15":12,"16":11,"17":10,"18":9,"19":8,"20":7,"21":5,"22":3,"23":3,"24":3,"25":3,"26":3,"27":3,"28":3,"29":3,"30":16,"31":2,"32":13,"33":2,"34":7,"35":7,"36":6,"37":6,"38":1,"39":5,"40":5,"41":5,"42":4,"43":1,"44":12,"45":1,"46":11,"47":1,"48":10,"49":1,"50":1,"51":1,"52":1,"53":1,"54":1,"55":1,"56":1,"57":1,"58":3},"f":{"0":12,"1":16,"2":13,"3":7,"4":5,"5":12,"6":11,"7":10,"8":1,"9":1,"10":1,"11":1,"12":1,"13":1,"14":1,"15":1},"b":{"0":[2,14],"1":[2,11],"2":[1,5],"3":[1,3],"4":[4,3],"5":[1,11],"6":[1,10],"7":[1,9]}}
,"C:\\Users\\duber.galvis\\Documents\\Ceiba-DeliverChefcito\\node-nestjs-arquitectura-hexagonal\\src\\dominio\\pedido\\puerto\\dao\\dao-pedido.ts": {"path":"C:\\Users\\duber.galvis\\Documents\\Ceiba-DeliverChefcito\\node-nestjs-arquitectura-hexagonal\\src\\dominio\\pedido\\puerto\\dao\\dao-pedido.ts","statementMap":{"0":{"start":{"line":6,"column":0},"end":{"line":6,"column":22}}},"fnMap":{},"branchMap":{},"s":{"0":1},"f":{},"b":{}}
,"C:\\Users\\duber.galvis\\Documents\\Ceiba-DeliverChefcito\\node-nestjs-arquitectura-hexagonal\\src\\dominio\\pedido\\puerto\\repositorio\\repositorio-pedido.ts": {"path":"C:\\Users\\duber.galvis\\Documents\\Ceiba-DeliverChefcito\\node-nestjs-arquitectura-hexagonal\\src\\dominio\\pedido\\puerto\\repositorio\\repositorio-pedido.ts","statementMap":{"0":{"start":{"line":3,"column":0},"end":{"line":3,"column":22}}},"fnMap":{},"branchMap":{},"s":{"0":1},"f":{},"b":{}}
,"C:\\Users\\duber.galvis\\Documents\\Ceiba-DeliverChefcito\\node-nestjs-arquitectura-hexagonal\\src\\dominio\\pedido\\servicio\\servicio-registrar-pedido.ts": {"path":"C:\\Users\\duber.galvis\\Documents\\Ceiba-DeliverChefcito\\node-nestjs-arquitectura-hexagonal\\src\\dominio\\pedido\\servicio\\servicio-registrar-pedido.ts","statementMap":{"0":{"start":{"line":6,"column":31},"end":{"line":6,"column":68}},"1":{"start":{"line":10,"column":4},"end":{"line":10,"column":50}},"2":{"start":{"line":4,"column":0},"end":{"line":4,"column":13}}},"fnMap":{"0":{"name":"(anonymous_0)","decl":{"start":{"line":6,"column":2},"end":{"line":6,"column":31}},"loc":{"start":{"line":6,"column":68},"end":{"line":7,"column":3}}},"1":{"name":"(anonymous_1)","decl":{"start":{"line":9,"column":2},"end":{"line":9,"column":7}},"loc":{"start":{"line":9,"column":31},"end":{"line":11,"column":3}}}},"branchMap":{},"s":{"0":2,"1":2,"2":2},"f":{"0":2,"1":2},"b":{}}
,"C:\\Users\\duber.galvis\\Documents\\Ceiba-DeliverChefcito\\node-nestjs-arquitectura-hexagonal\\src\\dominio\\producto\\modelo\\producto.ts": {"path":"C:\\Users\\duber.galvis\\Documents\\Ceiba-DeliverChefcito\\node-nestjs-arquitectura-hexagonal\\src\\dominio\\producto\\modelo\\producto.ts","statementMap":{"0":{"start":{"line":2,"column":0},"end":{"line":2,"column":80}},"1":{"start":{"line":3,"column":0},"end":{"line":3,"column":84}},"2":{"start":{"line":5,"column":41},"end":{"line":5,"column":44}},"3":{"start":{"line":7,"column":2},"end":{"line":7,"column":27}},"4":{"start":{"line":8,"column":2},"end":{"line":8,"column":27}},"5":{"start":{"line":9,"column":2},"end":{"line":9,"column":28}},"6":{"start":{"line":12,"column":4},"end":{"line":12,"column":39}},"7":{"start":{"line":13,"column":4},"end":{"line":13,"column":31}},"8":{"start":{"line":14,"column":4},"end":{"line":14,"column":31}},"9":{"start":{"line":15,"column":4},"end":{"line":15,"column":26}},"10":{"start":{"line":16,"column":4},"end":{"line":16,"column":26}},"11":{"start":{"line":17,"column":4},"end":{"line":17,"column":28}},"12":{"start":{"line":21,"column":4},"end":{"line":25,"column":null}},"13":{"start":{"line":22,"column":6},"end":{"line":24,"column":8}},"14":{"start":{"line":29,"column":4},"end":{"line":33,"column":null}},"15":{"start":{"line":30,"column":6},"end":{"line":32,"column":8}},"16":{"start":{"line":37,"column":4},"end":{"line":41,"column":null}},"17":{"start":{"line":38,"column":6},"end":{"line":40,"column":8}},"18":{"start":{"line":45,"column":4},"end":{"line":45,"column":24}},"19":{"start":{"line":49,"column":4},"end":{"line":49,"column":24}},"20":{"start":{"line":53,"column":4},"end":{"line":53,"column":25}},"21":{"start":{"line":6,"column":0},"end":{"line":6,"column":13}}},"fnMap":{"0":{"name":"(anonymous_2)","decl":{"start":{"line":11,"column":2},"end":{"line":11,"column":14}},"loc":{"start":{"line":11,"column":61},"end":{"line":18,"column":3}}},"1":{"name":"(anonymous_3)","decl":{"start":{"line":20,"column":10},"end":{"line":20,"column":30}},"loc":{"start":{"line":20,"column":46},"end":{"line":26,"column":3}}},"2":{"name":"(anonymous_4)","decl":{"start":{"line":28,"column":10},"end":{"line":28,"column":23}},"loc":{"start":{"line":28,"column":38},"end":{"line":34,"column":3}}},"3":{"name":"(anonymous_5)","decl":{"start":{"line":36,"column":10},"end":{"line":36,"column":23}},"loc":{"start":{"line":36,"column":38},"end":{"line":42,"column":3}}},"4":{"name":"(anonymous_6)","decl":{"start":{"line":44,"column":2},"end":{"line":44,"column":6}},"loc":{"start":{"line":44,"column":12},"end":{"line":46,"column":3}}},"5":{"name":"(anonymous_7)","decl":{"start":{"line":48,"column":2},"end":{"line":48,"column":6}},"loc":{"start":{"line":48,"column":12},"end":{"line":50,"column":3}}},"6":{"name":"(anonymous_8)","decl":{"start":{"line":52,"column":2},"end":{"line":52,"column":6}},"loc":{"start":{"line":52,"column":13},"end":{"line":54,"column":3}}}},"branchMap":{"0":{"loc":{"start":{"line":21,"column":4},"end":{"line":25,"column":null}},"type":"if","locations":[{"start":{"line":21,"column":4},"end":{"line":25,"column":null}},{"start":{"line":21,"column":4},"end":{"line":25,"column":null}}]},"1":{"loc":{"start":{"line":29,"column":4},"end":{"line":33,"column":null}},"type":"if","locations":[{"start":{"line":29,"column":4},"end":{"line":33,"column":null}},{"start":{"line":29,"column":4},"end":{"line":33,"column":null}}]},"2":{"loc":{"start":{"line":37,"column":4},"end":{"line":41,"column":null}},"type":"if","locations":[{"start":{"line":37,"column":4},"end":{"line":41,"column":null}},{"start":{"line":37,"column":4},"end":{"line":41,"column":null}}]}},"s":{"0":6,"1":6,"2":6,"3":21,"4":21,"5":21,"6":21,"7":19,"8":18,"9":17,"10":17,"11":17,"12":21,"13":2,"14":19,"15":1,"16":18,"17":1,"18":6,"19":1,"20":1,"21":6},"f":{"0":21,"1":21,"2":19,"3":18,"4":6,"5":1,"6":1},"b":{"0":[2,19],"1":[1,18],"2":[1,17]}}
,"C:\\Users\\duber.galvis\\Documents\\Ceiba-DeliverChefcito\\node-nestjs-arquitectura-hexagonal\\src\\dominio\\producto\\puerto\\dao\\dao-producto.ts": {"path":"C:\\Users\\duber.galvis\\Documents\\Ceiba-DeliverChefcito\\node-nestjs-arquitectura-hexagonal\\src\\dominio\\producto\\puerto\\dao\\dao-producto.ts","statementMap":{"0":{"start":{"line":3,"column":0},"end":{"line":3,"column":22}}},"fnMap":{},"branchMap":{},"s":{"0":1},"f":{},"b":{}}
,"C:\\Users\\duber.galvis\\Documents\\Ceiba-DeliverChefcito\\node-nestjs-arquitectura-hexagonal\\src\\dominio\\producto\\puerto\\repositorio\\repositorio-producto.ts": {"path":"C:\\Users\\duber.galvis\\Documents\\Ceiba-DeliverChefcito\\node-nestjs-arquitectura-hexagonal\\src\\dominio\\producto\\puerto\\repositorio\\repositorio-producto.ts","statementMap":{"0":{"start":{"line":3,"column":0},"end":{"line":3,"column":22}}},"fnMap":{},"branchMap":{},"s":{"0":1},"f":{},"b":{}}
,"C:\\Users\\duber.galvis\\Documents\\Ceiba-DeliverChefcito\\node-nestjs-arquitectura-hexagonal\\src\\dominio\\producto\\servicio\\servicio-registrar-producto.ts": {"path":"C:\\Users\\duber.galvis\\Documents\\Ceiba-DeliverChefcito\\node-nestjs-arquitectura-hexagonal\\src\\dominio\\producto\\servicio\\servicio-registrar-producto.ts","statementMap":{"0":{"start":{"line":3,"column":0},"end":{"line":3,"column":70}},"1":{"start":{"line":7,"column":31},"end":{"line":7,"column":72}},"2":{"start":{"line":11,"column":4},"end":{"line":15,"column":null}},"3":{"start":{"line":12,"column":6},"end":{"line":14,"column":8}},"4":{"start":{"line":16,"column":4},"end":{"line":16,"column":54}},"5":{"start":{"line":5,"column":0},"end":{"line":5,"column":13}}},"fnMap":{"0":{"name":"(anonymous_0)","decl":{"start":{"line":7,"column":2},"end":{"line":7,"column":31}},"loc":{"start":{"line":7,"column":72},"end":{"line":8,"column":3}}},"1":{"name":"(anonymous_1)","decl":{"start":{"line":10,"column":2},"end":{"line":10,"column":7}},"loc":{"start":{"line":10,"column":35},"end":{"line":17,"column":3}}}},"branchMap":{"0":{"loc":{"start":{"line":11,"column":4},"end":{"line":15,"column":null}},"type":"if","locations":[{"start":{"line":11,"column":4},"end":{"line":15,"column":null}},{"start":{"line":11,"column":4},"end":{"line":15,"column":null}}]}},"s":{"0":2,"1":3,"2":3,"3":2,"4":1,"5":2},"f":{"0":3,"1":3},"b":{"0":[2,1]}}
,"C:\\Users\\duber.galvis\\Documents\\Ceiba-DeliverChefcito\\node-nestjs-arquitectura-hexagonal\\src\\dominio\\reunion\\modelo\\reunion.ts": {"path":"C:\\Users\\duber.galvis\\Documents\\Ceiba-DeliverChefcito\\node-nestjs-arquitectura-hexagonal\\src\\dominio\\reunion\\modelo\\reunion.ts","statementMap":{"0":{"start":{"line":1,"column":0},"end":{"line":1,"column":80}},"1":{"start":{"line":2,"column":0},"end":{"line":2,"column":88}},"2":{"start":{"line":4,"column":23},"end":{"line":4,"column":70}},"3":{"start":{"line":7,"column":2},"end":{"line":7,"column":25}},"4":{"start":{"line":8,"column":2},"end":{"line":8,"column":27}},"5":{"start":{"line":11,"column":4},"end":{"line":11,"column":34}},"6":{"start":{"line":12,"column":4},"end":{"line":12,"column":31}},"7":{"start":{"line":13,"column":4},"end":{"line":13,"column":22}},"8":{"start":{"line":14,"column":4},"end":{"line":14,"column":26}},"9":{"start":{"line":18,"column":4},"end":{"line":22,"column":null}},"10":{"start":{"line":19,"column":6},"end":{"line":21,"column":8}},"11":{"start":{"line":26,"column":4},"end":{"line":30,"column":null}},"12":{"start":{"line":27,"column":6},"end":{"line":29,"column":8}},"13":{"start":{"line":34,"column":4},"end":{"line":34,"column":22}},"14":{"start":{"line":38,"column":4},"end":{"line":38,"column":24}},"15":{"start":{"line":6,"column":0},"end":{"line":6,"column":13}}},"fnMap":{"0":{"name":"(anonymous_2)","decl":{"start":{"line":10,"column":2},"end":{"line":10,"column":14}},"loc":{"start":{"line":10,"column":42},"end":{"line":15,"column":3}}},"1":{"name":"(anonymous_3)","decl":{"start":{"line":17,"column":10},"end":{"line":17,"column":28}},"loc":{"start":{"line":17,"column":41},"end":{"line":23,"column":3}}},"2":{"name":"(anonymous_4)","decl":{"start":{"line":25,"column":10},"end":{"line":25,"column":23}},"loc":{"start":{"line":25,"column":39},"end":{"line":31,"column":3}}},"3":{"name":"(anonymous_5)","decl":{"start":{"line":33,"column":2},"end":{"line":33,"column":6}},"loc":{"start":{"line":33,"column":10},"end":{"line":35,"column":3}}},"4":{"name":"(anonymous_6)","decl":{"start":{"line":37,"column":2},"end":{"line":37,"column":6}},"loc":{"start":{"line":37,"column":12},"end":{"line":39,"column":3}}}},"branchMap":{"0":{"loc":{"start":{"line":18,"column":4},"end":{"line":22,"column":null}},"type":"if","locations":[{"start":{"line":18,"column":4},"end":{"line":22,"column":null}},{"start":{"line":18,"column":4},"end":{"line":22,"column":null}}]},"1":{"loc":{"start":{"line":26,"column":4},"end":{"line":30,"column":null}},"type":"if","locations":[{"start":{"line":26,"column":4},"end":{"line":30,"column":null}},{"start":{"line":26,"column":4},"end":{"line":30,"column":null}}]}},"s":{"0":6,"1":6,"2":6,"3":19,"4":19,"5":19,"6":17,"7":16,"8":16,"9":19,"10":2,"11":17,"12":1,"13":4,"14":1,"15":6},"f":{"0":19,"1":19,"2":17,"3":4,"4":1},"b":{"0":[2,17],"1":[1,16]}}
,"C:\\Users\\duber.galvis\\Documents\\Ceiba-DeliverChefcito\\node-nestjs-arquitectura-hexagonal\\src\\dominio\\reunion\\puerto\\dao\\dao-reunion.ts": {"path":"C:\\Users\\duber.galvis\\Documents\\Ceiba-DeliverChefcito\\node-nestjs-arquitectura-hexagonal\\src\\dominio\\reunion\\puerto\\dao\\dao-reunion.ts","statementMap":{"0":{"start":{"line":3,"column":0},"end":{"line":3,"column":22}}},"fnMap":{},"branchMap":{},"s":{"0":1},"f":{},"b":{}}
,"C:\\Users\\duber.galvis\\Documents\\Ceiba-DeliverChefcito\\node-nestjs-arquitectura-hexagonal\\src\\dominio\\reunion\\puerto\\repositorio\\repositorio-reunion.ts": {"path":"C:\\Users\\duber.galvis\\Documents\\Ceiba-DeliverChefcito\\node-nestjs-arquitectura-hexagonal\\src\\dominio\\reunion\\puerto\\repositorio\\repositorio-reunion.ts","statementMap":{"0":{"start":{"line":3,"column":0},"end":{"line":3,"column":22}}},"fnMap":{},"branchMap":{},"s":{"0":1},"f":{},"b":{}}
,"C:\\Users\\duber.galvis\\Documents\\Ceiba-DeliverChefcito\\node-nestjs-arquitectura-hexagonal\\src\\dominio\\reunion\\servicio\\servicio-registrar-reunion.ts": {"path":"C:\\Users\\duber.galvis\\Documents\\Ceiba-DeliverChefcito\\node-nestjs-arquitectura-hexagonal\\src\\dominio\\reunion\\servicio\\servicio-registrar-reunion.ts","statementMap":{"0":{"start":{"line":3,"column":0},"end":{"line":3,"column":70}},"1":{"start":{"line":7,"column":31},"end":{"line":7,"column":70}},"2":{"start":{"line":11,"column":4},"end":{"line":15,"column":null}},"3":{"start":{"line":12,"column":6},"end":{"line":14,"column":8}},"4":{"start":{"line":16,"column":4},"end":{"line":16,"column":52}},"5":{"start":{"line":5,"column":0},"end":{"line":5,"column":13}}},"fnMap":{"0":{"name":"(anonymous_0)","decl":{"start":{"line":7,"column":2},"end":{"line":7,"column":31}},"loc":{"start":{"line":7,"column":70},"end":{"line":8,"column":3}}},"1":{"name":"(anonymous_1)","decl":{"start":{"line":10,"column":2},"end":{"line":10,"column":7}},"loc":{"start":{"line":10,"column":33},"end":{"line":17,"column":3}}}},"branchMap":{"0":{"loc":{"start":{"line":11,"column":4},"end":{"line":15,"column":null}},"type":"if","locations":[{"start":{"line":11,"column":4},"end":{"line":15,"column":null}},{"start":{"line":11,"column":4},"end":{"line":15,"column":null}}]}},"s":{"0":2,"1":3,"2":2,"3":1,"4":1,"5":2},"f":{"0":3,"1":2},"b":{"0":[1,1]}}
,"C:\\Users\\duber.galvis\\Documents\\Ceiba-DeliverChefcito\\node-nestjs-arquitectura-hexagonal\\src\\dominio\\usuario\\modelo\\usuario.ts": {"path":"C:\\Users\\duber.galvis\\Documents\\Ceiba-DeliverChefcito\\node-nestjs-arquitectura-hexagonal\\src\\dominio\\usuario\\modelo\\usuario.ts","statementMap":{"0":{"start":{"line":1,"column":0},"end":{"line":1,"column":84}},"1":{"start":{"line":2,"column":0},"end":{"line":2,"column":80}},"2":{"start":{"line":4,"column":39},"end":{"line":4,"column":40}},"3":{"start":{"line":6,"column":2},"end":{"line":6,"column":27}},"4":{"start":{"line":7,"column":2},"end":{"line":7,"column":26}},"5":{"start":{"line":8,"column":2},"end":{"line":8,"column":32}},"6":{"start":{"line":11,"column":4},"end":{"line":11,"column":40}},"7":{"start":{"line":12,"column":4},"end":{"line":12,"column":58}},"8":{"start":{"line":13,"column":4},"end":{"line":13,"column":35}},"9":{"start":{"line":14,"column":4},"end":{"line":14,"column":26}},"10":{"start":{"line":15,"column":4},"end":{"line":15,"column":24}},"11":{"start":{"line":16,"column":4},"end":{"line":16,"column":50}},"12":{"start":{"line":21,"column":4},"end":{"line":21,"column":38}},"13":{"start":{"line":23,"column":4},"end":{"line":27,"column":null}},"14":{"start":{"line":24,"column":6},"end":{"line":26,"column":8}},"15":{"start":{"line":31,"column":4},"end":{"line":35,"column":null}},"16":{"start":{"line":32,"column":6},"end":{"line":34,"column":8}},"17":{"start":{"line":39,"column":4},"end":{"line":39,"column":24}},"18":{"start":{"line":43,"column":4},"end":{"line":43,"column":23}},"19":{"start":{"line":47,"column":4},"end":{"line":47,"column":31}},"20":{"start":{"line":5,"column":0},"end":{"line":5,"column":13}}},"fnMap":{"0":{"name":"(anonymous_2)","decl":{"start":{"line":10,"column":2},"end":{"line":10,"column":14}},"loc":{"start":{"line":10,"column":66},"end":{"line":17,"column":3}}},"1":{"name":"(anonymous_3)","decl":{"start":{"line":19,"column":10},"end":{"line":19,"column":28}},"loc":{"start":{"line":19,"column":42},"end":{"line":28,"column":3}}},"2":{"name":"(anonymous_4)","decl":{"start":{"line":30,"column":10},"end":{"line":30,"column":22}},"loc":{"start":{"line":30,"column":65},"end":{"line":36,"column":3}}},"3":{"name":"(anonymous_5)","decl":{"start":{"line":38,"column":2},"end":{"line":38,"column":6}},"loc":{"start":{"line":38,"column":12},"end":{"line":40,"column":3}}},"4":{"name":"(anonymous_6)","decl":{"start":{"line":42,"column":2},"end":{"line":42,"column":6}},"loc":{"start":{"line":42,"column":11},"end":{"line":44,"column":3}}},"5":{"name":"(anonymous_7)","decl":{"start":{"line":46,"column":2},"end":{"line":46,"column":6}},"loc":{"start":{"line":46,"column":19},"end":{"line":48,"column":3}}}},"branchMap":{"0":{"loc":{"start":{"line":23,"column":4},"end":{"line":27,"column":null}},"type":"if","locations":[{"start":{"line":23,"column":4},"end":{"line":27,"column":null}},{"start":{"line":23,"column":4},"end":{"line":27,"column":null}}]},"1":{"loc":{"start":{"line":31,"column":4},"end":{"line":35,"column":null}},"type":"if","locations":[{"start":{"line":31,"column":4},"end":{"line":35,"column":null}},{"start":{"line":31,"column":4},"end":{"line":35,"column":null}}]}},"s":{"0":6,"1":6,"2":6,"3":22,"4":22,"5":22,"6":22,"7":21,"8":20,"9":18,"10":18,"11":18,"12":20,"13":20,"14":2,"15":63,"16":2,"17":7,"18":1,"19":1,"20":6},"f":{"0":22,"1":20,"2":63,"3":7,"4":1,"5":1},"b":{"0":[2,18],"1":[2,61]}}
,"C:\\Users\\duber.galvis\\Documents\\Ceiba-DeliverChefcito\\node-nestjs-arquitectura-hexagonal\\src\\dominio\\usuario\\puerto\\dao\\dao-usuario.ts": {"path":"C:\\Users\\duber.galvis\\Documents\\Ceiba-DeliverChefcito\\node-nestjs-arquitectura-hexagonal\\src\\dominio\\usuario\\puerto\\dao\\dao-usuario.ts","statementMap":{"0":{"start":{"line":3,"column":0},"end":{"line":3,"column":22}}},"fnMap":{},"branchMap":{},"s":{"0":1},"f":{},"b":{}}
,"C:\\Users\\duber.galvis\\Documents\\Ceiba-DeliverChefcito\\node-nestjs-arquitectura-hexagonal\\src\\dominio\\usuario\\puerto\\repositorio\\repositorio-usuario.ts": {"path":"C:\\Users\\duber.galvis\\Documents\\Ceiba-DeliverChefcito\\node-nestjs-arquitectura-hexagonal\\src\\dominio\\usuario\\puerto\\repositorio\\repositorio-usuario.ts","statementMap":{"0":{"start":{"line":3,"column":0},"end":{"line":3,"column":22}}},"fnMap":{},"branchMap":{},"s":{"0":1},"f":{},"b":{}}
,"C:\\Users\\duber.galvis\\Documents\\Ceiba-DeliverChefcito\\node-nestjs-arquitectura-hexagonal\\src\\dominio\\usuario\\servicio\\servicio-registrar-usuario.ts": {"path":"C:\\Users\\duber.galvis\\Documents\\Ceiba-DeliverChefcito\\node-nestjs-arquitectura-hexagonal\\src\\dominio\\usuario\\servicio\\servicio-registrar-usuario.ts","statementMap":{"0":{"start":{"line":3,"column":0},"end":{"line":3,"column":70}},"1":{"start":{"line":7,"column":31},"end":{"line":7,"column":70}},"2":{"start":{"line":11,"column":4},"end":{"line":15,"column":null}},"3":{"start":{"line":12,"column":6},"end":{"line":14,"column":8}},"4":{"start":{"line":16,"column":4},"end":{"line":16,"column":52}},"5":{"start":{"line":5,"column":0},"end":{"line":5,"column":13}}},"fnMap":{"0":{"name":"(anonymous_0)","decl":{"start":{"line":7,"column":2},"end":{"line":7,"column":31}},"loc":{"start":{"line":7,"column":70},"end":{"line":8,"column":3}}},"1":{"name":"(anonymous_1)","decl":{"start":{"line":10,"column":2},"end":{"line":10,"column":7}},"loc":{"start":{"line":10,"column":33},"end":{"line":17,"column":3}}}},"branchMap":{"0":{"loc":{"start":{"line":11,"column":4},"end":{"line":15,"column":null}},"type":"if","locations":[{"start":{"line":11,"column":4},"end":{"line":15,"column":null}},{"start":{"line":11,"column":4},"end":{"line":15,"column":null}}]}},"s":{"0":2,"1":3,"2":4,"3":2,"4":2,"5":2},"f":{"0":3,"1":4},"b":{"0":[2,2]}}
,"C:\\Users\\duber.galvis\\Documents\\Ceiba-DeliverChefcito\\node-nestjs-arquitectura-hexagonal\\src\\infraestructura\\configuracion\\ceiba-logger.service.ts": {"path":"C:\\Users\\duber.galvis\\Documents\\Ceiba-DeliverChefcito\\node-nestjs-arquitectura-hexagonal\\src\\infraestructura\\configuracion\\ceiba-logger.service.ts","statementMap":{"0":{"start":{"line":1,"column":0},"end":{"line":1,"column":59}},"1":{"start":{"line":4,"column":0},"end":{"line":10,"column":null}},"2":{"start":{"line":7,"column":4},"end":{"line":7,"column":78}},"3":{"start":{"line":4,"column":13},"end":{"line":10,"column":null}},"4":{"start":{"line":4,"column":13},"end":{"line":4,"column":22}}},"fnMap":{"0":{"name":"(anonymous_1)","decl":{"start":{"line":6,"column":9},"end":{"line":6,"column":20}},"loc":{"start":{"line":6,"column":33},"end":{"line":8,"column":3}}}},"branchMap":{},"s":{"0":4,"1":4,"2":0,"3":4,"4":4},"f":{"0":0},"b":{}}
,"C:\\Users\\duber.galvis\\Documents\\Ceiba-DeliverChefcito\\node-nestjs-arquitectura-hexagonal\\src\\infraestructura\\excepciones\\filtro-excepciones-negocio.ts": {"path":"C:\\Users\\duber.galvis\\Documents\\Ceiba-DeliverChefcito\\node-nestjs-arquitectura-hexagonal\\src\\infraestructura\\excepciones\\filtro-excepciones-negocio.ts","statementMap":{"0":{"start":{"line":1,"column":0},"end":{"line":1,"column":83}},"1":{"start":{"line":3,"column":0},"end":{"line":3,"column":70}},"2":{"start":{"line":5,"column":0},"end":{"line":5,"column":66}},"3":{"start":{"line":8,"column":39},"end":{"line":31,"column":null}},"4":{"start":{"line":10,"column":31},"end":{"line":10,"column":39}},"5":{"start":{"line":11,"column":4},"end":{"line":11,"column":60}},"6":{"start":{"line":15,"column":16},"end":{"line":15,"column":35}},"7":{"start":{"line":16,"column":21},"end":{"line":16,"column":48}},"8":{"start":{"line":17,"column":20},"end":{"line":17,"column":45}},"9":{"start":{"line":19,"column":23},"end":{"line":19,"column":45}},"10":{"start":{"line":21,"column":29},"end":{"line":26,"column":6}},"11":{"start":{"line":28,"column":4},"end":{"line":28,"column":35}},"12":{"start":{"line":29,"column":4},"end":{"line":29,"column":46}},"13":{"start":{"line":8,"column":13},"end":{"line":31,"column":null}},"14":{"start":{"line":8,"column":13},"end":{"line":8,"column":39}}},"fnMap":{"0":{"name":"(anonymous_2)","decl":{"start":{"line":10,"column":2},"end":{"line":10,"column":31}},"loc":{"start":{"line":10,"column":48},"end":{"line":12,"column":3}}},"1":{"name":"(anonymous_3)","decl":{"start":{"line":14,"column":2},"end":{"line":14,"column":7}},"loc":{"start":{"line":14,"column":50},"end":{"line":30,"column":3}}}},"branchMap":{},"s":{"0":4,"1":4,"2":4,"3":4,"4":4,"5":4,"6":5,"7":5,"8":5,"9":5,"10":5,"11":5,"12":5,"13":4,"14":4},"f":{"0":4,"1":5},"b":{}}
,"C:\\Users\\duber.galvis\\Documents\\Ceiba-DeliverChefcito\\node-nestjs-arquitectura-hexagonal\\src\\infraestructura\\pedido\\controlador\\pedido.controlador.ts": {"path":"C:\\Users\\duber.galvis\\Documents\\Ceiba-DeliverChefcito\\node-nestjs-arquitectura-hexagonal\\src\\infraestructura\\pedido\\controlador\\pedido.controlador.ts","statementMap":{"0":{"start":{"line":1,"column":0},"end":{"line":1,"column":101}},"1":{"start":{"line":3,"column":0},"end":{"line":3,"column":91}},"2":{"start":{"line":4,"column":0},"end":{"line":4,"column":95}},"3":{"start":{"line":5,"column":0},"end":{"line":5,"column":93}},"4":{"start":{"line":6,"column":0},"end":{"line":6,"column":97}},"5":{"start":{"line":7,"column":0},"end":{"line":7,"column":96}},"6":{"start":{"line":8,"column":0},"end":{"line":8,"column":100}},"7":{"start":{"line":10,"column":0},"end":{"line":10,"column":95}},"8":{"start":{"line":14,"column":0},"end":{"line":42,"column":null}},"9":{"start":{"line":16,"column":25},"end":{"line":16,"column":52}},"10":{"start":{"line":17,"column":25},"end":{"line":17,"column":49}},"11":{"start":{"line":18,"column":25},"end":{"line":18,"column":50}},"12":{"start":{"line":19,"column":25},"end":{"line":19,"column":51}},"13":{"start":{"line":25,"column":8},"end":{"line":25,"column":78}},"14":{"start":{"line":30,"column":8},"end":{"line":30,"column":60}},"15":{"start":{"line":35,"column":8},"end":{"line":35,"column":75}},"16":{"start":{"line":40,"column":8},"end":{"line":40,"column":77}},"17":{"start":{"line":24,"column":4},"end":{"line":26,"column":null}},"18":{"start":{"line":29,"column":4},"end":{"line":31,"column":null}},"19":{"start":{"line":34,"column":4},"end":{"line":36,"column":null}},"20":{"start":{"line":39,"column":4},"end":{"line":41,"column":null}},"21":{"start":{"line":14,"column":13},"end":{"line":42,"column":null}},"22":{"start":{"line":14,"column":13},"end":{"line":14,"column":30}}},"fnMap":{"0":{"name":"(anonymous_4)","decl":{"start":{"line":15,"column":4},"end":{"line":15,"column":null}},"loc":{"start":{"line":19,"column":74},"end":{"line":20,"column":7}}},"1":{"name":"(anonymous_5)","decl":{"start":{"line":24,"column":4},"end":{"line":24,"column":9}},"loc":{"start":{"line":24,"column":70},"end":{"line":26,"column":5}}},"2":{"name":"(anonymous_6)","decl":{"start":{"line":29,"column":4},"end":{"line":29,"column":9}},"loc":{"start":{"line":29,"column":55},"end":{"line":31,"column":5}}},"3":{"name":"(anonymous_7)","decl":{"start":{"line":34,"column":4},"end":{"line":34,"column":9}},"loc":{"start":{"line":34,"column":76},"end":{"line":36,"column":5}}},"4":{"name":"(anonymous_8)","decl":{"start":{"line":39,"column":4},"end":{"line":39,"column":9}},"loc":{"start":{"line":39,"column":77},"end":{"line":41,"column":5}}}},"branchMap":{},"s":{"0":1,"1":1,"2":1,"3":1,"4":1,"5":1,"6":1,"7":1,"8":1,"9":1,"10":1,"11":1,"12":1,"13":1,"14":1,"15":1,"16":2,"17":1,"18":1,"19":1,"20":1,"21":1,"22":1},"f":{"0":1,"1":1,"2":1,"3":1,"4":2},"b":{}}
,"C:\\Users\\duber.galvis\\Documents\\Ceiba-DeliverChefcito\\node-nestjs-arquitectura-hexagonal\\src\\infraestructura\\pedido\\proveedor\\servicio\\servicio-registrar-pedido.proveedor.ts": {"path":"C:\\Users\\duber.galvis\\Documents\\Ceiba-DeliverChefcito\\node-nestjs-arquitectura-hexagonal\\src\\infraestructura\\pedido\\proveedor\\servicio\\servicio-registrar-pedido.proveedor.ts","statementMap":{"0":{"start":{"line":2,"column":0},"end":{"line":2,"column":96}},"1":{"start":{"line":5,"column":4},"end":{"line":5,"column":58}},"2":{"start":{"line":4,"column":0},"end":{"line":4,"column":16}}},"fnMap":{"0":{"name":"servicioRegistrarPedidoProveedor","decl":{"start":{"line":4,"column":16},"end":{"line":4,"column":48}},"loc":{"start":{"line":4,"column":85},"end":{"line":6,"column":1}}}},"branchMap":{},"s":{"0":1,"1":1,"2":1},"f":{"0":1},"b":{}}
,"C:\\Users\\duber.galvis\\Documents\\Ceiba-DeliverChefcito\\node-nestjs-arquitectura-hexagonal\\src\\infraestructura\\producto\\controlador\\producto.controlador.ts": {"path":"C:\\Users\\duber.galvis\\Documents\\Ceiba-DeliverChefcito\\node-nestjs-arquitectura-hexagonal\\src\\infraestructura\\producto\\controlador\\producto.controlador.ts","statementMap":{"0":{"start":{"line":1,"column":0},"end":{"line":1,"column":94}},"1":{"start":{"line":3,"column":0},"end":{"line":3,"column":102}},"2":{"start":{"line":4,"column":0},"end":{"line":4,"column":106}},"3":{"start":{"line":5,"column":0},"end":{"line":5,"column":107}},"4":{"start":{"line":7,"column":0},"end":{"line":7,"column":101}},"5":{"start":{"line":10,"column":0},"end":{"line":32,"column":null}},"6":{"start":{"line":12,"column":25},"end":{"line":12,"column":54}},"7":{"start":{"line":13,"column":25},"end":{"line":13,"column":51}},"8":{"start":{"line":14,"column":25},"end":{"line":14,"column":54}},"9":{"start":{"line":20,"column":8},"end":{"line":20,"column":82}},"10":{"start":{"line":25,"column":8},"end":{"line":25,"column":65}},"11":{"start":{"line":30,"column":8},"end":{"line":30,"column":56}},"12":{"start":{"line":19,"column":4},"end":{"line":21,"column":null}},"13":{"start":{"line":24,"column":4},"end":{"line":26,"column":null}},"14":{"start":{"line":29,"column":4},"end":{"line":31,"column":null}},"15":{"start":{"line":10,"column":13},"end":{"line":32,"column":null}},"16":{"start":{"line":10,"column":13},"end":{"line":10,"column":32}}},"fnMap":{"0":{"name":"(anonymous_4)","decl":{"start":{"line":11,"column":4},"end":{"line":11,"column":null}},"loc":{"start":{"line":14,"column":80},"end":{"line":15,"column":8}}},"1":{"name":"(anonymous_5)","decl":{"start":{"line":19,"column":4},"end":{"line":19,"column":9}},"loc":{"start":{"line":19,"column":74},"end":{"line":21,"column":5}}},"2":{"name":"(anonymous_6)","decl":{"start":{"line":24,"column":4},"end":{"line":24,"column":9}},"loc":{"start":{"line":24,"column":59},"end":{"line":26,"column":5}}},"3":{"name":"(anonymous_7)","decl":{"start":{"line":29,"column":4},"end":{"line":29,"column":9}},"loc":{"start":{"line":29,"column":25},"end":{"line":31,"column":5}}}},"branchMap":{},"s":{"0":1,"1":1,"2":1,"3":1,"4":1,"5":1,"6":1,"7":1,"8":1,"9":2,"10":1,"11":1,"12":1,"13":1,"14":1,"15":1,"16":1},"f":{"0":1,"1":2,"2":1,"3":1},"b":{}}
,"C:\\Users\\duber.galvis\\Documents\\Ceiba-DeliverChefcito\\node-nestjs-arquitectura-hexagonal\\src\\infraestructura\\producto\\proveedor\\servicio\\servicio-registrar-producto.proveedor.ts": {"path":"C:\\Users\\duber.galvis\\Documents\\Ceiba-DeliverChefcito\\node-nestjs-arquitectura-hexagonal\\src\\infraestructura\\producto\\proveedor\\servicio\\servicio-registrar-producto.proveedor.ts","statementMap":{"0":{"start":{"line":2,"column":0},"end":{"line":2,"column":102}},"1":{"start":{"line":5,"column":4},"end":{"line":5,"column":62}},"2":{"start":{"line":4,"column":0},"end":{"line":4,"column":16}}},"fnMap":{"0":{"name":"servicioRegistrarProductoProveedor","decl":{"start":{"line":4,"column":16},"end":{"line":4,"column":50}},"loc":{"start":{"line":4,"column":91},"end":{"line":6,"column":1}}}},"branchMap":{},"s":{"0":1,"1":1,"2":1},"f":{"0":1},"b":{}}
,"C:\\Users\\duber.galvis\\Documents\\Ceiba-DeliverChefcito\\node-nestjs-arquitectura-hexagonal\\src\\infraestructura\\reunion\\controlador\\reunion.controlador.ts": {"path":"C:\\Users\\duber.galvis\\Documents\\Ceiba-DeliverChefcito\\node-nestjs-arquitectura-hexagonal\\src\\infraestructura\\reunion\\controlador\\reunion.controlador.ts","statementMap":{"0":{"start":{"line":1,"column":0},"end":{"line":1,"column":94}},"1":{"start":{"line":3,"column":0},"end":{"line":3,"column":99}},"2":{"start":{"line":4,"column":0},"end":{"line":4,"column":103}},"3":{"start":{"line":5,"column":0},"end":{"line":5,"column":103}},"4":{"start":{"line":7,"column":0},"end":{"line":7,"column":100}},"5":{"start":{"line":10,"column":0},"end":{"line":32,"column":null}},"6":{"start":{"line":12,"column":25},"end":{"line":12,"column":53}},"7":{"start":{"line":13,"column":25},"end":{"line":13,"column":52}},"8":{"start":{"line":14,"column":25},"end":{"line":14,"column":52}},"9":{"start":{"line":20,"column":8},"end":{"line":20,"column":80}},"10":{"start":{"line":25,"column":8},"end":{"line":25,"column":61}},"11":{"start":{"line":30,"column":8},"end":{"line":30,"column":57}},"12":{"start":{"line":19,"column":4},"end":{"line":21,"column":null}},"13":{"start":{"line":24,"column":4},"end":{"line":26,"column":null}},"14":{"start":{"line":29,"column":4},"end":{"line":31,"column":null}},"15":{"start":{"line":10,"column":13},"end":{"line":32,"column":null}},"16":{"start":{"line":10,"column":13},"end":{"line":10,"column":31}}},"fnMap":{"0":{"name":"(anonymous_4)","decl":{"start":{"line":11,"column":4},"end":{"line":11,"column":null}},"loc":{"start":{"line":14,"column":76},"end":{"line":15,"column":8}}},"1":{"name":"(anonymous_5)","decl":{"start":{"line":19,"column":4},"end":{"line":19,"column":9}},"loc":{"start":{"line":19,"column":72},"end":{"line":21,"column":5}}},"2":{"name":"(anonymous_6)","decl":{"start":{"line":24,"column":4},"end":{"line":24,"column":9}},"loc":{"start":{"line":24,"column":54},"end":{"line":26,"column":5}}},"3":{"name":"(anonymous_7)","decl":{"start":{"line":29,"column":4},"end":{"line":29,"column":9}},"loc":{"start":{"line":29,"column":25},"end":{"line":31,"column":5}}}},"branchMap":{},"s":{"0":1,"1":1,"2":1,"3":1,"4":1,"5":1,"6":1,"7":1,"8":1,"9":1,"10":1,"11":1,"12":1,"13":1,"14":1,"15":1,"16":1},"f":{"0":1,"1":1,"2":1,"3":1},"b":{}}
,"C:\\Users\\duber.galvis\\Documents\\Ceiba-DeliverChefcito\\node-nestjs-arquitectura-hexagonal\\src\\infraestructura\\reunion\\proveedor\\servicio\\servicio-registrar-reunion.proveedor.ts": {"path":"C:\\Users\\duber.galvis\\Documents\\Ceiba-DeliverChefcito\\node-nestjs-arquitectura-hexagonal\\src\\infraestructura\\reunion\\proveedor\\servicio\\servicio-registrar-reunion.proveedor.ts","statementMap":{"0":{"start":{"line":2,"column":0},"end":{"line":2,"column":99}},"1":{"start":{"line":5,"column":4},"end":{"line":5,"column":60}},"2":{"start":{"line":4,"column":0},"end":{"line":4,"column":16}}},"fnMap":{"0":{"name":"servicioRegistrarReunionProveedor","decl":{"start":{"line":4,"column":16},"end":{"line":4,"column":49}},"loc":{"start":{"line":4,"column":88},"end":{"line":6,"column":1}}}},"branchMap":{},"s":{"0":1,"1":1,"2":1},"f":{"0":1},"b":{}}
,"C:\\Users\\duber.galvis\\Documents\\Ceiba-DeliverChefcito\\node-nestjs-arquitectura-hexagonal\\src\\infraestructura\\usuario\\controlador\\usuario.controlador.ts": {"path":"C:\\Users\\duber.galvis\\Documents\\Ceiba-DeliverChefcito\\node-nestjs-arquitectura-hexagonal\\src\\infraestructura\\usuario\\controlador\\usuario.controlador.ts","statementMap":{"0":{"start":{"line":1,"column":0},"end":{"line":1,"column":109}},"1":{"start":{"line":2,"column":0},"end":{"line":2,"column":99}},"2":{"start":{"line":3,"column":0},"end":{"line":3,"column":102}},"3":{"start":{"line":5,"column":0},"end":{"line":5,"column":104}},"4":{"start":{"line":6,"column":0},"end":{"line":6,"column":99}},"5":{"start":{"line":7,"column":0},"end":{"line":7,"column":95}},"6":{"start":{"line":8,"column":0},"end":{"line":8,"column":98}},"7":{"start":{"line":9,"column":0},"end":{"line":9,"column":100}},"8":{"start":{"line":12,"column":0},"end":{"line":40,"column":null}},"9":{"start":{"line":14,"column":21},"end":{"line":14,"column":49}},"10":{"start":{"line":15,"column":21},"end":{"line":15,"column":49}},"11":{"start":{"line":16,"column":21},"end":{"line":16,"column":47}},"12":{"start":{"line":17,"column":21},"end":{"line":17,"column":48}},"13":{"start":{"line":23,"column":4},"end":{"line":23,"column":76}},"14":{"start":{"line":28,"column":4},"end":{"line":28,"column":77}},"15":{"start":{"line":33,"column":4},"end":{"line":33,"column":73}},"16":{"start":{"line":38,"column":4},"end":{"line":38,"column":59}},"17":{"start":{"line":22,"column":2},"end":{"line":24,"column":null}},"18":{"start":{"line":27,"column":2},"end":{"line":29,"column":null}},"19":{"start":{"line":32,"column":2},"end":{"line":34,"column":null}},"20":{"start":{"line":37,"column":2},"end":{"line":39,"column":null}},"21":{"start":{"line":12,"column":13},"end":{"line":40,"column":null}},"22":{"start":{"line":12,"column":13},"end":{"line":12,"column":31}}},"fnMap":{"0":{"name":"(anonymous_4)","decl":{"start":{"line":13,"column":2},"end":{"line":13,"column":null}},"loc":{"start":{"line":17,"column":72},"end":{"line":18,"column":6}}},"1":{"name":"(anonymous_5)","decl":{"start":{"line":22,"column":2},"end":{"line":22,"column":7}},"loc":{"start":{"line":22,"column":70},"end":{"line":24,"column":3}}},"2":{"name":"(anonymous_6)","decl":{"start":{"line":27,"column":2},"end":{"line":27,"column":7}},"loc":{"start":{"line":27,"column":82},"end":{"line":29,"column":3}}},"3":{"name":"(anonymous_7)","decl":{"start":{"line":32,"column":2},"end":{"line":32,"column":7}},"loc":{"start":{"line":32,"column":73},"end":{"line":34,"column":3}}},"4":{"name":"(anonymous_8)","decl":{"start":{"line":37,"column":2},"end":{"line":37,"column":7}},"loc":{"start":{"line":37,"column":55},"end":{"line":39,"column":3}}}},"branchMap":{},"s":{"0":1,"1":1,"2":1,"3":1,"4":1,"5":1,"6":1,"7":1,"8":1,"9":1,"10":1,"11":1,"12":1,"13":3,"14":1,"15":1,"16":1,"17":1,"18":1,"19":1,"20":1,"21":1,"22":1},"f":{"0":1,"1":3,"2":1,"3":1,"4":1},"b":{}}
,"C:\\Users\\duber.galvis\\Documents\\Ceiba-DeliverChefcito\\node-nestjs-arquitectura-hexagonal\\src\\infraestructura\\usuario\\proveedor\\servicio\\servicio-registrar-usuario.proveedor.ts": {"path":"C:\\Users\\duber.galvis\\Documents\\Ceiba-DeliverChefcito\\node-nestjs-arquitectura-hexagonal\\src\\infraestructura\\usuario\\proveedor\\servicio\\servicio-registrar-usuario.proveedor.ts","statementMap":{"0":{"start":{"line":2,"column":0},"end":{"line":2,"column":99}},"1":{"start":{"line":5,"column":2},"end":{"line":5,"column":58}},"2":{"start":{"line":4,"column":0},"end":{"line":4,"column":16}}},"fnMap":{"0":{"name":"servicioRegistrarUsuarioProveedor","decl":{"start":{"line":4,"column":16},"end":{"line":4,"column":49}},"loc":{"start":{"line":4,"column":88},"end":{"line":6,"column":1}}}},"branchMap":{},"s":{"0":1,"1":1,"2":1},"f":{"0":1},"b":{}}
,"C:\\Users\\duber.galvis\\Documents\\Ceiba-DeliverChefcito\\node-nestjs-arquitectura-hexagonal\\test\\util\\create-object.stub.ts": {"path":"C:\\Users\\duber.galvis\\Documents\\Ceiba-DeliverChefcito\\node-nestjs-arquitectura-hexagonal\\test\\util\\create-object.stub.ts","statementMap":{"0":{"start":{"line":1,"column":0},"end":{"line":1,"column":65}},"1":{"start":{"line":16,"column":2},"end":{"line":20,"column":null}},"2":{"start":{"line":17,"column":4},"end":{"line":17,"column":25}},"3":{"start":{"line":19,"column":4},"end":{"line":19,"column":null}},"4":{"start":{"line":21,"column":31},"end":{"line":21,"column":33}},"5":{"start":{"line":22,"column":3},"end":{"line":22,"column":86}},"6":{"start":{"line":22,"column":47},"end":{"line":22,"column":84}},"7":{"start":{"line":23,"column":2},"end":{"line":23,"column":25}},"8":{"start":{"line":14,"column":0},"end":{"line":14,"column":16}}},"fnMap":{"0":{"name":"createStubObj","decl":{"start":{"line":14,"column":16},"end":{"line":14,"column":29}},"loc":{"start":{"line":14,"column":92},"end":{"line":24,"column":1}}},"1":{"name":"(anonymous_1)","decl":{"start":{"line":22,"column":31},"end":{"line":22,"column":32}},"loc":{"start":{"line":22,"column":47},"end":{"line":22,"column":84}}}},"branchMap":{"0":{"loc":{"start":{"line":16,"column":2},"end":{"line":20,"column":null}},"type":"if","locations":[{"start":{"line":16,"column":2},"end":{"line":20,"column":null}},{"start":{"line":16,"column":2},"end":{"line":20,"column":null}}]}},"s":{"0":8,"1":15,"2":8,"3":7,"4":15,"5":15,"6":30,"7":15,"8":8},"f":{"0":15,"1":30},"b":{"0":[8,7]}}
}
