{"C:\\Users\\duber.galvis\\Documents\\Ceiba-DeliverChefcito\\node-nestjs-arquitectura-hexagonal\\src\\aplicacion\\pedido\\cambio\\cambiar-pedido.comando.ts": {"path":"C:\\Users\\duber.galvis\\Documents\\Ceiba-DeliverChefcito\\node-nestjs-arquitectura-hexagonal\\src\\aplicacion\\pedido\\cambio\\cambiar-pedido.comando.ts","statementMap":{"0":{"start":{"line":1,"column":0},"end":{"line":1,"column":46}},"1":{"start":{"line":2,"column":0},"end":{"line":2,"column":66}},"2":{"start":{"line":4,"column":0},"end":{"line":4,"column":64}},"3":{"start":{"line":5,"column":0},"end":{"line":5,"column":61}},"4":{"start":{"line":6,"column":0},"end":{"line":6,"column":61}},"5":{"start":{"line":12,"column":4},"end":{"line":12,"column":null}},"6":{"start":{"line":16,"column":4},"end":{"line":16,"column":null}},"7":{"start":{"line":20,"column":4},"end":{"line":20,"column":null}},"8":{"start":{"line":24,"column":4},"end":{"line":24,"column":null}},"9":{"start":{"line":28,"column":4},"end":{"line":28,"column":null}},"10":{"start":{"line":31,"column":4},"end":{"line":31,"column":null}},"11":{"start":{"line":34,"column":4},"end":{"line":34,"column":null}},"12":{"start":{"line":37,"column":4},"end":{"line":37,"column":null}},"13":{"start":{"line":9,"column":0},"end":{"line":9,"column":13}}},"fnMap":{},"branchMap":{},"s":{"0":1,"1":1,"2":1,"3":1,"4":1,"5":1,"6":1,"7":1,"8":1,"9":1,"10":1,"11":1,"12":1,"13":1},"f":{},"b":{}}
,"C:\\Users\\duber.galvis\\Documents\\Ceiba-DeliverChefcito\\node-nestjs-arquitectura-hexagonal\\src\\aplicacion\\pedido\\cambio\\cambiar-pedido.manejador.ts": {"path":"C:\\Users\\duber.galvis\\Documents\\Ceiba-DeliverChefcito\\node-nestjs-arquitectura-hexagonal\\src\\aplicacion\\pedido\\cambio\\cambiar-pedido.manejador.ts","statementMap":{"0":{"start":{"line":1,"column":0},"end":{"line":1,"column":44}},"1":{"start":{"line":3,"column":0},"end":{"line":3,"column":69}},"2":{"start":{"line":8,"column":0},"end":{"line":14,"column":null}},"3":{"start":{"line":9,"column":24},"end":{"line":9,"column":36}},"4":{"start":{"line":12,"column":8},"end":{"line":12,"column":67}},"5":{"start":{"line":8,"column":13},"end":{"line":14,"column":null}},"6":{"start":{"line":8,"column":13},"end":{"line":8,"column":35}}},"fnMap":{"0":{"name":"(anonymous_2)","decl":{"start":{"line":9,"column":4},"end":{"line":9,"column":24}},"loc":{"start":{"line":9,"column":45},"end":{"line":9,"column":50}}},"1":{"name":"(anonymous_3)","decl":{"start":{"line":11,"column":4},"end":{"line":11,"column":9}},"loc":{"start":{"line":11,"column":61},"end":{"line":13,"column":5}}}},"branchMap":{},"s":{"0":1,"1":1,"2":1,"3":1,"4":1,"5":1,"6":1},"f":{"0":1,"1":1},"b":{}}
,"C:\\Users\\duber.galvis\\Documents\\Ceiba-DeliverChefcito\\node-nestjs-arquitectura-hexagonal\\src\\aplicacion\\pedido\\cambio\\cancelar-pedido.comando.ts": {"path":"C:\\Users\\duber.galvis\\Documents\\Ceiba-DeliverChefcito\\node-nestjs-arquitectura-hexagonal\\src\\aplicacion\\pedido\\cambio\\cancelar-pedido.comando.ts","statementMap":{"0":{"start":{"line":1,"column":0},"end":{"line":1,"column":46}},"1":{"start":{"line":2,"column":0},"end":{"line":2,"column":43}},"2":{"start":{"line":7,"column":4},"end":{"line":7,"column":null}},"3":{"start":{"line":4,"column":0},"end":{"line":4,"column":13}}},"fnMap":{},"branchMap":{},"s":{"0":1,"1":1,"2":1,"3":1},"f":{},"b":{}}
,"C:\\Users\\duber.galvis\\Documents\\Ceiba-DeliverChefcito\\node-nestjs-arquitectura-hexagonal\\src\\aplicacion\\pedido\\cambio\\cancelar-pedido.manejador.ts": {"path":"C:\\Users\\duber.galvis\\Documents\\Ceiba-DeliverChefcito\\node-nestjs-arquitectura-hexagonal\\src\\aplicacion\\pedido\\cambio\\cancelar-pedido.manejador.ts","statementMap":{"0":{"start":{"line":1,"column":0},"end":{"line":1,"column":44}},"1":{"start":{"line":3,"column":0},"end":{"line":3,"column":69}},"2":{"start":{"line":8,"column":0},"end":{"line":14,"column":null}},"3":{"start":{"line":9,"column":24},"end":{"line":9,"column":36}},"4":{"start":{"line":12,"column":8},"end":{"line":12,"column":69}},"5":{"start":{"line":8,"column":13},"end":{"line":14,"column":null}},"6":{"start":{"line":8,"column":13},"end":{"line":8,"column":36}}},"fnMap":{"0":{"name":"(anonymous_2)","decl":{"start":{"line":9,"column":4},"end":{"line":9,"column":24}},"loc":{"start":{"line":9,"column":45},"end":{"line":9,"column":50}}},"1":{"name":"(anonymous_3)","decl":{"start":{"line":11,"column":4},"end":{"line":11,"column":9}},"loc":{"start":{"line":11,"column":63},"end":{"line":13,"column":5}}}},"branchMap":{},"s":{"0":1,"1":1,"2":1,"3":1,"4":2,"5":1,"6":1},"f":{"0":1,"1":2},"b":{}}
,"C:\\Users\\duber.galvis\\Documents\\Ceiba-DeliverChefcito\\node-nestjs-arquitectura-hexagonal\\src\\aplicacion\\pedido\\comando\\registrar-pedido.comando.ts": {"path":"C:\\Users\\duber.galvis\\Documents\\Ceiba-DeliverChefcito\\node-nestjs-arquitectura-hexagonal\\src\\aplicacion\\pedido\\comando\\registrar-pedido.comando.ts","statementMap":{"0":{"start":{"line":1,"column":0},"end":{"line":1,"column":46}},"1":{"start":{"line":2,"column":0},"end":{"line":2,"column":77}},"2":{"start":{"line":4,"column":0},"end":{"line":4,"column":64}},"3":{"start":{"line":5,"column":0},"end":{"line":5,"column":61}},"4":{"start":{"line":6,"column":0},"end":{"line":6,"column":61}},"5":{"start":{"line":12,"column":4},"end":{"line":12,"column":null}},"6":{"start":{"line":16,"column":4},"end":{"line":16,"column":null}},"7":{"start":{"line":20,"column":4},"end":{"line":20,"column":null}},"8":{"start":{"line":24,"column":4},"end":{"line":24,"column":null}},"9":{"start":{"line":28,"column":4},"end":{"line":28,"column":null}},"10":{"start":{"line":32,"column":4},"end":{"line":32,"column":null}},"11":{"start":{"line":36,"column":4},"end":{"line":36,"column":null}},"12":{"start":{"line":9,"column":0},"end":{"line":9,"column":13}}},"fnMap":{},"branchMap":{},"s":{"0":1,"1":1,"2":1,"3":1,"4":1,"5":1,"6":1,"7":1,"8":1,"9":1,"10":1,"11":1,"12":1},"f":{},"b":{}}
,"C:\\Users\\duber.galvis\\Documents\\Ceiba-DeliverChefcito\\node-nestjs-arquitectura-hexagonal\\src\\aplicacion\\pedido\\comando\\registrar-pedido.manejador.ts": {"path":"C:\\Users\\duber.galvis\\Documents\\Ceiba-DeliverChefcito\\node-nestjs-arquitectura-hexagonal\\src\\aplicacion\\pedido\\comando\\registrar-pedido.manejador.ts","statementMap":{"0":{"start":{"line":1,"column":0},"end":{"line":1,"column":44}},"1":{"start":{"line":2,"column":0},"end":{"line":2,"column":58}},"2":{"start":{"line":3,"column":0},"end":{"line":3,"column":96}},"3":{"start":{"line":8,"column":0},"end":{"line":24,"column":null}},"4":{"start":{"line":9,"column":24},"end":{"line":9,"column":50}},"5":{"start":{"line":12,"column":8},"end":{"line":22,"column":10}},"6":{"start":{"line":8,"column":13},"end":{"line":24,"column":null}},"7":{"start":{"line":8,"column":13},"end":{"line":8,"column":37}}},"fnMap":{"0":{"name":"(anonymous_2)","decl":{"start":{"line":9,"column":4},"end":{"line":9,"column":24}},"loc":{"start":{"line":9,"column":73},"end":{"line":9,"column":76}}},"1":{"name":"(anonymous_3)","decl":{"start":{"line":11,"column":4},"end":{"line":11,"column":9}},"loc":{"start":{"line":11,"column":65},"end":{"line":23,"column":5}}}},"branchMap":{},"s":{"0":1,"1":1,"2":1,"3":1,"4":1,"5":1,"6":1,"7":1},"f":{"0":1,"1":1},"b":{}}
,"C:\\Users\\duber.galvis\\Documents\\Ceiba-DeliverChefcito\\node-nestjs-arquitectura-hexagonal\\src\\aplicacion\\pedido\\consulta\\listar-pedido.manejador.ts": {"path":"C:\\Users\\duber.galvis\\Documents\\Ceiba-DeliverChefcito\\node-nestjs-arquitectura-hexagonal\\src\\aplicacion\\pedido\\consulta\\listar-pedido.manejador.ts","statementMap":{"0":{"start":{"line":1,"column":0},"end":{"line":1,"column":44}},"1":{"start":{"line":3,"column":0},"end":{"line":3,"column":69}},"2":{"start":{"line":7,"column":0},"end":{"line":13,"column":null}},"3":{"start":{"line":8,"column":22},"end":{"line":8,"column":34}},"4":{"start":{"line":11,"column":4},"end":{"line":11,"column":42}},"5":{"start":{"line":7,"column":13},"end":{"line":13,"column":null}},"6":{"start":{"line":7,"column":13},"end":{"line":7,"column":34}}},"fnMap":{"0":{"name":"(anonymous_2)","decl":{"start":{"line":8,"column":2},"end":{"line":8,"column":22}},"loc":{"start":{"line":8,"column":43},"end":{"line":8,"column":47}}},"1":{"name":"(anonymous_3)","decl":{"start":{"line":10,"column":2},"end":{"line":10,"column":7}},"loc":{"start":{"line":10,"column":31},"end":{"line":12,"column":3}}}},"branchMap":{},"s":{"0":1,"1":1,"2":1,"3":1,"4":1,"5":1,"6":1},"f":{"0":1,"1":1},"b":{}}
,"C:\\Users\\duber.galvis\\Documents\\Ceiba-DeliverChefcito\\node-nestjs-arquitectura-hexagonal\\src\\aplicacion\\producto\\comando\\registrar-producto.comando.ts": {"path":"C:\\Users\\duber.galvis\\Documents\\Ceiba-DeliverChefcito\\node-nestjs-arquitectura-hexagonal\\src\\aplicacion\\producto\\comando\\registrar-producto.comando.ts","statementMap":{"0":{"start":{"line":1,"column":0},"end":{"line":1,"column":53}},"1":{"start":{"line":2,"column":0},"end":{"line":2,"column":46}},"2":{"start":{"line":7,"column":2},"end":{"line":7,"column":null}},"3":{"start":{"line":11,"column":2},"end":{"line":11,"column":null}},"4":{"start":{"line":15,"column":2},"end":{"line":15,"column":null}},"5":{"start":{"line":4,"column":0},"end":{"line":4,"column":13}}},"fnMap":{},"branchMap":{},"s":{"0":1,"1":1,"2":1,"3":1,"4":1,"5":1},"f":{},"b":{}}
,"C:\\Users\\duber.galvis\\Documents\\Ceiba-DeliverChefcito\\node-nestjs-arquitectura-hexagonal\\src\\aplicacion\\producto\\comando\\registrar-producto.manejador.ts": {"path":"C:\\Users\\duber.galvis\\Documents\\Ceiba-DeliverChefcito\\node-nestjs-arquitectura-hexagonal\\src\\aplicacion\\producto\\comando\\registrar-producto.manejador.ts","statementMap":{"0":{"start":{"line":1,"column":0},"end":{"line":1,"column":44}},"1":{"start":{"line":2,"column":0},"end":{"line":2,"column":102}},"2":{"start":{"line":4,"column":0},"end":{"line":4,"column":64}},"3":{"start":{"line":7,"column":0},"end":{"line":19,"column":null}},"4":{"start":{"line":8,"column":22},"end":{"line":8,"column":50}},"5":{"start":{"line":11,"column":4},"end":{"line":17,"column":6}},"6":{"start":{"line":7,"column":13},"end":{"line":19,"column":null}},"7":{"start":{"line":7,"column":13},"end":{"line":7,"column":39}}},"fnMap":{"0":{"name":"(anonymous_2)","decl":{"start":{"line":8,"column":2},"end":{"line":8,"column":22}},"loc":{"start":{"line":8,"column":75},"end":{"line":8,"column":79}}},"1":{"name":"(anonymous_3)","decl":{"start":{"line":10,"column":2},"end":{"line":10,"column":7}},"loc":{"start":{"line":10,"column":67},"end":{"line":18,"column":3}}}},"branchMap":{},"s":{"0":1,"1":1,"2":1,"3":1,"4":1,"5":2,"6":1,"7":1},"f":{"0":1,"1":2},"b":{}}
,"C:\\Users\\duber.galvis\\Documents\\Ceiba-DeliverChefcito\\node-nestjs-arquitectura-hexagonal\\src\\aplicacion\\producto\\consulta\\consultar-producto.manejador.ts": {"path":"C:\\Users\\duber.galvis\\Documents\\Ceiba-DeliverChefcito\\node-nestjs-arquitectura-hexagonal\\src\\aplicacion\\producto\\consulta\\consultar-producto.manejador.ts","statementMap":{"0":{"start":{"line":1,"column":0},"end":{"line":1,"column":44}},"1":{"start":{"line":3,"column":0},"end":{"line":3,"column":75}},"2":{"start":{"line":7,"column":0},"end":{"line":13,"column":null}},"3":{"start":{"line":8,"column":24},"end":{"line":8,"column":38}},"4":{"start":{"line":11,"column":8},"end":{"line":11,"column":51}},"5":{"start":{"line":7,"column":13},"end":{"line":13,"column":null}},"6":{"start":{"line":7,"column":13},"end":{"line":7,"column":39}}},"fnMap":{"0":{"name":"(anonymous_2)","decl":{"start":{"line":8,"column":4},"end":{"line":8,"column":24}},"loc":{"start":{"line":8,"column":49},"end":{"line":8,"column":53}}},"1":{"name":"(anonymous_3)","decl":{"start":{"line":10,"column":4},"end":{"line":10,"column":9}},"loc":{"start":{"line":10,"column":34},"end":{"line":12,"column":5}}}},"branchMap":{},"s":{"0":1,"1":1,"2":1,"3":1,"4":1,"5":1,"6":1},"f":{"0":1,"1":1},"b":{}}
,"C:\\Users\\duber.galvis\\Documents\\Ceiba-DeliverChefcito\\node-nestjs-arquitectura-hexagonal\\src\\aplicacion\\producto\\consulta\\listar-producto.manejador.ts": {"path":"C:\\Users\\duber.galvis\\Documents\\Ceiba-DeliverChefcito\\node-nestjs-arquitectura-hexagonal\\src\\aplicacion\\producto\\consulta\\listar-producto.manejador.ts","statementMap":{"0":{"start":{"line":1,"column":0},"end":{"line":1,"column":44}},"1":{"start":{"line":3,"column":0},"end":{"line":3,"column":75}},"2":{"start":{"line":7,"column":0},"end":{"line":13,"column":null}},"3":{"start":{"line":8,"column":22},"end":{"line":8,"column":36}},"4":{"start":{"line":11,"column":4},"end":{"line":11,"column":38}},"5":{"start":{"line":7,"column":13},"end":{"line":13,"column":null}},"6":{"start":{"line":7,"column":13},"end":{"line":7,"column":36}}},"fnMap":{"0":{"name":"(anonymous_2)","decl":{"start":{"line":8,"column":2},"end":{"line":8,"column":22}},"loc":{"start":{"line":8,"column":47},"end":{"line":8,"column":51}}},"1":{"name":"(anonymous_3)","decl":{"start":{"line":10,"column":2},"end":{"line":10,"column":7}},"loc":{"start":{"line":10,"column":16},"end":{"line":12,"column":3}}}},"branchMap":{},"s":{"0":1,"1":1,"2":1,"3":1,"4":1,"5":1,"6":1},"f":{"0":1,"1":1},"b":{}}
,"C:\\Users\\duber.galvis\\Documents\\Ceiba-DeliverChefcito\\node-nestjs-arquitectura-hexagonal\\src\\aplicacion\\reunion\\comando\\registrar-reunion.comando.ts": {"path":"C:\\Users\\duber.galvis\\Documents\\Ceiba-DeliverChefcito\\node-nestjs-arquitectura-hexagonal\\src\\aplicacion\\reunion\\comando\\registrar-reunion.comando.ts","statementMap":{"0":{"start":{"line":1,"column":0},"end":{"line":1,"column":46}},"1":{"start":{"line":2,"column":0},"end":{"line":2,"column":53}},"2":{"start":{"line":7,"column":4},"end":{"line":7,"column":null}},"3":{"start":{"line":11,"column":4},"end":{"line":11,"column":null}},"4":{"start":{"line":4,"column":0},"end":{"line":4,"column":13}}},"fnMap":{},"branchMap":{},"s":{"0":1,"1":1,"2":1,"3":1,"4":1},"f":{},"b":{}}
,"C:\\Users\\duber.galvis\\Documents\\Ceiba-DeliverChefcito\\node-nestjs-arquitectura-hexagonal\\src\\aplicacion\\reunion\\comando\\registrar-reunion.manejador.ts": {"path":"C:\\Users\\duber.galvis\\Documents\\Ceiba-DeliverChefcito\\node-nestjs-arquitectura-hexagonal\\src\\aplicacion\\reunion\\comando\\registrar-reunion.manejador.ts","statementMap":{"0":{"start":{"line":1,"column":0},"end":{"line":1,"column":44}},"1":{"start":{"line":2,"column":0},"end":{"line":2,"column":61}},"2":{"start":{"line":3,"column":0},"end":{"line":3,"column":99}},"3":{"start":{"line":7,"column":0},"end":{"line":18,"column":null}},"4":{"start":{"line":8,"column":24},"end":{"line":8,"column":51}},"5":{"start":{"line":11,"column":8},"end":{"line":16,"column":10}},"6":{"start":{"line":7,"column":13},"end":{"line":18,"column":null}},"7":{"start":{"line":7,"column":13},"end":{"line":7,"column":38}}},"fnMap":{"0":{"name":"(anonymous_2)","decl":{"start":{"line":8,"column":4},"end":{"line":8,"column":24}},"loc":{"start":{"line":8,"column":75},"end":{"line":8,"column":79}}},"1":{"name":"(anonymous_3)","decl":{"start":{"line":10,"column":4},"end":{"line":10,"column":9}},"loc":{"start":{"line":10,"column":67},"end":{"line":17,"column":5}}}},"branchMap":{},"s":{"0":1,"1":1,"2":1,"3":1,"4":1,"5":1,"6":1,"7":1},"f":{"0":1,"1":1},"b":{}}
,"C:\\Users\\duber.galvis\\Documents\\Ceiba-DeliverChefcito\\node-nestjs-arquitectura-hexagonal\\src\\aplicacion\\reunion\\consulta\\consulta-reunion.manejador.ts": {"path":"C:\\Users\\duber.galvis\\Documents\\Ceiba-DeliverChefcito\\node-nestjs-arquitectura-hexagonal\\src\\aplicacion\\reunion\\consulta\\consulta-reunion.manejador.ts","statementMap":{"0":{"start":{"line":1,"column":0},"end":{"line":1,"column":44}},"1":{"start":{"line":3,"column":0},"end":{"line":3,"column":72}},"2":{"start":{"line":7,"column":0},"end":{"line":13,"column":null}},"3":{"start":{"line":8,"column":24},"end":{"line":8,"column":37}},"4":{"start":{"line":11,"column":8},"end":{"line":11,"column":48}},"5":{"start":{"line":7,"column":13},"end":{"line":13,"column":null}},"6":{"start":{"line":7,"column":13},"end":{"line":7,"column":38}}},"fnMap":{"0":{"name":"(anonymous_2)","decl":{"start":{"line":8,"column":4},"end":{"line":8,"column":24}},"loc":{"start":{"line":8,"column":47},"end":{"line":8,"column":51}}},"1":{"name":"(anonymous_3)","decl":{"start":{"line":10,"column":4},"end":{"line":10,"column":9}},"loc":{"start":{"line":10,"column":31},"end":{"line":12,"column":5}}}},"branchMap":{},"s":{"0":1,"1":1,"2":1,"3":1,"4":1,"5":1,"6":1},"f":{"0":1,"1":1},"b":{}}
,"C:\\Users\\duber.galvis\\Documents\\Ceiba-DeliverChefcito\\node-nestjs-arquitectura-hexagonal\\src\\aplicacion\\reunion\\consulta\\listar-reunion-manejador.ts": {"path":"C:\\Users\\duber.galvis\\Documents\\Ceiba-DeliverChefcito\\node-nestjs-arquitectura-hexagonal\\src\\aplicacion\\reunion\\consulta\\listar-reunion-manejador.ts","statementMap":{"0":{"start":{"line":1,"column":0},"end":{"line":1,"column":44}},"1":{"start":{"line":3,"column":0},"end":{"line":3,"column":72}},"2":{"start":{"line":7,"column":0},"end":{"line":13,"column":null}},"3":{"start":{"line":8,"column":24},"end":{"line":8,"column":37}},"4":{"start":{"line":11,"column":8},"end":{"line":11,"column":50}},"5":{"start":{"line":7,"column":13},"end":{"line":13,"column":null}},"6":{"start":{"line":7,"column":13},"end":{"line":7,"column":37}}},"fnMap":{"0":{"name":"(anonymous_2)","decl":{"start":{"line":8,"column":4},"end":{"line":8,"column":24}},"loc":{"start":{"line":8,"column":47},"end":{"line":8,"column":51}}},"1":{"name":"(anonymous_3)","decl":{"start":{"line":10,"column":4},"end":{"line":10,"column":9}},"loc":{"start":{"line":10,"column":18},"end":{"line":12,"column":5}}}},"branchMap":{},"s":{"0":1,"1":1,"2":1,"3":1,"4":1,"5":1,"6":1},"f":{"0":1,"1":1},"b":{}}
,"C:\\Users\\duber.galvis\\Documents\\Ceiba-DeliverChefcito\\node-nestjs-arquitectura-hexagonal\\src\\aplicacion\\usuario\\cambio\\cambiar-usuario.manejador.ts": {"path":"C:\\Users\\duber.galvis\\Documents\\Ceiba-DeliverChefcito\\node-nestjs-arquitectura-hexagonal\\src\\aplicacion\\usuario\\cambio\\cambiar-usuario.manejador.ts","statementMap":{"0":{"start":{"line":1,"column":0},"end":{"line":1,"column":44}},"1":{"start":{"line":3,"column":0},"end":{"line":3,"column":72}},"2":{"start":{"line":6,"column":0},"end":{"line":12,"column":null}},"3":{"start":{"line":7,"column":24},"end":{"line":7,"column":37}},"4":{"start":{"line":10,"column":8},"end":{"line":10,"column":73}},"5":{"start":{"line":6,"column":13},"end":{"line":12,"column":null}},"6":{"start":{"line":6,"column":13},"end":{"line":6,"column":36}}},"fnMap":{"0":{"name":"(anonymous_2)","decl":{"start":{"line":7,"column":4},"end":{"line":7,"column":24}},"loc":{"start":{"line":7,"column":47},"end":{"line":7,"column":50}}},"1":{"name":"(anonymous_3)","decl":{"start":{"line":9,"column":4},"end":{"line":9,"column":9}},"loc":{"start":{"line":9,"column":52},"end":{"line":11,"column":5}}}},"branchMap":{},"s":{"0":1,"1":1,"2":1,"3":1,"4":1,"5":1,"6":1},"f":{"0":1,"1":1},"b":{}}
,"C:\\Users\\duber.galvis\\Documents\\Ceiba-DeliverChefcito\\node-nestjs-arquitectura-hexagonal\\src\\aplicacion\\usuario\\cambio\\eliminar-usuario.manejador.ts": {"path":"C:\\Users\\duber.galvis\\Documents\\Ceiba-DeliverChefcito\\node-nestjs-arquitectura-hexagonal\\src\\aplicacion\\usuario\\cambio\\eliminar-usuario.manejador.ts","statementMap":{"0":{"start":{"line":1,"column":0},"end":{"line":1,"column":44}},"1":{"start":{"line":3,"column":0},"end":{"line":3,"column":72}},"2":{"start":{"line":6,"column":0},"end":{"line":12,"column":null}},"3":{"start":{"line":7,"column":24},"end":{"line":7,"column":37}},"4":{"start":{"line":10,"column":8},"end":{"line":10,"column":49}},"5":{"start":{"line":6,"column":13},"end":{"line":12,"column":null}},"6":{"start":{"line":6,"column":13},"end":{"line":6,"column":37}}},"fnMap":{"0":{"name":"(anonymous_2)","decl":{"start":{"line":7,"column":4},"end":{"line":7,"column":24}},"loc":{"start":{"line":7,"column":47},"end":{"line":7,"column":51}}},"1":{"name":"(anonymous_3)","decl":{"start":{"line":9,"column":4},"end":{"line":9,"column":9}},"loc":{"start":{"line":9,"column":33},"end":{"line":11,"column":5}}}},"branchMap":{},"s":{"0":1,"1":1,"2":1,"3":1,"4":1,"5":1,"6":1},"f":{"0":1,"1":1},"b":{}}
,"C:\\Users\\duber.galvis\\Documents\\Ceiba-DeliverChefcito\\node-nestjs-arquitectura-hexagonal\\src\\aplicacion\\usuario\\comando\\cambiar-usuario.comando.ts": {"path":"C:\\Users\\duber.galvis\\Documents\\Ceiba-DeliverChefcito\\node-nestjs-arquitectura-hexagonal\\src\\aplicacion\\usuario\\comando\\cambiar-usuario.comando.ts","statementMap":{"0":{"start":{"line":1,"column":0},"end":{"line":1,"column":46}},"1":{"start":{"line":2,"column":0},"end":{"line":2,"column":43}},"2":{"start":{"line":7,"column":4},"end":{"line":7,"column":null}},"3":{"start":{"line":11,"column":4},"end":{"line":11,"column":null}},"4":{"start":{"line":15,"column":4},"end":{"line":15,"column":null}},"5":{"start":{"line":4,"column":0},"end":{"line":4,"column":13}}},"fnMap":{},"branchMap":{},"s":{"0":1,"1":1,"2":1,"3":1,"4":1,"5":1},"f":{},"b":{}}
,"C:\\Users\\duber.galvis\\Documents\\Ceiba-DeliverChefcito\\node-nestjs-arquitectura-hexagonal\\src\\aplicacion\\usuario\\comando\\consultar-usuario.comando.ts": {"path":"C:\\Users\\duber.galvis\\Documents\\Ceiba-DeliverChefcito\\node-nestjs-arquitectura-hexagonal\\src\\aplicacion\\usuario\\comando\\consultar-usuario.comando.ts","statementMap":{"0":{"start":{"line":1,"column":0},"end":{"line":1,"column":46}},"1":{"start":{"line":2,"column":0},"end":{"line":2,"column":43}},"2":{"start":{"line":7,"column":4},"end":{"line":7,"column":null}},"3":{"start":{"line":11,"column":4},"end":{"line":11,"column":null}},"4":{"start":{"line":4,"column":0},"end":{"line":4,"column":13}}},"fnMap":{},"branchMap":{},"s":{"0":1,"1":1,"2":1,"3":1,"4":1},"f":{},"b":{}}
,"C:\\Users\\duber.galvis\\Documents\\Ceiba-DeliverChefcito\\node-nestjs-arquitectura-hexagonal\\src\\aplicacion\\usuario\\comando\\registar-usuario.manejador.ts": {"path":"C:\\Users\\duber.galvis\\Documents\\Ceiba-DeliverChefcito\\node-nestjs-arquitectura-hexagonal\\src\\aplicacion\\usuario\\comando\\registar-usuario.manejador.ts","statementMap":{"0":{"start":{"line":1,"column":0},"end":{"line":1,"column":44}},"1":{"start":{"line":2,"column":0},"end":{"line":2,"column":99}},"2":{"start":{"line":4,"column":0},"end":{"line":4,"column":61}},"3":{"start":{"line":7,"column":0},"end":{"line":19,"column":null}},"4":{"start":{"line":8,"column":22},"end":{"line":8,"column":49}},"5":{"start":{"line":11,"column":4},"end":{"line":17,"column":6}},"6":{"start":{"line":7,"column":13},"end":{"line":19,"column":null}},"7":{"start":{"line":7,"column":13},"end":{"line":7,"column":38}}},"fnMap":{"0":{"name":"(anonymous_2)","decl":{"start":{"line":8,"column":2},"end":{"line":8,"column":22}},"loc":{"start":{"line":8,"column":73},"end":{"line":8,"column":77}}},"1":{"name":"(anonymous_3)","decl":{"start":{"line":10,"column":2},"end":{"line":10,"column":7}},"loc":{"start":{"line":10,"column":65},"end":{"line":18,"column":3}}}},"branchMap":{},"s":{"0":1,"1":1,"2":1,"3":1,"4":1,"5":3,"6":1,"7":1},"f":{"0":1,"1":3},"b":{}}
,"C:\\Users\\duber.galvis\\Documents\\Ceiba-DeliverChefcito\\node-nestjs-arquitectura-hexagonal\\src\\aplicacion\\usuario\\comando\\registrar-usuario.comando.ts": {"path":"C:\\Users\\duber.galvis\\Documents\\Ceiba-DeliverChefcito\\node-nestjs-arquitectura-hexagonal\\src\\aplicacion\\usuario\\comando\\registrar-usuario.comando.ts","statementMap":{"0":{"start":{"line":1,"column":0},"end":{"line":1,"column":57}},"1":{"start":{"line":2,"column":0},"end":{"line":2,"column":46}},"2":{"start":{"line":7,"column":2},"end":{"line":7,"column":null}},"3":{"start":{"line":11,"column":2},"end":{"line":11,"column":null}},"4":{"start":{"line":15,"column":2},"end":{"line":15,"column":null}},"5":{"start":{"line":4,"column":0},"end":{"line":4,"column":13}}},"fnMap":{},"branchMap":{},"s":{"0":1,"1":1,"2":1,"3":1,"4":1,"5":1},"f":{},"b":{}}
,"C:\\Users\\duber.galvis\\Documents\\Ceiba-DeliverChefcito\\node-nestjs-arquitectura-hexagonal\\src\\aplicacion\\usuario\\consulta\\consultar-usuario.manejador.ts": {"path":"C:\\Users\\duber.galvis\\Documents\\Ceiba-DeliverChefcito\\node-nestjs-arquitectura-hexagonal\\src\\aplicacion\\usuario\\consulta\\consultar-usuario.manejador.ts","statementMap":{"0":{"start":{"line":1,"column":0},"end":{"line":1,"column":44}},"1":{"start":{"line":3,"column":0},"end":{"line":3,"column":72}},"2":{"start":{"line":7,"column":0},"end":{"line":13,"column":null}},"3":{"start":{"line":8,"column":24},"end":{"line":8,"column":37}},"4":{"start":{"line":11,"column":8},"end":{"line":11,"column":57}},"5":{"start":{"line":7,"column":13},"end":{"line":13,"column":null}},"6":{"start":{"line":7,"column":13},"end":{"line":7,"column":38}}},"fnMap":{"0":{"name":"(anonymous_2)","decl":{"start":{"line":8,"column":4},"end":{"line":8,"column":24}},"loc":{"start":{"line":8,"column":47},"end":{"line":8,"column":50}}},"1":{"name":"(anonymous_3)","decl":{"start":{"line":10,"column":4},"end":{"line":10,"column":9}},"loc":{"start":{"line":10,"column":36},"end":{"line":12,"column":5}}}},"branchMap":{},"s":{"0":1,"1":1,"2":1,"3":1,"4":1,"5":1,"6":1},"f":{"0":1,"1":1},"b":{}}
,"C:\\Users\\duber.galvis\\Documents\\Ceiba-DeliverChefcito\\node-nestjs-arquitectura-hexagonal\\src\\dominio\\errores\\error-de-negocio.ts": {"path":"C:\\Users\\duber.galvis\\Documents\\Ceiba-DeliverChefcito\\node-nestjs-arquitectura-hexagonal\\src\\dominio\\errores\\error-de-negocio.ts","statementMap":{"0":{"start":{"line":3,"column":4},"end":{"line":3,"column":19}},"1":{"start":{"line":4,"column":4},"end":{"line":4,"column":45}},"2":{"start":{"line":1,"column":0},"end":{"line":1,"column":13}}},"fnMap":{"0":{"name":"(anonymous_0)","decl":{"start":{"line":2,"column":2},"end":{"line":2,"column":14}},"loc":{"start":{"line":2,"column":45},"end":{"line":5,"column":3}}}},"branchMap":{"0":{"loc":{"start":{"line":4,"column":16},"end":{"line":4,"column":21}},"type":"binary-expr","locations":[{"start":{"line":4,"column":16},"end":{"line":4,"column":21}},{"start":{"line":4,"column":25},"end":{"line":4,"column":44}}]}},"s":{"0":44,"1":44,"2":12},"f":{"0":44},"b":{"0":[44,5]}}
,"C:\\Users\\duber.galvis\\Documents\\Ceiba-DeliverChefcito\\node-nestjs-arquitectura-hexagonal\\src\\dominio\\errores\\error-longitud-invalida.ts": {"path":"C:\\Users\\duber.galvis\\Documents\\Ceiba-DeliverChefcito\\node-nestjs-arquitectura-hexagonal\\src\\dominio\\errores\\error-longitud-invalida.ts","statementMap":{"0":{"start":{"line":1,"column":0},"end":{"line":1,"column":52}},"1":{"start":{"line":5,"column":4},"end":{"line":5,"column":47}},"2":{"start":{"line":3,"column":0},"end":{"line":3,"column":13}}},"fnMap":{"0":{"name":"(anonymous_0)","decl":{"start":{"line":4,"column":2},"end":{"line":4,"column":14}},"loc":{"start":{"line":4,"column":29},"end":{"line":6,"column":3}}}},"branchMap":{},"s":{"0":9,"1":6,"2":9},"f":{"0":6},"b":{}}
,"C:\\Users\\duber.galvis\\Documents\\Ceiba-DeliverChefcito\\node-nestjs-arquitectura-hexagonal\\src\\dominio\\errores\\error-valor-requerido.ts": {"path":"C:\\Users\\duber.galvis\\Documents\\Ceiba-DeliverChefcito\\node-nestjs-arquitectura-hexagonal\\src\\dominio\\errores\\error-valor-requerido.ts","statementMap":{"0":{"start":{"line":1,"column":0},"end":{"line":1,"column":52}},"1":{"start":{"line":5,"column":4},"end":{"line":5,"column":45}},"2":{"start":{"line":3,"column":0},"end":{"line":3,"column":13}}},"fnMap":{"0":{"name":"(anonymous_0)","decl":{"start":{"line":4,"column":2},"end":{"line":4,"column":14}},"loc":{"start":{"line":4,"column":29},"end":{"line":6,"column":3}}}},"branchMap":{},"s":{"0":12,"1":18,"2":12},"f":{"0":18},"b":{}}
,"C:\\Users\\duber.galvis\\Documents\\Ceiba-DeliverChefcito\\node-nestjs-arquitectura-hexagonal\\src\\dominio\\errores\\pedido\\error-fecha-no-valida.ts": {"path":"C:\\Users\\duber.galvis\\Documents\\Ceiba-DeliverChefcito\\node-nestjs-arquitectura-hexagonal\\src\\dominio\\errores\\pedido\\error-fecha-no-valida.ts","statementMap":{"0":{"start":{"line":1,"column":0},"end":{"line":1,"column":53}},"1":{"start":{"line":5,"column":8},"end":{"line":5,"column":48}},"2":{"start":{"line":3,"column":0},"end":{"line":3,"column":13}}},"fnMap":{"0":{"name":"(anonymous_0)","decl":{"start":{"line":4,"column":4},"end":{"line":4,"column":16}},"loc":{"start":{"line":4,"column":31},"end":{"line":6,"column":5}}}},"branchMap":{},"s":{"0":3,"1":2,"2":3},"f":{"0":2},"b":{}}
,"C:\\Users\\duber.galvis\\Documents\\Ceiba-DeliverChefcito\\node-nestjs-arquitectura-hexagonal\\src\\dominio\\errores\\pedido\\error-hora-de-servicio.ts": {"path":"C:\\Users\\duber.galvis\\Documents\\Ceiba-DeliverChefcito\\node-nestjs-arquitectura-hexagonal\\src\\dominio\\errores\\pedido\\error-hora-de-servicio.ts","statementMap":{"0":{"start":{"line":1,"column":0},"end":{"line":1,"column":53}},"1":{"start":{"line":5,"column":8},"end":{"line":5,"column":49}},"2":{"start":{"line":3,"column":0},"end":{"line":3,"column":13}}},"fnMap":{"0":{"name":"(anonymous_0)","decl":{"start":{"line":4,"column":4},"end":{"line":4,"column":16}},"loc":{"start":{"line":4,"column":31},"end":{"line":6,"column":5}}}},"branchMap":{},"s":{"0":3,"1":2,"2":3},"f":{"0":2},"b":{}}
,"C:\\Users\\duber.galvis\\Documents\\Ceiba-DeliverChefcito\\node-nestjs-arquitectura-hexagonal\\src\\dominio\\errores\\pedido\\error-lunes-no-festivo.ts": {"path":"C:\\Users\\duber.galvis\\Documents\\Ceiba-DeliverChefcito\\node-nestjs-arquitectura-hexagonal\\src\\dominio\\errores\\pedido\\error-lunes-no-festivo.ts","statementMap":{"0":{"start":{"line":1,"column":0},"end":{"line":1,"column":53}},"1":{"start":{"line":5,"column":8},"end":{"line":5,"column":49}},"2":{"start":{"line":3,"column":0},"end":{"line":3,"column":13}}},"fnMap":{"0":{"name":"(anonymous_0)","decl":{"start":{"line":4,"column":4},"end":{"line":4,"column":16}},"loc":{"start":{"line":4,"column":31},"end":{"line":6,"column":5}}}},"branchMap":{},"s":{"0":3,"1":2,"2":3},"f":{"0":2},"b":{}}
,"C:\\Users\\duber.galvis\\Documents\\Ceiba-DeliverChefcito\\node-nestjs-arquitectura-hexagonal\\src\\dominio\\errores\\pedido\\error-no-hay-producto.ts": {"path":"C:\\Users\\duber.galvis\\Documents\\Ceiba-DeliverChefcito\\node-nestjs-arquitectura-hexagonal\\src\\dominio\\errores\\pedido\\error-no-hay-producto.ts","statementMap":{"0":{"start":{"line":1,"column":0},"end":{"line":1,"column":53}},"1":{"start":{"line":5,"column":8},"end":{"line":5,"column":48}},"2":{"start":{"line":3,"column":0},"end":{"line":3,"column":13}}},"fnMap":{"0":{"name":"(anonymous_0)","decl":{"start":{"line":4,"column":4},"end":{"line":4,"column":16}},"loc":{"start":{"line":4,"column":31},"end":{"line":6,"column":5}}}},"branchMap":{},"s":{"0":3,"1":2,"2":3},"f":{"0":2},"b":{}}
,"C:\\Users\\duber.galvis\\Documents\\Ceiba-DeliverChefcito\\node-nestjs-arquitectura-hexagonal\\src\\dominio\\errores\\pedido\\error-no-hay-reunion.ts": {"path":"C:\\Users\\duber.galvis\\Documents\\Ceiba-DeliverChefcito\\node-nestjs-arquitectura-hexagonal\\src\\dominio\\errores\\pedido\\error-no-hay-reunion.ts","statementMap":{"0":{"start":{"line":1,"column":0},"end":{"line":1,"column":53}},"1":{"start":{"line":5,"column":8},"end":{"line":5,"column":47}},"2":{"start":{"line":3,"column":0},"end":{"line":3,"column":13}}},"fnMap":{"0":{"name":"(anonymous_0)","decl":{"start":{"line":4,"column":4},"end":{"line":4,"column":16}},"loc":{"start":{"line":4,"column":31},"end":{"line":6,"column":5}}}},"branchMap":{},"s":{"0":3,"1":2,"2":3},"f":{"0":2},"b":{}}
,"C:\\Users\\duber.galvis\\Documents\\Ceiba-DeliverChefcito\\node-nestjs-arquitectura-hexagonal\\src\\dominio\\errores\\pedido\\error-no-hay-usuario.ts": {"path":"C:\\Users\\duber.galvis\\Documents\\Ceiba-DeliverChefcito\\node-nestjs-arquitectura-hexagonal\\src\\dominio\\errores\\pedido\\error-no-hay-usuario.ts","statementMap":{"0":{"start":{"line":1,"column":0},"end":{"line":1,"column":53}},"1":{"start":{"line":5,"column":8},"end":{"line":5,"column":47}},"2":{"start":{"line":3,"column":0},"end":{"line":3,"column":13}}},"fnMap":{"0":{"name":"(anonymous_0)","decl":{"start":{"line":4,"column":4},"end":{"line":4,"column":16}},"loc":{"start":{"line":4,"column":31},"end":{"line":6,"column":5}}}},"branchMap":{},"s":{"0":3,"1":2,"2":3},"f":{"0":2},"b":{}}
,"C:\\Users\\duber.galvis\\Documents\\Ceiba-DeliverChefcito\\node-nestjs-arquitectura-hexagonal\\src\\dominio\\errores\\reunion\\error-tipo-incorrecto.ts": {"path":"C:\\Users\\duber.galvis\\Documents\\Ceiba-DeliverChefcito\\node-nestjs-arquitectura-hexagonal\\src\\dominio\\errores\\reunion\\error-tipo-incorrecto.ts","statementMap":{"0":{"start":{"line":1,"column":0},"end":{"line":1,"column":53}},"1":{"start":{"line":5,"column":8},"end":{"line":5,"column":49}},"2":{"start":{"line":3,"column":0},"end":{"line":3,"column":13}}},"fnMap":{"0":{"name":"(anonymous_0)","decl":{"start":{"line":4,"column":4},"end":{"line":4,"column":16}},"loc":{"start":{"line":4,"column":31},"end":{"line":6,"column":5}}}},"branchMap":{},"s":{"0":6,"1":3,"2":6},"f":{"0":3},"b":{}}
,"C:\\Users\\duber.galvis\\Documents\\Ceiba-DeliverChefcito\\node-nestjs-arquitectura-hexagonal\\src\\dominio\\pedido\\modelo\\pedido.ts": {"path":"C:\\Users\\duber.galvis\\Documents\\Ceiba-DeliverChefcito\\node-nestjs-arquitectura-hexagonal\\src\\dominio\\pedido\\modelo\\pedido.ts","statementMap":{"0":{"start":{"line":1,"column":0},"end":{"line":1,"column":80}},"1":{"start":{"line":2,"column":0},"end":{"line":2,"column":88}},"2":{"start":{"line":3,"column":0},"end":{"line":3,"column":88}},"3":{"start":{"line":4,"column":0},"end":{"line":4,"column":86}},"4":{"start":{"line":5,"column":0},"end":{"line":5,"column":84}},"5":{"start":{"line":6,"column":0},"end":{"line":6,"column":84}},"6":{"start":{"line":10,"column":0},"end":{"line":10,"column":86}},"7":{"start":{"line":12,"column":0},"end":{"line":12,"column":45}},"8":{"start":{"line":13,"column":0},"end":{"line":13,"column":103}},"9":{"start":{"line":15,"column":22},"end":{"line":15,"column":37}},"10":{"start":{"line":18,"column":2},"end":{"line":18,"column":29}},"11":{"start":{"line":19,"column":2},"end":{"line":19,"column":31}},"12":{"start":{"line":20,"column":2},"end":{"line":20,"column":29}},"13":{"start":{"line":21,"column":2},"end":{"line":21,"column":35}},"14":{"start":{"line":22,"column":2},"end":{"line":22,"column":27}},"15":{"start":{"line":23,"column":2},"end":{"line":23,"column":30}},"16":{"start":{"line":24,"column":2},"end":{"line":24,"column":31}},"17":{"start":{"line":25,"column":2},"end":{"line":25,"column":36}},"18":{"start":{"line":26,"column":2},"end":{"line":26,"column":40}},"19":{"start":{"line":29,"column":4},"end":{"line":29,"column":62}},"20":{"start":{"line":30,"column":4},"end":{"line":30,"column":36}},"21":{"start":{"line":31,"column":4},"end":{"line":31,"column":38}},"22":{"start":{"line":32,"column":4},"end":{"line":32,"column":36}},"23":{"start":{"line":33,"column":4},"end":{"line":33,"column":51}},"24":{"start":{"line":34,"column":4},"end":{"line":34,"column":55}},"25":{"start":{"line":35,"column":4},"end":{"line":35,"column":66}},"26":{"start":{"line":36,"column":4},"end":{"line":36,"column":48}},"27":{"start":{"line":37,"column":4},"end":{"line":37,"column":49}},"28":{"start":{"line":38,"column":4},"end":{"line":38,"column":49}},"29":{"start":{"line":39,"column":4},"end":{"line":39,"column":28}},"30":{"start":{"line":40,"column":4},"end":{"line":40,"column":30}},"31":{"start":{"line":41,"column":4},"end":{"line":41,"column":28}},"32":{"start":{"line":42,"column":4},"end":{"line":42,"column":56}},"33":{"start":{"line":43,"column":4},"end":{"line":43,"column":33}},"34":{"start":{"line":44,"column":4},"end":{"line":44,"column":32}},"35":{"start":{"line":45,"column":4},"end":{"line":45,"column":77}},"36":{"start":{"line":46,"column":4},"end":{"line":46,"column":44}},"37":{"start":{"line":51,"column":4},"end":{"line":55,"column":null}},"38":{"start":{"line":52,"column":6},"end":{"line":54,"column":8}},"39":{"start":{"line":60,"column":4},"end":{"line":64,"column":null}},"40":{"start":{"line":61,"column":6},"end":{"line":63,"column":8}},"41":{"start":{"line":68,"column":21},"end":{"line":68,"column":25}},"42":{"start":{"line":69,"column":16},"end":{"line":69,"column":17}},"43":{"start":{"line":70,"column":30},"end":{"line":70,"column":32}},"44":{"start":{"line":71,"column":40},"end":{"line":76,"column":6}},"45":{"start":{"line":78,"column":4},"end":{"line":78,"column":36}},"46":{"start":{"line":79,"column":4},"end":{"line":79,"column":62}},"47":{"start":{"line":80,"column":4},"end":{"line":80,"column":57}},"48":{"start":{"line":81,"column":4},"end":{"line":81,"column":66}},"49":{"start":{"line":83,"column":4},"end":{"line":83,"column":60}},"50":{"start":{"line":85,"column":4},"end":{"line":87,"column":null}},"51":{"start":{"line":86,"column":6},"end":{"line":86,"column":18}},"52":{"start":{"line":89,"column":5},"end":{"line":89,"column":18}},"53":{"start":{"line":93,"column":21},"end":{"line":93,"column":51}},"54":{"start":{"line":94,"column":24},"end":{"line":94,"column":67}},"55":{"start":{"line":96,"column":4},"end":{"line":100,"column":null}},"56":{"start":{"line":97,"column":6},"end":{"line":99,"column":8}},"57":{"start":{"line":104,"column":18},"end":{"line":104,"column":19}},"58":{"start":{"line":106,"column":14},"end":{"line":106,"column":49}},"59":{"start":{"line":108,"column":4},"end":{"line":112,"column":null}},"60":{"start":{"line":109,"column":6},"end":{"line":111,"column":8}},"61":{"start":{"line":116,"column":17},"end":{"line":116,"column":18}},"62":{"start":{"line":117,"column":19},"end":{"line":117,"column":20}},"63":{"start":{"line":119,"column":4},"end":{"line":119,"column":66}},"64":{"start":{"line":121,"column":4},"end":{"line":125,"column":null}},"65":{"start":{"line":122,"column":6},"end":{"line":124,"column":8}},"66":{"start":{"line":129,"column":4},"end":{"line":133,"column":null}},"67":{"start":{"line":130,"column":6},"end":{"line":132,"column":8}},"68":{"start":{"line":137,"column":4},"end":{"line":141,"column":null}},"69":{"start":{"line":138,"column":6},"end":{"line":140,"column":8}},"70":{"start":{"line":145,"column":4},"end":{"line":149,"column":null}},"71":{"start":{"line":146,"column":6},"end":{"line":148,"column":8}},"72":{"start":{"line":153,"column":23},"end":{"line":153,"column":28}},"73":{"start":{"line":155,"column":4},"end":{"line":158,"column":29}},"74":{"start":{"line":157,"column":6},"end":{"line":157,"column":null}},"75":{"start":{"line":158,"column":6},"end":{"line":158,"column":26}},"76":{"start":{"line":160,"column":4},"end":{"line":162,"column":null}},"77":{"start":{"line":161,"column":6},"end":{"line":161,"column":52}},"78":{"start":{"line":164,"column":4},"end":{"line":164,"column":22}},"79":{"start":{"line":168,"column":22},"end":{"line":168,"column":37}},"80":{"start":{"line":169,"column":26},"end":{"line":169,"column":59}},"81":{"start":{"line":171,"column":4},"end":{"line":173,"column":21}},"82":{"start":{"line":172,"column":39},"end":{"line":172,"column":52}},"83":{"start":{"line":173,"column":17},"end":{"line":173,"column":19}},"84":{"start":{"line":177,"column":4},"end":{"line":177,"column":25}},"85":{"start":{"line":181,"column":4},"end":{"line":181,"column":26}},"86":{"start":{"line":185,"column":4},"end":{"line":185,"column":25}},"87":{"start":{"line":189,"column":4},"end":{"line":189,"column":34}},"88":{"start":{"line":193,"column":4},"end":{"line":193,"column":24}},"89":{"start":{"line":197,"column":4},"end":{"line":197,"column":27}},"90":{"start":{"line":201,"column":4},"end":{"line":201,"column":28}},"91":{"start":{"line":205,"column":4},"end":{"line":205,"column":33}},"92":{"start":{"line":17,"column":0},"end":{"line":17,"column":13}}},"fnMap":{"0":{"name":"(anonymous_2)","decl":{"start":{"line":28,"column":2},"end":{"line":28,"column":14}},"loc":{"start":{"line":28,"column":158},"end":{"line":47,"column":3}}},"1":{"name":"(anonymous_3)","decl":{"start":{"line":49,"column":10},"end":{"line":49,"column":27}},"loc":{"start":{"line":49,"column":69},"end":{"line":56,"column":3}}},"2":{"name":"(anonymous_4)","decl":{"start":{"line":58,"column":10},"end":{"line":58,"column":28}},"loc":{"start":{"line":58,"column":73},"end":{"line":65,"column":3}}},"3":{"name":"(anonymous_5)","decl":{"start":{"line":67,"column":10},"end":{"line":67,"column":15}},"loc":{"start":{"line":67,"column":54},"end":{"line":90,"column":3}}},"4":{"name":"(anonymous_6)","decl":{"start":{"line":92,"column":10},"end":{"line":92,"column":31}},"loc":{"start":{"line":92,"column":53},"end":{"line":101,"column":3}}},"5":{"name":"(anonymous_7)","decl":{"start":{"line":103,"column":10},"end":{"line":103,"column":31}},"loc":{"start":{"line":103,"column":56},"end":{"line":113,"column":3}}},"6":{"name":"(anonymous_8)","decl":{"start":{"line":115,"column":10},"end":{"line":115,"column":31}},"loc":{"start":{"line":115,"column":55},"end":{"line":126,"column":3}}},"7":{"name":"(anonymous_9)","decl":{"start":{"line":128,"column":10},"end":{"line":128,"column":27}},"loc":{"start":{"line":128,"column":44},"end":{"line":134,"column":3}}},"8":{"name":"(anonymous_10)","decl":{"start":{"line":136,"column":10},"end":{"line":136,"column":28}},"loc":{"start":{"line":136,"column":47},"end":{"line":142,"column":3}}},"9":{"name":"(anonymous_11)","decl":{"start":{"line":144,"column":10},"end":{"line":144,"column":27}},"loc":{"start":{"line":144,"column":44},"end":{"line":150,"column":3}}},"10":{"name":"(anonymous_12)","decl":{"start":{"line":152,"column":10},"end":{"line":152,"column":27}},"loc":{"start":{"line":152,"column":83},"end":{"line":165,"column":3}}},"11":{"name":"(anonymous_13)","decl":{"start":{"line":156,"column":10},"end":{"line":156,"column":11}},"loc":{"start":{"line":156,"column":23},"end":{"line":158,"column":27}}},"12":{"name":"(anonymous_14)","decl":{"start":{"line":167,"column":10},"end":{"line":167,"column":15}},"loc":{"start":{"line":167,"column":62},"end":{"line":174,"column":3}}},"13":{"name":"(anonymous_15)","decl":{"start":{"line":172,"column":10},"end":{"line":172,"column":11}},"loc":{"start":{"line":172,"column":39},"end":{"line":172,"column":52}}},"14":{"name":"(anonymous_16)","decl":{"start":{"line":173,"column":11},"end":{"line":173,"column":14}},"loc":{"start":{"line":173,"column":17},"end":{"line":173,"column":19}}},"15":{"name":"(anonymous_17)","decl":{"start":{"line":176,"column":2},"end":{"line":176,"column":6}},"loc":{"start":{"line":176,"column":13},"end":{"line":178,"column":3}}},"16":{"name":"(anonymous_18)","decl":{"start":{"line":180,"column":2},"end":{"line":180,"column":6}},"loc":{"start":{"line":180,"column":14},"end":{"line":182,"column":3}}},"17":{"name":"(anonymous_19)","decl":{"start":{"line":184,"column":2},"end":{"line":184,"column":6}},"loc":{"start":{"line":184,"column":13},"end":{"line":186,"column":3}}},"18":{"name":"(anonymous_20)","decl":{"start":{"line":188,"column":2},"end":{"line":188,"column":6}},"loc":{"start":{"line":188,"column":22},"end":{"line":190,"column":3}}},"19":{"name":"(anonymous_21)","decl":{"start":{"line":192,"column":2},"end":{"line":192,"column":6}},"loc":{"start":{"line":192,"column":12},"end":{"line":194,"column":3}}},"20":{"name":"(anonymous_22)","decl":{"start":{"line":196,"column":2},"end":{"line":196,"column":6}},"loc":{"start":{"line":196,"column":15},"end":{"line":198,"column":3}}},"21":{"name":"(anonymous_23)","decl":{"start":{"line":200,"column":2},"end":{"line":200,"column":6}},"loc":{"start":{"line":200,"column":16},"end":{"line":202,"column":3}}},"22":{"name":"(anonymous_24)","decl":{"start":{"line":204,"column":2},"end":{"line":204,"column":6}},"loc":{"start":{"line":204,"column":21},"end":{"line":206,"column":3}}}},"branchMap":{"0":{"loc":{"start":{"line":51,"column":4},"end":{"line":55,"column":null}},"type":"if","locations":[{"start":{"line":51,"column":4},"end":{"line":55,"column":null}},{"start":{"line":51,"column":4},"end":{"line":55,"column":null}}]},"1":{"loc":{"start":{"line":60,"column":4},"end":{"line":64,"column":null}},"type":"if","locations":[{"start":{"line":60,"column":4},"end":{"line":64,"column":null}},{"start":{"line":60,"column":4},"end":{"line":64,"column":null}}]},"2":{"loc":{"start":{"line":85,"column":4},"end":{"line":87,"column":null}},"type":"if","locations":[{"start":{"line":85,"column":4},"end":{"line":87,"column":null}},{"start":{"line":85,"column":4},"end":{"line":87,"column":null}}]},"3":{"loc":{"start":{"line":96,"column":4},"end":{"line":100,"column":null}},"type":"if","locations":[{"start":{"line":96,"column":4},"end":{"line":100,"column":null}},{"start":{"line":96,"column":4},"end":{"line":100,"column":null}}]},"4":{"loc":{"start":{"line":108,"column":4},"end":{"line":112,"column":null}},"type":"if","locations":[{"start":{"line":108,"column":4},"end":{"line":112,"column":null}},{"start":{"line":108,"column":4},"end":{"line":112,"column":null}}]},"5":{"loc":{"start":{"line":121,"column":4},"end":{"line":125,"column":null}},"type":"if","locations":[{"start":{"line":121,"column":4},"end":{"line":125,"column":null}},{"start":{"line":121,"column":4},"end":{"line":125,"column":null}}]},"6":{"loc":{"start":{"line":121,"column":8},"end":{"line":121,"column":30}},"type":"binary-expr","locations":[{"start":{"line":121,"column":8},"end":{"line":121,"column":30}},{"start":{"line":121,"column":34},"end":{"line":121,"column":58}}]},"7":{"loc":{"start":{"line":129,"column":4},"end":{"line":133,"column":null}},"type":"if","locations":[{"start":{"line":129,"column":4},"end":{"line":133,"column":null}},{"start":{"line":129,"column":4},"end":{"line":133,"column":null}}]},"8":{"loc":{"start":{"line":137,"column":4},"end":{"line":141,"column":null}},"type":"if","locations":[{"start":{"line":137,"column":4},"end":{"line":141,"column":null}},{"start":{"line":137,"column":4},"end":{"line":141,"column":null}}]},"9":{"loc":{"start":{"line":145,"column":4},"end":{"line":149,"column":null}},"type":"if","locations":[{"start":{"line":145,"column":4},"end":{"line":149,"column":null}},{"start":{"line":145,"column":4},"end":{"line":149,"column":null}}]},"10":{"loc":{"start":{"line":160,"column":4},"end":{"line":162,"column":null}},"type":"if","locations":[{"start":{"line":160,"column":4},"end":{"line":162,"column":null}},{"start":{"line":160,"column":4},"end":{"line":162,"column":null}}]}},"s":{"0":3,"1":3,"2":3,"3":3,"4":3,"5":3,"6":3,"7":3,"8":3,"9":3,"10":13,"11":13,"12":13,"13":13,"14":13,"15":13,"16":13,"17":13,"18":13,"19":13,"20":13,"21":12,"22":11,"23":10,"24":9,"25":8,"26":7,"27":5,"28":4,"29":3,"30":3,"31":3,"32":3,"33":3,"34":3,"35":3,"36":3,"37":18,"38":2,"39":16,"40":2,"41":13,"42":13,"43":13,"44":13,"45":13,"46":13,"47":13,"48":13,"49":13,"50":1,"51":0,"52":1,"53":5,"54":5,"55":5,"56":1,"57":4,"58":4,"59":4,"60":1,"61":7,"62":7,"63":7,"64":6,"65":1,"66":13,"67":1,"68":12,"69":1,"70":11,"71":1,"72":3,"73":3,"74":1,"75":1,"76":3,"77":0,"78":3,"79":13,"80":13,"81":13,"82":0,"83":1,"84":1,"85":1,"86":1,"87":1,"88":1,"89":1,"90":1,"91":1,"92":3},"f":{"0":13,"1":18,"2":16,"3":13,"4":5,"5":4,"6":7,"7":13,"8":12,"9":11,"10":3,"11":1,"12":13,"13":0,"14":1,"15":1,"16":1,"17":1,"18":1,"19":1,"20":1,"21":1,"22":1},"b":{"0":[2,16],"1":[2,14],"2":[0,1],"3":[1,4],"4":[1,3],"5":[1,5],"6":[6,5],"7":[1,12],"8":[1,11],"9":[1,10],"10":[0,3]}}
,"C:\\Users\\duber.galvis\\Documents\\Ceiba-DeliverChefcito\\node-nestjs-arquitectura-hexagonal\\src\\dominio\\pedido\\puerto\\dao\\dao-pedido.ts": {"path":"C:\\Users\\duber.galvis\\Documents\\Ceiba-DeliverChefcito\\node-nestjs-arquitectura-hexagonal\\src\\dominio\\pedido\\puerto\\dao\\dao-pedido.ts","statementMap":{"0":{"start":{"line":6,"column":0},"end":{"line":6,"column":22}}},"fnMap":{},"branchMap":{},"s":{"0":1},"f":{},"b":{}}
,"C:\\Users\\duber.galvis\\Documents\\Ceiba-DeliverChefcito\\node-nestjs-arquitectura-hexagonal\\src\\dominio\\pedido\\puerto\\repositorio\\repositorio-pedido.ts": {"path":"C:\\Users\\duber.galvis\\Documents\\Ceiba-DeliverChefcito\\node-nestjs-arquitectura-hexagonal\\src\\dominio\\pedido\\puerto\\repositorio\\repositorio-pedido.ts","statementMap":{"0":{"start":{"line":3,"column":0},"end":{"line":3,"column":22}}},"fnMap":{},"branchMap":{},"s":{"0":1},"f":{},"b":{}}
,"C:\\Users\\duber.galvis\\Documents\\Ceiba-DeliverChefcito\\node-nestjs-arquitectura-hexagonal\\src\\dominio\\pedido\\servicio\\servicio-registrar-pedido.ts": {"path":"C:\\Users\\duber.galvis\\Documents\\Ceiba-DeliverChefcito\\node-nestjs-arquitectura-hexagonal\\src\\dominio\\pedido\\servicio\\servicio-registrar-pedido.ts","statementMap":{"0":{"start":{"line":6,"column":31},"end":{"line":6,"column":68}},"1":{"start":{"line":10,"column":4},"end":{"line":10,"column":50}},"2":{"start":{"line":4,"column":0},"end":{"line":4,"column":13}}},"fnMap":{"0":{"name":"(anonymous_0)","decl":{"start":{"line":6,"column":2},"end":{"line":6,"column":31}},"loc":{"start":{"line":6,"column":68},"end":{"line":7,"column":3}}},"1":{"name":"(anonymous_1)","decl":{"start":{"line":9,"column":2},"end":{"line":9,"column":7}},"loc":{"start":{"line":9,"column":31},"end":{"line":11,"column":3}}}},"branchMap":{},"s":{"0":2,"1":2,"2":2},"f":{"0":2,"1":2},"b":{}}
,"C:\\Users\\duber.galvis\\Documents\\Ceiba-DeliverChefcito\\node-nestjs-arquitectura-hexagonal\\src\\dominio\\producto\\modelo\\producto.ts": {"path":"C:\\Users\\duber.galvis\\Documents\\Ceiba-DeliverChefcito\\node-nestjs-arquitectura-hexagonal\\src\\dominio\\producto\\modelo\\producto.ts","statementMap":{"0":{"start":{"line":2,"column":0},"end":{"line":2,"column":80}},"1":{"start":{"line":3,"column":0},"end":{"line":3,"column":84}},"2":{"start":{"line":5,"column":41},"end":{"line":5,"column":44}},"3":{"start":{"line":7,"column":2},"end":{"line":7,"column":27}},"4":{"start":{"line":8,"column":2},"end":{"line":8,"column":27}},"5":{"start":{"line":9,"column":2},"end":{"line":9,"column":28}},"6":{"start":{"line":12,"column":4},"end":{"line":12,"column":39}},"7":{"start":{"line":13,"column":4},"end":{"line":13,"column":31}},"8":{"start":{"line":14,"column":4},"end":{"line":14,"column":31}},"9":{"start":{"line":15,"column":4},"end":{"line":15,"column":26}},"10":{"start":{"line":16,"column":4},"end":{"line":16,"column":26}},"11":{"start":{"line":17,"column":4},"end":{"line":17,"column":28}},"12":{"start":{"line":21,"column":4},"end":{"line":25,"column":null}},"13":{"start":{"line":22,"column":6},"end":{"line":24,"column":8}},"14":{"start":{"line":29,"column":4},"end":{"line":33,"column":null}},"15":{"start":{"line":30,"column":6},"end":{"line":32,"column":8}},"16":{"start":{"line":37,"column":4},"end":{"line":41,"column":null}},"17":{"start":{"line":38,"column":6},"end":{"line":40,"column":8}},"18":{"start":{"line":45,"column":4},"end":{"line":45,"column":24}},"19":{"start":{"line":49,"column":4},"end":{"line":49,"column":24}},"20":{"start":{"line":53,"column":4},"end":{"line":53,"column":25}},"21":{"start":{"line":6,"column":0},"end":{"line":6,"column":13}}},"fnMap":{"0":{"name":"(anonymous_2)","decl":{"start":{"line":11,"column":2},"end":{"line":11,"column":14}},"loc":{"start":{"line":11,"column":61},"end":{"line":18,"column":3}}},"1":{"name":"(anonymous_3)","decl":{"start":{"line":20,"column":10},"end":{"line":20,"column":30}},"loc":{"start":{"line":20,"column":46},"end":{"line":26,"column":3}}},"2":{"name":"(anonymous_4)","decl":{"start":{"line":28,"column":10},"end":{"line":28,"column":23}},"loc":{"start":{"line":28,"column":38},"end":{"line":34,"column":3}}},"3":{"name":"(anonymous_5)","decl":{"start":{"line":36,"column":10},"end":{"line":36,"column":23}},"loc":{"start":{"line":36,"column":38},"end":{"line":42,"column":3}}},"4":{"name":"(anonymous_6)","decl":{"start":{"line":44,"column":2},"end":{"line":44,"column":6}},"loc":{"start":{"line":44,"column":12},"end":{"line":46,"column":3}}},"5":{"name":"(anonymous_7)","decl":{"start":{"line":48,"column":2},"end":{"line":48,"column":6}},"loc":{"start":{"line":48,"column":12},"end":{"line":50,"column":3}}},"6":{"name":"(anonymous_8)","decl":{"start":{"line":52,"column":2},"end":{"line":52,"column":6}},"loc":{"start":{"line":52,"column":13},"end":{"line":54,"column":3}}}},"branchMap":{"0":{"loc":{"start":{"line":21,"column":4},"end":{"line":25,"column":null}},"type":"if","locations":[{"start":{"line":21,"column":4},"end":{"line":25,"column":null}},{"start":{"line":21,"column":4},"end":{"line":25,"column":null}}]},"1":{"loc":{"start":{"line":29,"column":4},"end":{"line":33,"column":null}},"type":"if","locations":[{"start":{"line":29,"column":4},"end":{"line":33,"column":null}},{"start":{"line":29,"column":4},"end":{"line":33,"column":null}}]},"2":{"loc":{"start":{"line":37,"column":4},"end":{"line":41,"column":null}},"type":"if","locations":[{"start":{"line":37,"column":4},"end":{"line":41,"column":null}},{"start":{"line":37,"column":4},"end":{"line":41,"column":null}}]}},"s":{"0":6,"1":6,"2":6,"3":22,"4":22,"5":22,"6":22,"7":20,"8":19,"9":18,"10":18,"11":18,"12":22,"13":2,"14":20,"15":1,"16":19,"17":1,"18":6,"19":1,"20":1,"21":6},"f":{"0":22,"1":22,"2":20,"3":19,"4":6,"5":1,"6":1},"b":{"0":[2,20],"1":[1,19],"2":[1,18]}}
,"C:\\Users\\duber.galvis\\Documents\\Ceiba-DeliverChefcito\\node-nestjs-arquitectura-hexagonal\\src\\dominio\\producto\\puerto\\dao\\dao-producto.ts": {"path":"C:\\Users\\duber.galvis\\Documents\\Ceiba-DeliverChefcito\\node-nestjs-arquitectura-hexagonal\\src\\dominio\\producto\\puerto\\dao\\dao-producto.ts","statementMap":{"0":{"start":{"line":3,"column":0},"end":{"line":3,"column":22}}},"fnMap":{},"branchMap":{},"s":{"0":1},"f":{},"b":{}}
,"C:\\Users\\duber.galvis\\Documents\\Ceiba-DeliverChefcito\\node-nestjs-arquitectura-hexagonal\\src\\dominio\\producto\\puerto\\repositorio\\repositorio-producto.ts": {"path":"C:\\Users\\duber.galvis\\Documents\\Ceiba-DeliverChefcito\\node-nestjs-arquitectura-hexagonal\\src\\dominio\\producto\\puerto\\repositorio\\repositorio-producto.ts","statementMap":{"0":{"start":{"line":3,"column":0},"end":{"line":3,"column":22}}},"fnMap":{},"branchMap":{},"s":{"0":1},"f":{},"b":{}}
,"C:\\Users\\duber.galvis\\Documents\\Ceiba-DeliverChefcito\\node-nestjs-arquitectura-hexagonal\\src\\dominio\\producto\\servicio\\servicio-registrar-producto.ts": {"path":"C:\\Users\\duber.galvis\\Documents\\Ceiba-DeliverChefcito\\node-nestjs-arquitectura-hexagonal\\src\\dominio\\producto\\servicio\\servicio-registrar-producto.ts","statementMap":{"0":{"start":{"line":3,"column":0},"end":{"line":3,"column":70}},"1":{"start":{"line":7,"column":31},"end":{"line":7,"column":72}},"2":{"start":{"line":11,"column":4},"end":{"line":15,"column":null}},"3":{"start":{"line":12,"column":6},"end":{"line":14,"column":8}},"4":{"start":{"line":16,"column":4},"end":{"line":16,"column":54}},"5":{"start":{"line":5,"column":0},"end":{"line":5,"column":13}}},"fnMap":{"0":{"name":"(anonymous_0)","decl":{"start":{"line":7,"column":2},"end":{"line":7,"column":31}},"loc":{"start":{"line":7,"column":72},"end":{"line":8,"column":3}}},"1":{"name":"(anonymous_1)","decl":{"start":{"line":10,"column":2},"end":{"line":10,"column":7}},"loc":{"start":{"line":10,"column":35},"end":{"line":17,"column":3}}}},"branchMap":{"0":{"loc":{"start":{"line":11,"column":4},"end":{"line":15,"column":null}},"type":"if","locations":[{"start":{"line":11,"column":4},"end":{"line":15,"column":null}},{"start":{"line":11,"column":4},"end":{"line":15,"column":null}}]}},"s":{"0":2,"1":3,"2":3,"3":2,"4":1,"5":2},"f":{"0":3,"1":3},"b":{"0":[2,1]}}
,"C:\\Users\\duber.galvis\\Documents\\Ceiba-DeliverChefcito\\node-nestjs-arquitectura-hexagonal\\src\\dominio\\reunion\\modelo\\reunion.ts": {"path":"C:\\Users\\duber.galvis\\Documents\\Ceiba-DeliverChefcito\\node-nestjs-arquitectura-hexagonal\\src\\dominio\\reunion\\modelo\\reunion.ts","statementMap":{"0":{"start":{"line":1,"column":0},"end":{"line":1,"column":80}},"1":{"start":{"line":2,"column":0},"end":{"line":2,"column":88}},"2":{"start":{"line":4,"column":23},"end":{"line":4,"column":70}},"3":{"start":{"line":7,"column":2},"end":{"line":7,"column":25}},"4":{"start":{"line":8,"column":2},"end":{"line":8,"column":27}},"5":{"start":{"line":11,"column":4},"end":{"line":11,"column":34}},"6":{"start":{"line":12,"column":4},"end":{"line":12,"column":31}},"7":{"start":{"line":13,"column":4},"end":{"line":13,"column":22}},"8":{"start":{"line":14,"column":4},"end":{"line":14,"column":26}},"9":{"start":{"line":18,"column":4},"end":{"line":22,"column":null}},"10":{"start":{"line":19,"column":6},"end":{"line":21,"column":8}},"11":{"start":{"line":26,"column":4},"end":{"line":30,"column":null}},"12":{"start":{"line":27,"column":6},"end":{"line":29,"column":8}},"13":{"start":{"line":34,"column":4},"end":{"line":34,"column":22}},"14":{"start":{"line":38,"column":4},"end":{"line":38,"column":24}},"15":{"start":{"line":6,"column":0},"end":{"line":6,"column":13}}},"fnMap":{"0":{"name":"(anonymous_2)","decl":{"start":{"line":10,"column":2},"end":{"line":10,"column":14}},"loc":{"start":{"line":10,"column":42},"end":{"line":15,"column":3}}},"1":{"name":"(anonymous_3)","decl":{"start":{"line":17,"column":10},"end":{"line":17,"column":28}},"loc":{"start":{"line":17,"column":41},"end":{"line":23,"column":3}}},"2":{"name":"(anonymous_4)","decl":{"start":{"line":25,"column":10},"end":{"line":25,"column":23}},"loc":{"start":{"line":25,"column":39},"end":{"line":31,"column":3}}},"3":{"name":"(anonymous_5)","decl":{"start":{"line":33,"column":2},"end":{"line":33,"column":6}},"loc":{"start":{"line":33,"column":10},"end":{"line":35,"column":3}}},"4":{"name":"(anonymous_6)","decl":{"start":{"line":37,"column":2},"end":{"line":37,"column":6}},"loc":{"start":{"line":37,"column":12},"end":{"line":39,"column":3}}}},"branchMap":{"0":{"loc":{"start":{"line":18,"column":4},"end":{"line":22,"column":null}},"type":"if","locations":[{"start":{"line":18,"column":4},"end":{"line":22,"column":null}},{"start":{"line":18,"column":4},"end":{"line":22,"column":null}}]},"1":{"loc":{"start":{"line":26,"column":4},"end":{"line":30,"column":null}},"type":"if","locations":[{"start":{"line":26,"column":4},"end":{"line":30,"column":null}},{"start":{"line":26,"column":4},"end":{"line":30,"column":null}}]}},"s":{"0":6,"1":6,"2":6,"3":20,"4":20,"5":20,"6":18,"7":17,"8":17,"9":20,"10":2,"11":18,"12":1,"13":4,"14":1,"15":6},"f":{"0":20,"1":20,"2":18,"3":4,"4":1},"b":{"0":[2,18],"1":[1,17]}}
,"C:\\Users\\duber.galvis\\Documents\\Ceiba-DeliverChefcito\\node-nestjs-arquitectura-hexagonal\\src\\dominio\\reunion\\puerto\\dao\\dao-reunion.ts": {"path":"C:\\Users\\duber.galvis\\Documents\\Ceiba-DeliverChefcito\\node-nestjs-arquitectura-hexagonal\\src\\dominio\\reunion\\puerto\\dao\\dao-reunion.ts","statementMap":{"0":{"start":{"line":3,"column":0},"end":{"line":3,"column":22}}},"fnMap":{},"branchMap":{},"s":{"0":1},"f":{},"b":{}}
,"C:\\Users\\duber.galvis\\Documents\\Ceiba-DeliverChefcito\\node-nestjs-arquitectura-hexagonal\\src\\dominio\\reunion\\puerto\\repositorio\\repositorio-reunion.ts": {"path":"C:\\Users\\duber.galvis\\Documents\\Ceiba-DeliverChefcito\\node-nestjs-arquitectura-hexagonal\\src\\dominio\\reunion\\puerto\\repositorio\\repositorio-reunion.ts","statementMap":{"0":{"start":{"line":3,"column":0},"end":{"line":3,"column":22}}},"fnMap":{},"branchMap":{},"s":{"0":1},"f":{},"b":{}}
,"C:\\Users\\duber.galvis\\Documents\\Ceiba-DeliverChefcito\\node-nestjs-arquitectura-hexagonal\\src\\dominio\\reunion\\servicio\\servicio-registrar-reunion.ts": {"path":"C:\\Users\\duber.galvis\\Documents\\Ceiba-DeliverChefcito\\node-nestjs-arquitectura-hexagonal\\src\\dominio\\reunion\\servicio\\servicio-registrar-reunion.ts","statementMap":{"0":{"start":{"line":3,"column":0},"end":{"line":3,"column":70}},"1":{"start":{"line":7,"column":31},"end":{"line":7,"column":70}},"2":{"start":{"line":11,"column":4},"end":{"line":15,"column":null}},"3":{"start":{"line":12,"column":6},"end":{"line":14,"column":8}},"4":{"start":{"line":16,"column":4},"end":{"line":16,"column":52}},"5":{"start":{"line":5,"column":0},"end":{"line":5,"column":13}}},"fnMap":{"0":{"name":"(anonymous_0)","decl":{"start":{"line":7,"column":2},"end":{"line":7,"column":31}},"loc":{"start":{"line":7,"column":70},"end":{"line":8,"column":3}}},"1":{"name":"(anonymous_1)","decl":{"start":{"line":10,"column":2},"end":{"line":10,"column":7}},"loc":{"start":{"line":10,"column":33},"end":{"line":17,"column":3}}}},"branchMap":{"0":{"loc":{"start":{"line":11,"column":4},"end":{"line":15,"column":null}},"type":"if","locations":[{"start":{"line":11,"column":4},"end":{"line":15,"column":null}},{"start":{"line":11,"column":4},"end":{"line":15,"column":null}}]}},"s":{"0":2,"1":3,"2":2,"3":1,"4":1,"5":2},"f":{"0":3,"1":2},"b":{"0":[1,1]}}
,"C:\\Users\\duber.galvis\\Documents\\Ceiba-DeliverChefcito\\node-nestjs-arquitectura-hexagonal\\src\\dominio\\usuario\\modelo\\usuario.ts": {"path":"C:\\Users\\duber.galvis\\Documents\\Ceiba-DeliverChefcito\\node-nestjs-arquitectura-hexagonal\\src\\dominio\\usuario\\modelo\\usuario.ts","statementMap":{"0":{"start":{"line":1,"column":0},"end":{"line":1,"column":84}},"1":{"start":{"line":2,"column":0},"end":{"line":2,"column":80}},"2":{"start":{"line":4,"column":39},"end":{"line":4,"column":40}},"3":{"start":{"line":6,"column":2},"end":{"line":6,"column":27}},"4":{"start":{"line":7,"column":2},"end":{"line":7,"column":26}},"5":{"start":{"line":8,"column":2},"end":{"line":8,"column":32}},"6":{"start":{"line":11,"column":4},"end":{"line":11,"column":40}},"7":{"start":{"line":12,"column":4},"end":{"line":12,"column":58}},"8":{"start":{"line":13,"column":4},"end":{"line":13,"column":35}},"9":{"start":{"line":14,"column":4},"end":{"line":14,"column":26}},"10":{"start":{"line":15,"column":4},"end":{"line":15,"column":24}},"11":{"start":{"line":16,"column":4},"end":{"line":16,"column":50}},"12":{"start":{"line":21,"column":4},"end":{"line":21,"column":38}},"13":{"start":{"line":23,"column":4},"end":{"line":27,"column":null}},"14":{"start":{"line":24,"column":6},"end":{"line":26,"column":8}},"15":{"start":{"line":31,"column":4},"end":{"line":35,"column":null}},"16":{"start":{"line":32,"column":6},"end":{"line":34,"column":8}},"17":{"start":{"line":39,"column":4},"end":{"line":39,"column":24}},"18":{"start":{"line":43,"column":4},"end":{"line":43,"column":23}},"19":{"start":{"line":47,"column":4},"end":{"line":47,"column":31}},"20":{"start":{"line":5,"column":0},"end":{"line":5,"column":13}}},"fnMap":{"0":{"name":"(anonymous_2)","decl":{"start":{"line":10,"column":2},"end":{"line":10,"column":14}},"loc":{"start":{"line":10,"column":66},"end":{"line":17,"column":3}}},"1":{"name":"(anonymous_3)","decl":{"start":{"line":19,"column":10},"end":{"line":19,"column":28}},"loc":{"start":{"line":19,"column":42},"end":{"line":28,"column":3}}},"2":{"name":"(anonymous_4)","decl":{"start":{"line":30,"column":10},"end":{"line":30,"column":22}},"loc":{"start":{"line":30,"column":65},"end":{"line":36,"column":3}}},"3":{"name":"(anonymous_5)","decl":{"start":{"line":38,"column":2},"end":{"line":38,"column":6}},"loc":{"start":{"line":38,"column":12},"end":{"line":40,"column":3}}},"4":{"name":"(anonymous_6)","decl":{"start":{"line":42,"column":2},"end":{"line":42,"column":6}},"loc":{"start":{"line":42,"column":11},"end":{"line":44,"column":3}}},"5":{"name":"(anonymous_7)","decl":{"start":{"line":46,"column":2},"end":{"line":46,"column":6}},"loc":{"start":{"line":46,"column":19},"end":{"line":48,"column":3}}}},"branchMap":{"0":{"loc":{"start":{"line":23,"column":4},"end":{"line":27,"column":null}},"type":"if","locations":[{"start":{"line":23,"column":4},"end":{"line":27,"column":null}},{"start":{"line":23,"column":4},"end":{"line":27,"column":null}}]},"1":{"loc":{"start":{"line":31,"column":4},"end":{"line":35,"column":null}},"type":"if","locations":[{"start":{"line":31,"column":4},"end":{"line":35,"column":null}},{"start":{"line":31,"column":4},"end":{"line":35,"column":null}}]}},"s":{"0":6,"1":6,"2":6,"3":23,"4":23,"5":23,"6":23,"7":22,"8":21,"9":19,"10":19,"11":19,"12":21,"13":21,"14":2,"15":66,"16":2,"17":7,"18":1,"19":1,"20":6},"f":{"0":23,"1":21,"2":66,"3":7,"4":1,"5":1},"b":{"0":[2,19],"1":[2,64]}}
,"C:\\Users\\duber.galvis\\Documents\\Ceiba-DeliverChefcito\\node-nestjs-arquitectura-hexagonal\\src\\dominio\\usuario\\puerto\\dao\\dao-usuario.ts": {"path":"C:\\Users\\duber.galvis\\Documents\\Ceiba-DeliverChefcito\\node-nestjs-arquitectura-hexagonal\\src\\dominio\\usuario\\puerto\\dao\\dao-usuario.ts","statementMap":{"0":{"start":{"line":3,"column":0},"end":{"line":3,"column":22}}},"fnMap":{},"branchMap":{},"s":{"0":1},"f":{},"b":{}}
,"C:\\Users\\duber.galvis\\Documents\\Ceiba-DeliverChefcito\\node-nestjs-arquitectura-hexagonal\\src\\dominio\\usuario\\puerto\\repositorio\\repositorio-usuario.ts": {"path":"C:\\Users\\duber.galvis\\Documents\\Ceiba-DeliverChefcito\\node-nestjs-arquitectura-hexagonal\\src\\dominio\\usuario\\puerto\\repositorio\\repositorio-usuario.ts","statementMap":{"0":{"start":{"line":3,"column":0},"end":{"line":3,"column":22}}},"fnMap":{},"branchMap":{},"s":{"0":1},"f":{},"b":{}}
,"C:\\Users\\duber.galvis\\Documents\\Ceiba-DeliverChefcito\\node-nestjs-arquitectura-hexagonal\\src\\dominio\\usuario\\servicio\\servicio-registrar-usuario.ts": {"path":"C:\\Users\\duber.galvis\\Documents\\Ceiba-DeliverChefcito\\node-nestjs-arquitectura-hexagonal\\src\\dominio\\usuario\\servicio\\servicio-registrar-usuario.ts","statementMap":{"0":{"start":{"line":3,"column":0},"end":{"line":3,"column":70}},"1":{"start":{"line":7,"column":31},"end":{"line":7,"column":70}},"2":{"start":{"line":11,"column":4},"end":{"line":15,"column":null}},"3":{"start":{"line":12,"column":6},"end":{"line":14,"column":8}},"4":{"start":{"line":16,"column":4},"end":{"line":16,"column":52}},"5":{"start":{"line":5,"column":0},"end":{"line":5,"column":13}}},"fnMap":{"0":{"name":"(anonymous_0)","decl":{"start":{"line":7,"column":2},"end":{"line":7,"column":31}},"loc":{"start":{"line":7,"column":70},"end":{"line":8,"column":3}}},"1":{"name":"(anonymous_1)","decl":{"start":{"line":10,"column":2},"end":{"line":10,"column":7}},"loc":{"start":{"line":10,"column":33},"end":{"line":17,"column":3}}}},"branchMap":{"0":{"loc":{"start":{"line":11,"column":4},"end":{"line":15,"column":null}},"type":"if","locations":[{"start":{"line":11,"column":4},"end":{"line":15,"column":null}},{"start":{"line":11,"column":4},"end":{"line":15,"column":null}}]}},"s":{"0":2,"1":3,"2":4,"3":2,"4":2,"5":2},"f":{"0":3,"1":4},"b":{"0":[2,2]}}
,"C:\\Users\\duber.galvis\\Documents\\Ceiba-DeliverChefcito\\node-nestjs-arquitectura-hexagonal\\src\\infraestructura\\configuracion\\ceiba-logger.service.ts": {"path":"C:\\Users\\duber.galvis\\Documents\\Ceiba-DeliverChefcito\\node-nestjs-arquitectura-hexagonal\\src\\infraestructura\\configuracion\\ceiba-logger.service.ts","statementMap":{"0":{"start":{"line":1,"column":0},"end":{"line":1,"column":59}},"1":{"start":{"line":4,"column":0},"end":{"line":10,"column":null}},"2":{"start":{"line":7,"column":4},"end":{"line":7,"column":78}},"3":{"start":{"line":4,"column":13},"end":{"line":10,"column":null}},"4":{"start":{"line":4,"column":13},"end":{"line":4,"column":22}}},"fnMap":{"0":{"name":"(anonymous_1)","decl":{"start":{"line":6,"column":9},"end":{"line":6,"column":20}},"loc":{"start":{"line":6,"column":33},"end":{"line":8,"column":3}}}},"branchMap":{},"s":{"0":4,"1":4,"2":0,"3":4,"4":4},"f":{"0":0},"b":{}}
,"C:\\Users\\duber.galvis\\Documents\\Ceiba-DeliverChefcito\\node-nestjs-arquitectura-hexagonal\\src\\infraestructura\\configuracion\\api\\adaptador\\dao-dia-festivo.api.ts": {"path":"C:\\Users\\duber.galvis\\Documents\\Ceiba-DeliverChefcito\\node-nestjs-arquitectura-hexagonal\\src\\infraestructura\\configuracion\\api\\adaptador\\dao-dia-festivo.api.ts","statementMap":{"0":{"start":{"line":1,"column":0},"end":{"line":1,"column":57}},"1":{"start":{"line":7,"column":0},"end":{"line":17,"column":null}},"2":{"start":{"line":8,"column":33},"end":{"line":8,"column":46}},"3":{"start":{"line":11,"column":29},"end":{"line":13,"column":24}},"4":{"start":{"line":15,"column":8},"end":{"line":15,"column":63}},"5":{"start":{"line":7,"column":13},"end":{"line":17,"column":null}},"6":{"start":{"line":7,"column":13},"end":{"line":7,"column":29}}},"fnMap":{"0":{"name":"(anonymous_2)","decl":{"start":{"line":8,"column":4},"end":{"line":8,"column":33}},"loc":{"start":{"line":8,"column":57},"end":{"line":8,"column":61}}},"1":{"name":"(anonymous_3)","decl":{"start":{"line":10,"column":4},"end":{"line":10,"column":9}},"loc":{"start":{"line":10,"column":72},"end":{"line":16,"column":5}}}},"branchMap":{},"s":{"0":3,"1":3,"2":13,"3":13,"4":0,"5":3,"6":3},"f":{"0":13,"1":13},"b":{}}
,"C:\\Users\\duber.galvis\\Documents\\Ceiba-DeliverChefcito\\node-nestjs-arquitectura-hexagonal\\src\\infraestructura\\excepciones\\filtro-excepciones-negocio.ts": {"path":"C:\\Users\\duber.galvis\\Documents\\Ceiba-DeliverChefcito\\node-nestjs-arquitectura-hexagonal\\src\\infraestructura\\excepciones\\filtro-excepciones-negocio.ts","statementMap":{"0":{"start":{"line":1,"column":0},"end":{"line":1,"column":83}},"1":{"start":{"line":3,"column":0},"end":{"line":3,"column":70}},"2":{"start":{"line":5,"column":0},"end":{"line":5,"column":66}},"3":{"start":{"line":8,"column":39},"end":{"line":31,"column":null}},"4":{"start":{"line":10,"column":31},"end":{"line":10,"column":39}},"5":{"start":{"line":11,"column":4},"end":{"line":11,"column":60}},"6":{"start":{"line":15,"column":16},"end":{"line":15,"column":35}},"7":{"start":{"line":16,"column":21},"end":{"line":16,"column":48}},"8":{"start":{"line":17,"column":20},"end":{"line":17,"column":45}},"9":{"start":{"line":19,"column":23},"end":{"line":19,"column":45}},"10":{"start":{"line":21,"column":29},"end":{"line":26,"column":6}},"11":{"start":{"line":28,"column":4},"end":{"line":28,"column":35}},"12":{"start":{"line":29,"column":4},"end":{"line":29,"column":46}},"13":{"start":{"line":8,"column":13},"end":{"line":31,"column":null}},"14":{"start":{"line":8,"column":13},"end":{"line":8,"column":39}}},"fnMap":{"0":{"name":"(anonymous_2)","decl":{"start":{"line":10,"column":2},"end":{"line":10,"column":31}},"loc":{"start":{"line":10,"column":48},"end":{"line":12,"column":3}}},"1":{"name":"(anonymous_3)","decl":{"start":{"line":14,"column":2},"end":{"line":14,"column":7}},"loc":{"start":{"line":14,"column":50},"end":{"line":30,"column":3}}}},"branchMap":{},"s":{"0":4,"1":4,"2":4,"3":4,"4":4,"5":4,"6":5,"7":5,"8":5,"9":5,"10":5,"11":5,"12":5,"13":4,"14":4},"f":{"0":4,"1":5},"b":{}}
,"C:\\Users\\duber.galvis\\Documents\\Ceiba-DeliverChefcito\\node-nestjs-arquitectura-hexagonal\\src\\infraestructura\\pedido\\controlador\\pedido.controlador.ts": {"path":"C:\\Users\\duber.galvis\\Documents\\Ceiba-DeliverChefcito\\node-nestjs-arquitectura-hexagonal\\src\\infraestructura\\pedido\\controlador\\pedido.controlador.ts","statementMap":{"0":{"start":{"line":1,"column":0},"end":{"line":1,"column":101}},"1":{"start":{"line":3,"column":0},"end":{"line":3,"column":91}},"2":{"start":{"line":4,"column":0},"end":{"line":4,"column":95}},"3":{"start":{"line":5,"column":0},"end":{"line":5,"column":93}},"4":{"start":{"line":6,"column":0},"end":{"line":6,"column":97}},"5":{"start":{"line":7,"column":0},"end":{"line":7,"column":96}},"6":{"start":{"line":8,"column":0},"end":{"line":8,"column":100}},"7":{"start":{"line":10,"column":0},"end":{"line":10,"column":95}},"8":{"start":{"line":14,"column":0},"end":{"line":42,"column":null}},"9":{"start":{"line":16,"column":25},"end":{"line":16,"column":52}},"10":{"start":{"line":17,"column":25},"end":{"line":17,"column":49}},"11":{"start":{"line":18,"column":25},"end":{"line":18,"column":50}},"12":{"start":{"line":19,"column":25},"end":{"line":19,"column":51}},"13":{"start":{"line":25,"column":8},"end":{"line":25,"column":78}},"14":{"start":{"line":30,"column":8},"end":{"line":30,"column":60}},"15":{"start":{"line":35,"column":8},"end":{"line":35,"column":75}},"16":{"start":{"line":40,"column":8},"end":{"line":40,"column":77}},"17":{"start":{"line":24,"column":4},"end":{"line":26,"column":null}},"18":{"start":{"line":29,"column":4},"end":{"line":31,"column":null}},"19":{"start":{"line":34,"column":4},"end":{"line":36,"column":null}},"20":{"start":{"line":39,"column":4},"end":{"line":41,"column":null}},"21":{"start":{"line":14,"column":13},"end":{"line":42,"column":null}},"22":{"start":{"line":14,"column":13},"end":{"line":14,"column":30}}},"fnMap":{"0":{"name":"(anonymous_4)","decl":{"start":{"line":15,"column":4},"end":{"line":15,"column":null}},"loc":{"start":{"line":19,"column":74},"end":{"line":20,"column":7}}},"1":{"name":"(anonymous_5)","decl":{"start":{"line":24,"column":4},"end":{"line":24,"column":9}},"loc":{"start":{"line":24,"column":70},"end":{"line":26,"column":5}}},"2":{"name":"(anonymous_6)","decl":{"start":{"line":29,"column":4},"end":{"line":29,"column":9}},"loc":{"start":{"line":29,"column":55},"end":{"line":31,"column":5}}},"3":{"name":"(anonymous_7)","decl":{"start":{"line":34,"column":4},"end":{"line":34,"column":9}},"loc":{"start":{"line":34,"column":76},"end":{"line":36,"column":5}}},"4":{"name":"(anonymous_8)","decl":{"start":{"line":39,"column":4},"end":{"line":39,"column":9}},"loc":{"start":{"line":39,"column":77},"end":{"line":41,"column":5}}}},"branchMap":{},"s":{"0":1,"1":1,"2":1,"3":1,"4":1,"5":1,"6":1,"7":1,"8":1,"9":1,"10":1,"11":1,"12":1,"13":1,"14":1,"15":1,"16":2,"17":1,"18":1,"19":1,"20":1,"21":1,"22":1},"f":{"0":1,"1":1,"2":1,"3":1,"4":2},"b":{}}
,"C:\\Users\\duber.galvis\\Documents\\Ceiba-DeliverChefcito\\node-nestjs-arquitectura-hexagonal\\src\\infraestructura\\pedido\\proveedor\\servicio\\servicio-registrar-pedido.proveedor.ts": {"path":"C:\\Users\\duber.galvis\\Documents\\Ceiba-DeliverChefcito\\node-nestjs-arquitectura-hexagonal\\src\\infraestructura\\pedido\\proveedor\\servicio\\servicio-registrar-pedido.proveedor.ts","statementMap":{"0":{"start":{"line":2,"column":0},"end":{"line":2,"column":96}},"1":{"start":{"line":5,"column":4},"end":{"line":5,"column":58}},"2":{"start":{"line":4,"column":0},"end":{"line":4,"column":16}}},"fnMap":{"0":{"name":"servicioRegistrarPedidoProveedor","decl":{"start":{"line":4,"column":16},"end":{"line":4,"column":48}},"loc":{"start":{"line":4,"column":85},"end":{"line":6,"column":1}}}},"branchMap":{},"s":{"0":1,"1":1,"2":1},"f":{"0":1},"b":{}}
,"C:\\Users\\duber.galvis\\Documents\\Ceiba-DeliverChefcito\\node-nestjs-arquitectura-hexagonal\\src\\infraestructura\\producto\\controlador\\producto.controlador.ts": {"path":"C:\\Users\\duber.galvis\\Documents\\Ceiba-DeliverChefcito\\node-nestjs-arquitectura-hexagonal\\src\\infraestructura\\producto\\controlador\\producto.controlador.ts","statementMap":{"0":{"start":{"line":1,"column":0},"end":{"line":1,"column":94}},"1":{"start":{"line":3,"column":0},"end":{"line":3,"column":102}},"2":{"start":{"line":4,"column":0},"end":{"line":4,"column":106}},"3":{"start":{"line":5,"column":0},"end":{"line":5,"column":107}},"4":{"start":{"line":7,"column":0},"end":{"line":7,"column":101}},"5":{"start":{"line":10,"column":0},"end":{"line":32,"column":null}},"6":{"start":{"line":12,"column":25},"end":{"line":12,"column":54}},"7":{"start":{"line":13,"column":25},"end":{"line":13,"column":51}},"8":{"start":{"line":14,"column":25},"end":{"line":14,"column":54}},"9":{"start":{"line":20,"column":8},"end":{"line":20,"column":82}},"10":{"start":{"line":25,"column":8},"end":{"line":25,"column":65}},"11":{"start":{"line":30,"column":8},"end":{"line":30,"column":56}},"12":{"start":{"line":19,"column":4},"end":{"line":21,"column":null}},"13":{"start":{"line":24,"column":4},"end":{"line":26,"column":null}},"14":{"start":{"line":29,"column":4},"end":{"line":31,"column":null}},"15":{"start":{"line":10,"column":13},"end":{"line":32,"column":null}},"16":{"start":{"line":10,"column":13},"end":{"line":10,"column":32}}},"fnMap":{"0":{"name":"(anonymous_4)","decl":{"start":{"line":11,"column":4},"end":{"line":11,"column":null}},"loc":{"start":{"line":14,"column":80},"end":{"line":15,"column":8}}},"1":{"name":"(anonymous_5)","decl":{"start":{"line":19,"column":4},"end":{"line":19,"column":9}},"loc":{"start":{"line":19,"column":74},"end":{"line":21,"column":5}}},"2":{"name":"(anonymous_6)","decl":{"start":{"line":24,"column":4},"end":{"line":24,"column":9}},"loc":{"start":{"line":24,"column":59},"end":{"line":26,"column":5}}},"3":{"name":"(anonymous_7)","decl":{"start":{"line":29,"column":4},"end":{"line":29,"column":9}},"loc":{"start":{"line":29,"column":25},"end":{"line":31,"column":5}}}},"branchMap":{},"s":{"0":1,"1":1,"2":1,"3":1,"4":1,"5":1,"6":1,"7":1,"8":1,"9":2,"10":1,"11":1,"12":1,"13":1,"14":1,"15":1,"16":1},"f":{"0":1,"1":2,"2":1,"3":1},"b":{}}
,"C:\\Users\\duber.galvis\\Documents\\Ceiba-DeliverChefcito\\node-nestjs-arquitectura-hexagonal\\src\\infraestructura\\producto\\proveedor\\servicio\\servicio-registrar-producto.proveedor.ts": {"path":"C:\\Users\\duber.galvis\\Documents\\Ceiba-DeliverChefcito\\node-nestjs-arquitectura-hexagonal\\src\\infraestructura\\producto\\proveedor\\servicio\\servicio-registrar-producto.proveedor.ts","statementMap":{"0":{"start":{"line":2,"column":0},"end":{"line":2,"column":102}},"1":{"start":{"line":5,"column":4},"end":{"line":5,"column":62}},"2":{"start":{"line":4,"column":0},"end":{"line":4,"column":16}}},"fnMap":{"0":{"name":"servicioRegistrarProductoProveedor","decl":{"start":{"line":4,"column":16},"end":{"line":4,"column":50}},"loc":{"start":{"line":4,"column":91},"end":{"line":6,"column":1}}}},"branchMap":{},"s":{"0":1,"1":1,"2":1},"f":{"0":1},"b":{}}
,"C:\\Users\\duber.galvis\\Documents\\Ceiba-DeliverChefcito\\node-nestjs-arquitectura-hexagonal\\src\\infraestructura\\reunion\\controlador\\reunion.controlador.ts": {"path":"C:\\Users\\duber.galvis\\Documents\\Ceiba-DeliverChefcito\\node-nestjs-arquitectura-hexagonal\\src\\infraestructura\\reunion\\controlador\\reunion.controlador.ts","statementMap":{"0":{"start":{"line":1,"column":0},"end":{"line":1,"column":94}},"1":{"start":{"line":3,"column":0},"end":{"line":3,"column":99}},"2":{"start":{"line":4,"column":0},"end":{"line":4,"column":103}},"3":{"start":{"line":5,"column":0},"end":{"line":5,"column":103}},"4":{"start":{"line":7,"column":0},"end":{"line":7,"column":100}},"5":{"start":{"line":10,"column":0},"end":{"line":32,"column":null}},"6":{"start":{"line":12,"column":25},"end":{"line":12,"column":53}},"7":{"start":{"line":13,"column":25},"end":{"line":13,"column":52}},"8":{"start":{"line":14,"column":25},"end":{"line":14,"column":52}},"9":{"start":{"line":20,"column":8},"end":{"line":20,"column":80}},"10":{"start":{"line":25,"column":8},"end":{"line":25,"column":61}},"11":{"start":{"line":30,"column":8},"end":{"line":30,"column":57}},"12":{"start":{"line":19,"column":4},"end":{"line":21,"column":null}},"13":{"start":{"line":24,"column":4},"end":{"line":26,"column":null}},"14":{"start":{"line":29,"column":4},"end":{"line":31,"column":null}},"15":{"start":{"line":10,"column":13},"end":{"line":32,"column":null}},"16":{"start":{"line":10,"column":13},"end":{"line":10,"column":31}}},"fnMap":{"0":{"name":"(anonymous_4)","decl":{"start":{"line":11,"column":4},"end":{"line":11,"column":null}},"loc":{"start":{"line":14,"column":76},"end":{"line":15,"column":8}}},"1":{"name":"(anonymous_5)","decl":{"start":{"line":19,"column":4},"end":{"line":19,"column":9}},"loc":{"start":{"line":19,"column":72},"end":{"line":21,"column":5}}},"2":{"name":"(anonymous_6)","decl":{"start":{"line":24,"column":4},"end":{"line":24,"column":9}},"loc":{"start":{"line":24,"column":54},"end":{"line":26,"column":5}}},"3":{"name":"(anonymous_7)","decl":{"start":{"line":29,"column":4},"end":{"line":29,"column":9}},"loc":{"start":{"line":29,"column":25},"end":{"line":31,"column":5}}}},"branchMap":{},"s":{"0":1,"1":1,"2":1,"3":1,"4":1,"5":1,"6":1,"7":1,"8":1,"9":1,"10":1,"11":1,"12":1,"13":1,"14":1,"15":1,"16":1},"f":{"0":1,"1":1,"2":1,"3":1},"b":{}}
,"C:\\Users\\duber.galvis\\Documents\\Ceiba-DeliverChefcito\\node-nestjs-arquitectura-hexagonal\\src\\infraestructura\\reunion\\proveedor\\servicio\\servicio-registrar-reunion.proveedor.ts": {"path":"C:\\Users\\duber.galvis\\Documents\\Ceiba-DeliverChefcito\\node-nestjs-arquitectura-hexagonal\\src\\infraestructura\\reunion\\proveedor\\servicio\\servicio-registrar-reunion.proveedor.ts","statementMap":{"0":{"start":{"line":2,"column":0},"end":{"line":2,"column":99}},"1":{"start":{"line":5,"column":4},"end":{"line":5,"column":60}},"2":{"start":{"line":4,"column":0},"end":{"line":4,"column":16}}},"fnMap":{"0":{"name":"servicioRegistrarReunionProveedor","decl":{"start":{"line":4,"column":16},"end":{"line":4,"column":49}},"loc":{"start":{"line":4,"column":88},"end":{"line":6,"column":1}}}},"branchMap":{},"s":{"0":1,"1":1,"2":1},"f":{"0":1},"b":{}}
,"C:\\Users\\duber.galvis\\Documents\\Ceiba-DeliverChefcito\\node-nestjs-arquitectura-hexagonal\\src\\infraestructura\\usuario\\controlador\\usuario.controlador.ts": {"path":"C:\\Users\\duber.galvis\\Documents\\Ceiba-DeliverChefcito\\node-nestjs-arquitectura-hexagonal\\src\\infraestructura\\usuario\\controlador\\usuario.controlador.ts","statementMap":{"0":{"start":{"line":1,"column":0},"end":{"line":1,"column":109}},"1":{"start":{"line":2,"column":0},"end":{"line":2,"column":99}},"2":{"start":{"line":3,"column":0},"end":{"line":3,"column":102}},"3":{"start":{"line":5,"column":0},"end":{"line":5,"column":104}},"4":{"start":{"line":6,"column":0},"end":{"line":6,"column":99}},"5":{"start":{"line":7,"column":0},"end":{"line":7,"column":95}},"6":{"start":{"line":8,"column":0},"end":{"line":8,"column":98}},"7":{"start":{"line":9,"column":0},"end":{"line":9,"column":100}},"8":{"start":{"line":12,"column":0},"end":{"line":40,"column":null}},"9":{"start":{"line":14,"column":21},"end":{"line":14,"column":49}},"10":{"start":{"line":15,"column":21},"end":{"line":15,"column":49}},"11":{"start":{"line":16,"column":21},"end":{"line":16,"column":47}},"12":{"start":{"line":17,"column":21},"end":{"line":17,"column":48}},"13":{"start":{"line":23,"column":4},"end":{"line":23,"column":76}},"14":{"start":{"line":28,"column":4},"end":{"line":28,"column":77}},"15":{"start":{"line":33,"column":4},"end":{"line":33,"column":73}},"16":{"start":{"line":38,"column":4},"end":{"line":38,"column":59}},"17":{"start":{"line":22,"column":2},"end":{"line":24,"column":null}},"18":{"start":{"line":27,"column":2},"end":{"line":29,"column":null}},"19":{"start":{"line":32,"column":2},"end":{"line":34,"column":null}},"20":{"start":{"line":37,"column":2},"end":{"line":39,"column":null}},"21":{"start":{"line":12,"column":13},"end":{"line":40,"column":null}},"22":{"start":{"line":12,"column":13},"end":{"line":12,"column":31}}},"fnMap":{"0":{"name":"(anonymous_4)","decl":{"start":{"line":13,"column":2},"end":{"line":13,"column":null}},"loc":{"start":{"line":17,"column":72},"end":{"line":18,"column":6}}},"1":{"name":"(anonymous_5)","decl":{"start":{"line":22,"column":2},"end":{"line":22,"column":7}},"loc":{"start":{"line":22,"column":70},"end":{"line":24,"column":3}}},"2":{"name":"(anonymous_6)","decl":{"start":{"line":27,"column":2},"end":{"line":27,"column":7}},"loc":{"start":{"line":27,"column":82},"end":{"line":29,"column":3}}},"3":{"name":"(anonymous_7)","decl":{"start":{"line":32,"column":2},"end":{"line":32,"column":7}},"loc":{"start":{"line":32,"column":73},"end":{"line":34,"column":3}}},"4":{"name":"(anonymous_8)","decl":{"start":{"line":37,"column":2},"end":{"line":37,"column":7}},"loc":{"start":{"line":37,"column":55},"end":{"line":39,"column":3}}}},"branchMap":{},"s":{"0":1,"1":1,"2":1,"3":1,"4":1,"5":1,"6":1,"7":1,"8":1,"9":1,"10":1,"11":1,"12":1,"13":3,"14":1,"15":1,"16":1,"17":1,"18":1,"19":1,"20":1,"21":1,"22":1},"f":{"0":1,"1":3,"2":1,"3":1,"4":1},"b":{}}
,"C:\\Users\\duber.galvis\\Documents\\Ceiba-DeliverChefcito\\node-nestjs-arquitectura-hexagonal\\src\\infraestructura\\usuario\\proveedor\\servicio\\servicio-registrar-usuario.proveedor.ts": {"path":"C:\\Users\\duber.galvis\\Documents\\Ceiba-DeliverChefcito\\node-nestjs-arquitectura-hexagonal\\src\\infraestructura\\usuario\\proveedor\\servicio\\servicio-registrar-usuario.proveedor.ts","statementMap":{"0":{"start":{"line":2,"column":0},"end":{"line":2,"column":99}},"1":{"start":{"line":5,"column":2},"end":{"line":5,"column":58}},"2":{"start":{"line":4,"column":0},"end":{"line":4,"column":16}}},"fnMap":{"0":{"name":"servicioRegistrarUsuarioProveedor","decl":{"start":{"line":4,"column":16},"end":{"line":4,"column":49}},"loc":{"start":{"line":4,"column":88},"end":{"line":6,"column":1}}}},"branchMap":{},"s":{"0":1,"1":1,"2":1},"f":{"0":1},"b":{}}
,"C:\\Users\\duber.galvis\\Documents\\Ceiba-DeliverChefcito\\node-nestjs-arquitectura-hexagonal\\test\\util\\create-object.stub.ts": {"path":"C:\\Users\\duber.galvis\\Documents\\Ceiba-DeliverChefcito\\node-nestjs-arquitectura-hexagonal\\test\\util\\create-object.stub.ts","statementMap":{"0":{"start":{"line":1,"column":0},"end":{"line":1,"column":65}},"1":{"start":{"line":16,"column":2},"end":{"line":20,"column":null}},"2":{"start":{"line":17,"column":4},"end":{"line":17,"column":25}},"3":{"start":{"line":19,"column":4},"end":{"line":19,"column":null}},"4":{"start":{"line":21,"column":31},"end":{"line":21,"column":33}},"5":{"start":{"line":22,"column":3},"end":{"line":22,"column":86}},"6":{"start":{"line":22,"column":47},"end":{"line":22,"column":84}},"7":{"start":{"line":23,"column":2},"end":{"line":23,"column":25}},"8":{"start":{"line":14,"column":0},"end":{"line":14,"column":16}}},"fnMap":{"0":{"name":"createStubObj","decl":{"start":{"line":14,"column":16},"end":{"line":14,"column":29}},"loc":{"start":{"line":14,"column":92},"end":{"line":24,"column":1}}},"1":{"name":"(anonymous_1)","decl":{"start":{"line":22,"column":31},"end":{"line":22,"column":32}},"loc":{"start":{"line":22,"column":47},"end":{"line":22,"column":84}}}},"branchMap":{"0":{"loc":{"start":{"line":16,"column":2},"end":{"line":20,"column":null}},"type":"if","locations":[{"start":{"line":16,"column":2},"end":{"line":20,"column":null}},{"start":{"line":16,"column":2},"end":{"line":20,"column":null}}]}},"s":{"0":8,"1":15,"2":8,"3":7,"4":15,"5":15,"6":30,"7":15,"8":8},"f":{"0":15,"1":30},"b":{"0":[8,7]}}
}
