TN:
SF:src\aplicacion\pedido\cambio\cambiar-pedido.comando.ts
FNF:0
FNH:0
DA:1,1
DA:2,1
DA:4,1
DA:5,1
DA:6,1
DA:9,1
DA:12,1
DA:16,1
DA:20,1
DA:24,1
DA:28,1
DA:31,1
DA:34,1
DA:37,1
LF:14
LH:14
BRF:0
BRH:0
end_of_record
TN:
SF:src\aplicacion\pedido\cambio\cambiar-pedido.manejador.ts
FN:9,(anonymous_2)
FN:11,(anonymous_3)
FNF:2
FNH:2
FNDA:1,(anonymous_2)
FNDA:1,(anonymous_3)
DA:1,1
DA:3,1
DA:8,1
DA:9,1
DA:12,1
LF:5
LH:5
BRF:0
BRH:0
end_of_record
TN:
SF:src\aplicacion\pedido\cambio\cancelar-pedido.comando.ts
FNF:0
FNH:0
DA:1,1
DA:2,1
DA:4,1
DA:7,1
LF:4
LH:4
BRF:0
BRH:0
end_of_record
TN:
SF:src\aplicacion\pedido\cambio\cancelar-pedido.manejador.ts
FN:9,(anonymous_2)
FN:11,(anonymous_3)
FNF:2
FNH:2
FNDA:1,(anonymous_2)
FNDA:2,(anonymous_3)
DA:1,1
DA:3,1
DA:8,1
DA:9,1
DA:12,2
LF:5
LH:5
BRF:0
BRH:0
end_of_record
TN:
SF:src\aplicacion\pedido\comando\registrar-pedido.comando.ts
FNF:0
FNH:0
DA:1,1
DA:2,1
DA:4,1
DA:5,1
DA:6,1
DA:9,1
DA:12,1
DA:16,1
DA:20,1
DA:24,1
DA:28,1
DA:32,1
DA:36,1
LF:13
LH:13
BRF:0
BRH:0
end_of_record
TN:
SF:src\aplicacion\pedido\comando\registrar-pedido.manejador.ts
FN:9,(anonymous_2)
FN:11,(anonymous_3)
FNF:2
FNH:2
FNDA:1,(anonymous_2)
FNDA:1,(anonymous_3)
DA:1,1
DA:2,1
DA:3,1
DA:8,1
DA:9,1
DA:12,1
LF:6
LH:6
BRF:0
BRH:0
end_of_record
TN:
SF:src\aplicacion\pedido\consulta\listar-pedido.manejador.ts
FN:8,(anonymous_2)
FN:10,(anonymous_3)
FNF:2
FNH:2
FNDA:1,(anonymous_2)
FNDA:1,(anonymous_3)
DA:1,1
DA:3,1
DA:7,1
DA:8,1
DA:11,1
LF:5
LH:5
BRF:0
BRH:0
end_of_record
TN:
SF:src\aplicacion\producto\comando\registrar-producto.comando.ts
FNF:0
FNH:0
DA:1,1
DA:2,1
DA:4,1
DA:7,1
DA:11,1
DA:15,1
LF:6
LH:6
BRF:0
BRH:0
end_of_record
TN:
SF:src\aplicacion\producto\comando\registrar-producto.manejador.ts
FN:8,(anonymous_2)
FN:10,(anonymous_3)
FNF:2
FNH:2
FNDA:1,(anonymous_2)
FNDA:2,(anonymous_3)
DA:1,1
DA:2,1
DA:4,1
DA:7,1
DA:8,1
DA:11,2
LF:6
LH:6
BRF:0
BRH:0
end_of_record
TN:
SF:src\aplicacion\producto\consulta\consultar-producto.manejador.ts
FN:8,(anonymous_2)
FN:10,(anonymous_3)
FNF:2
FNH:2
FNDA:1,(anonymous_2)
FNDA:1,(anonymous_3)
DA:1,1
DA:3,1
DA:7,1
DA:8,1
DA:11,1
LF:5
LH:5
BRF:0
BRH:0
end_of_record
TN:
SF:src\aplicacion\producto\consulta\listar-producto.manejador.ts
FN:8,(anonymous_2)
FN:10,(anonymous_3)
FNF:2
FNH:2
FNDA:1,(anonymous_2)
FNDA:1,(anonymous_3)
DA:1,1
DA:3,1
DA:7,1
DA:8,1
DA:11,1
LF:5
LH:5
BRF:0
BRH:0
end_of_record
TN:
SF:src\aplicacion\reunion\comando\registrar-reunion.comando.ts
FNF:0
FNH:0
DA:1,1
DA:2,1
DA:4,1
DA:7,1
DA:11,1
LF:5
LH:5
BRF:0
BRH:0
end_of_record
TN:
SF:src\aplicacion\reunion\comando\registrar-reunion.manejador.ts
FN:8,(anonymous_2)
FN:10,(anonymous_3)
FNF:2
FNH:2
FNDA:1,(anonymous_2)
FNDA:1,(anonymous_3)
DA:1,1
DA:2,1
DA:3,1
DA:7,1
DA:8,1
DA:11,1
LF:6
LH:6
BRF:0
BRH:0
end_of_record
TN:
SF:src\aplicacion\reunion\consulta\consulta-reunion.manejador.ts
FN:8,(anonymous_2)
FN:10,(anonymous_3)
FNF:2
FNH:2
FNDA:1,(anonymous_2)
FNDA:1,(anonymous_3)
DA:1,1
DA:3,1
DA:7,1
DA:8,1
DA:11,1
LF:5
LH:5
BRF:0
BRH:0
end_of_record
TN:
SF:src\aplicacion\reunion\consulta\listar-reunion-manejador.ts
FN:8,(anonymous_2)
FN:10,(anonymous_3)
FNF:2
FNH:2
FNDA:1,(anonymous_2)
FNDA:1,(anonymous_3)
DA:1,1
DA:3,1
DA:7,1
DA:8,1
DA:11,1
LF:5
LH:5
BRF:0
BRH:0
end_of_record
TN:
SF:src\aplicacion\usuario\cambio\cambiar-usuario.manejador.ts
FN:7,(anonymous_2)
FN:9,(anonymous_3)
FNF:2
FNH:2
FNDA:1,(anonymous_2)
FNDA:1,(anonymous_3)
DA:1,1
DA:3,1
DA:6,1
DA:7,1
DA:10,1
LF:5
LH:5
BRF:0
BRH:0
end_of_record
TN:
SF:src\aplicacion\usuario\cambio\eliminar-usuario.manejador.ts
FN:7,(anonymous_2)
FN:9,(anonymous_3)
FNF:2
FNH:2
FNDA:1,(anonymous_2)
FNDA:1,(anonymous_3)
DA:1,1
DA:3,1
DA:6,1
DA:7,1
DA:10,1
LF:5
LH:5
BRF:0
BRH:0
end_of_record
TN:
SF:src\aplicacion\usuario\comando\cambiar-usuario.comando.ts
FNF:0
FNH:0
DA:1,1
DA:2,1
DA:4,1
DA:7,1
DA:11,1
DA:15,1
LF:6
LH:6
BRF:0
BRH:0
end_of_record
TN:
SF:src\aplicacion\usuario\comando\consultar-usuario.comando.ts
FNF:0
FNH:0
DA:1,1
DA:2,1
DA:4,1
DA:7,1
DA:11,1
LF:5
LH:5
BRF:0
BRH:0
end_of_record
TN:
SF:src\aplicacion\usuario\comando\registar-usuario.manejador.ts
FN:8,(anonymous_2)
FN:10,(anonymous_3)
FNF:2
FNH:2
FNDA:1,(anonymous_2)
FNDA:3,(anonymous_3)
DA:1,1
DA:2,1
DA:4,1
DA:7,1
DA:8,1
DA:11,3
LF:6
LH:6
BRF:0
BRH:0
end_of_record
TN:
SF:src\aplicacion\usuario\comando\registrar-usuario.comando.ts
FNF:0
FNH:0
DA:1,1
DA:2,1
DA:4,1
DA:7,1
DA:11,1
DA:15,1
LF:6
LH:6
BRF:0
BRH:0
end_of_record
TN:
SF:src\aplicacion\usuario\consulta\consultar-usuario.manejador.ts
FN:8,(anonymous_2)
FN:10,(anonymous_3)
FNF:2
FNH:2
FNDA:1,(anonymous_2)
FNDA:1,(anonymous_3)
DA:1,1
DA:3,1
DA:7,1
DA:8,1
DA:11,1
LF:5
LH:5
BRF:0
BRH:0
end_of_record
TN:
SF:src\dominio\errores\error-de-negocio.ts
FN:2,(anonymous_0)
FNF:1
FNH:1
FNDA:44,(anonymous_0)
DA:1,12
DA:3,44
DA:4,44
LF:3
LH:3
BRDA:4,0,0,44
BRDA:4,0,1,5
BRF:2
BRH:2
end_of_record
TN:
SF:src\dominio\errores\error-longitud-invalida.ts
FN:4,(anonymous_0)
FNF:1
FNH:1
FNDA:6,(anonymous_0)
DA:1,9
DA:3,9
DA:5,6
LF:3
LH:3
BRF:0
BRH:0
end_of_record
TN:
SF:src\dominio\errores\error-valor-requerido.ts
FN:4,(anonymous_0)
FNF:1
FNH:1
FNDA:18,(anonymous_0)
DA:1,12
DA:3,12
DA:5,18
LF:3
LH:3
BRF:0
BRH:0
end_of_record
TN:
SF:src\dominio\errores\pedido\error-fecha-no-valida.ts
FN:4,(anonymous_0)
FNF:1
FNH:1
FNDA:2,(anonymous_0)
DA:1,3
DA:3,3
DA:5,2
LF:3
LH:3
BRF:0
BRH:0
end_of_record
TN:
SF:src\dominio\errores\pedido\error-hora-de-servicio.ts
FN:4,(anonymous_0)
FNF:1
FNH:1
FNDA:2,(anonymous_0)
DA:1,3
DA:3,3
DA:5,2
LF:3
LH:3
BRF:0
BRH:0
end_of_record
TN:
SF:src\dominio\errores\pedido\error-lunes-no-festivo.ts
FN:4,(anonymous_0)
FNF:1
FNH:1
FNDA:2,(anonymous_0)
DA:1,3
DA:3,3
DA:5,2
LF:3
LH:3
BRF:0
BRH:0
end_of_record
TN:
SF:src\dominio\errores\pedido\error-no-hay-producto.ts
FN:4,(anonymous_0)
FNF:1
FNH:1
FNDA:2,(anonymous_0)
DA:1,3
DA:3,3
DA:5,2
LF:3
LH:3
BRF:0
BRH:0
end_of_record
TN:
SF:src\dominio\errores\pedido\error-no-hay-reunion.ts
FN:4,(anonymous_0)
FNF:1
FNH:1
FNDA:2,(anonymous_0)
DA:1,3
DA:3,3
DA:5,2
LF:3
LH:3
BRF:0
BRH:0
end_of_record
TN:
SF:src\dominio\errores\pedido\error-no-hay-usuario.ts
FN:4,(anonymous_0)
FNF:1
FNH:1
FNDA:2,(anonymous_0)
DA:1,3
DA:3,3
DA:5,2
LF:3
LH:3
BRF:0
BRH:0
end_of_record
TN:
SF:src\dominio\errores\reunion\error-tipo-incorrecto.ts
FN:4,(anonymous_0)
FNF:1
FNH:1
FNDA:3,(anonymous_0)
DA:1,6
DA:3,6
DA:5,3
LF:3
LH:3
BRF:0
BRH:0
end_of_record
TN:
SF:src\dominio\pedido\modelo\pedido.ts
FN:29,(anonymous_2)
FN:49,(anonymous_3)
FN:58,(anonymous_4)
FN:67,(anonymous_5)
FN:78,(anonymous_6)
FN:89,(anonymous_7)
FN:102,(anonymous_8)
FN:110,(anonymous_9)
FN:118,(anonymous_10)
FN:126,(anonymous_11)
FN:130,(anonymous_12)
FN:134,(anonymous_13)
FN:138,(anonymous_14)
FN:142,(anonymous_15)
FN:146,(anonymous_16)
FN:150,(anonymous_17)
FN:154,(anonymous_18)
FNF:17
FNH:17
FNDA:13,(anonymous_2)
FNDA:18,(anonymous_3)
FNDA:14,(anonymous_4)
FNDA:7,(anonymous_5)
FNDA:6,(anonymous_6)
FNDA:5,(anonymous_7)
FNDA:13,(anonymous_8)
FNDA:12,(anonymous_9)
FNDA:11,(anonymous_10)
FNDA:1,(anonymous_11)
FNDA:1,(anonymous_12)
FNDA:1,(anonymous_13)
FNDA:1,(anonymous_14)
FNDA:1,(anonymous_15)
FNDA:1,(anonymous_16)
FNDA:1,(anonymous_17)
FNDA:1,(anonymous_18)
DA:4,3
DA:5,3
DA:6,3
DA:7,3
DA:8,3
DA:9,3
DA:14,3
DA:16,3
DA:18,3
DA:19,13
DA:20,13
DA:21,13
DA:22,13
DA:23,13
DA:24,13
DA:25,13
DA:26,13
DA:30,13
DA:31,12
DA:32,11
DA:33,10
DA:34,9
DA:35,8
DA:36,7
DA:37,6
DA:38,5
DA:39,3
DA:40,3
DA:41,3
DA:42,3
DA:43,3
DA:44,3
DA:45,3
DA:46,3
DA:51,18
DA:52,2
DA:60,14
DA:61,2
DA:68,7
DA:69,7
DA:71,7
DA:72,1
DA:79,6
DA:81,6
DA:82,6
DA:83,1
DA:90,5
DA:91,5
DA:93,5
DA:95,4
DA:96,1
DA:103,13
DA:104,1
DA:111,12
DA:112,1
DA:119,11
DA:120,1
DA:127,1
DA:131,1
DA:135,1
DA:139,1
DA:143,1
DA:147,1
DA:151,1
DA:155,1
LF:65
LH:65
BRDA:51,0,0,2
BRDA:51,0,1,16
BRDA:60,1,0,2
BRDA:60,1,1,12
BRDA:71,2,0,1
BRDA:71,2,1,6
BRDA:82,3,0,1
BRDA:82,3,1,5
BRDA:95,4,0,1
BRDA:95,4,1,3
BRDA:95,5,0,4
BRDA:95,5,1,3
BRDA:103,6,0,1
BRDA:103,6,1,12
BRDA:111,7,0,1
BRDA:111,7,1,11
BRDA:119,8,0,1
BRDA:119,8,1,10
BRF:18
BRH:18
end_of_record
TN:
SF:src\dominio\pedido\puerto\dao\dao-pedido.ts
FNF:0
FNH:0
DA:6,1
LF:1
LH:1
BRF:0
BRH:0
end_of_record
TN:
SF:src\dominio\pedido\puerto\repositorio\repositorio-pedido.ts
FNF:0
FNH:0
DA:3,1
LF:1
LH:1
BRF:0
BRH:0
end_of_record
TN:
SF:src\dominio\pedido\servicio\servicio-registrar-pedido.ts
FN:6,(anonymous_0)
FN:9,(anonymous_1)
FNF:2
FNH:2
FNDA:2,(anonymous_0)
FNDA:2,(anonymous_1)
DA:4,2
DA:6,2
DA:10,2
LF:3
LH:3
BRF:0
BRH:0
end_of_record
TN:
SF:src\dominio\producto\modelo\producto.ts
FN:11,(anonymous_2)
FN:20,(anonymous_3)
FN:28,(anonymous_4)
FN:36,(anonymous_5)
FN:44,(anonymous_6)
FN:48,(anonymous_7)
FN:52,(anonymous_8)
FNF:7
FNH:7
FNDA:22,(anonymous_2)
FNDA:22,(anonymous_3)
FNDA:20,(anonymous_4)
FNDA:19,(anonymous_5)
FNDA:6,(anonymous_6)
FNDA:1,(anonymous_7)
FNDA:1,(anonymous_8)
DA:2,6
DA:3,6
DA:5,6
DA:6,6
DA:7,22
DA:8,22
DA:9,22
DA:12,22
DA:13,20
DA:14,19
DA:15,18
DA:16,18
DA:17,18
DA:21,22
DA:22,2
DA:29,20
DA:30,1
DA:37,19
DA:38,1
DA:45,6
DA:49,1
DA:53,1
LF:22
LH:22
BRDA:21,0,0,2
BRDA:21,0,1,20
BRDA:29,1,0,1
BRDA:29,1,1,19
BRDA:37,2,0,1
BRDA:37,2,1,18
BRF:6
BRH:6
end_of_record
TN:
SF:src\dominio\producto\puerto\dao\dao-producto.ts
FNF:0
FNH:0
DA:3,1
LF:1
LH:1
BRF:0
BRH:0
end_of_record
TN:
SF:src\dominio\producto\puerto\repositorio\repositorio-producto.ts
FNF:0
FNH:0
DA:3,1
LF:1
LH:1
BRF:0
BRH:0
end_of_record
TN:
SF:src\dominio\producto\servicio\servicio-registrar-producto.ts
FN:7,(anonymous_0)
FN:10,(anonymous_1)
FNF:2
FNH:2
FNDA:3,(anonymous_0)
FNDA:3,(anonymous_1)
DA:3,2
DA:5,2
DA:7,3
DA:11,3
DA:12,2
DA:16,1
LF:6
LH:6
BRDA:11,0,0,2
BRDA:11,0,1,1
BRF:2
BRH:2
end_of_record
TN:
SF:src\dominio\reunion\modelo\reunion.ts
FN:10,(anonymous_2)
FN:17,(anonymous_3)
FN:25,(anonymous_4)
FN:33,(anonymous_5)
FN:37,(anonymous_6)
FNF:5
FNH:5
FNDA:20,(anonymous_2)
FNDA:20,(anonymous_3)
FNDA:18,(anonymous_4)
FNDA:4,(anonymous_5)
FNDA:1,(anonymous_6)
DA:1,6
DA:2,6
DA:4,6
DA:6,6
DA:7,20
DA:8,20
DA:11,20
DA:12,18
DA:13,17
DA:14,17
DA:18,20
DA:19,2
DA:26,18
DA:27,1
DA:34,4
DA:38,1
LF:16
LH:16
BRDA:18,0,0,2
BRDA:18,0,1,18
BRDA:26,1,0,1
BRDA:26,1,1,17
BRF:4
BRH:4
end_of_record
TN:
SF:src\dominio\reunion\puerto\dao\dao-reunion.ts
FNF:0
FNH:0
DA:3,1
LF:1
LH:1
BRF:0
BRH:0
end_of_record
TN:
SF:src\dominio\reunion\puerto\repositorio\repositorio-reunion.ts
FNF:0
FNH:0
DA:3,1
LF:1
LH:1
BRF:0
BRH:0
end_of_record
TN:
SF:src\dominio\reunion\servicio\servicio-registrar-reunion.ts
FN:7,(anonymous_0)
FN:10,(anonymous_1)
FNF:2
FNH:2
FNDA:3,(anonymous_0)
FNDA:2,(anonymous_1)
DA:3,2
DA:5,2
DA:7,3
DA:11,2
DA:12,1
DA:16,1
LF:6
LH:6
BRDA:11,0,0,1
BRDA:11,0,1,1
BRF:2
BRH:2
end_of_record
TN:
SF:src\dominio\usuario\modelo\usuario.ts
FN:10,(anonymous_2)
FN:19,(anonymous_3)
FN:30,(anonymous_4)
FN:38,(anonymous_5)
FN:42,(anonymous_6)
FN:46,(anonymous_7)
FNF:6
FNH:6
FNDA:23,(anonymous_2)
FNDA:21,(anonymous_3)
FNDA:66,(anonymous_4)
FNDA:7,(anonymous_5)
FNDA:1,(anonymous_6)
FNDA:1,(anonymous_7)
DA:1,6
DA:2,6
DA:4,6
DA:5,6
DA:6,23
DA:7,23
DA:8,23
DA:11,23
DA:12,22
DA:13,21
DA:14,19
DA:15,19
DA:16,19
DA:21,21
DA:23,21
DA:24,2
DA:31,66
DA:32,2
DA:39,7
DA:43,1
DA:47,1
LF:21
LH:21
BRDA:23,0,0,2
BRDA:23,0,1,19
BRDA:31,1,0,2
BRDA:31,1,1,64
BRF:4
BRH:4
end_of_record
TN:
SF:src\dominio\usuario\puerto\dao\dao-usuario.ts
FNF:0
FNH:0
DA:3,1
LF:1
LH:1
BRF:0
BRH:0
end_of_record
TN:
SF:src\dominio\usuario\puerto\repositorio\repositorio-usuario.ts
FNF:0
FNH:0
DA:3,1
LF:1
LH:1
BRF:0
BRH:0
end_of_record
TN:
SF:src\dominio\usuario\servicio\servicio-registrar-usuario.ts
FN:7,(anonymous_0)
FN:10,(anonymous_1)
FNF:2
FNH:2
FNDA:3,(anonymous_0)
FNDA:4,(anonymous_1)
DA:3,2
DA:5,2
DA:7,3
DA:11,4
DA:12,2
DA:16,2
LF:6
LH:6
BRDA:11,0,0,2
BRDA:11,0,1,2
BRF:2
BRH:2
end_of_record
TN:
SF:src\infraestructura\configuracion\ceiba-logger.service.ts
FN:6,(anonymous_1)
FNF:1
FNH:0
FNDA:0,(anonymous_1)
DA:1,4
DA:4,4
DA:7,0
LF:3
LH:2
BRF:0
BRH:0
end_of_record
TN:
SF:src\infraestructura\excepciones\filtro-excepciones-negocio.ts
FN:10,(anonymous_2)
FN:14,(anonymous_3)
FNF:2
FNH:2
FNDA:4,(anonymous_2)
FNDA:5,(anonymous_3)
DA:1,4
DA:3,4
DA:5,4
DA:8,4
DA:10,4
DA:11,4
DA:15,5
DA:16,5
DA:17,5
DA:19,5
DA:21,5
DA:28,5
DA:29,5
LF:13
LH:13
BRF:0
BRH:0
end_of_record
TN:
SF:src\infraestructura\pedido\controlador\pedido.controlador.ts
FN:15,(anonymous_4)
FN:24,(anonymous_5)
FN:29,(anonymous_6)
FN:34,(anonymous_7)
FN:39,(anonymous_8)
FNF:5
FNH:5
FNDA:1,(anonymous_4)
FNDA:1,(anonymous_5)
FNDA:1,(anonymous_6)
FNDA:1,(anonymous_7)
FNDA:2,(anonymous_8)
DA:1,1
DA:3,1
DA:4,1
DA:5,1
DA:6,1
DA:7,1
DA:8,1
DA:10,1
DA:14,1
DA:16,1
DA:17,1
DA:18,1
DA:19,1
DA:24,1
DA:25,1
DA:29,1
DA:30,1
DA:34,1
DA:35,1
DA:39,1
DA:40,2
LF:21
LH:21
BRF:0
BRH:0
end_of_record
TN:
SF:src\infraestructura\pedido\proveedor\servicio\servicio-registrar-pedido.proveedor.ts
FN:4,servicioRegistrarPedidoProveedor
FNF:1
FNH:1
FNDA:1,servicioRegistrarPedidoProveedor
DA:2,1
DA:4,1
DA:5,1
LF:3
LH:3
BRF:0
BRH:0
end_of_record
TN:
SF:src\infraestructura\producto\controlador\producto.controlador.ts
FN:11,(anonymous_4)
FN:19,(anonymous_5)
FN:24,(anonymous_6)
FN:29,(anonymous_7)
FNF:4
FNH:4
FNDA:1,(anonymous_4)
FNDA:2,(anonymous_5)
FNDA:1,(anonymous_6)
FNDA:1,(anonymous_7)
DA:1,1
DA:3,1
DA:4,1
DA:5,1
DA:7,1
DA:10,1
DA:12,1
DA:13,1
DA:14,1
DA:19,1
DA:20,2
DA:24,1
DA:25,1
DA:29,1
DA:30,1
LF:15
LH:15
BRF:0
BRH:0
end_of_record
TN:
SF:src\infraestructura\producto\proveedor\servicio\servicio-registrar-producto.proveedor.ts
FN:4,servicioRegistrarProductoProveedor
FNF:1
FNH:1
FNDA:1,servicioRegistrarProductoProveedor
DA:2,1
DA:4,1
DA:5,1
LF:3
LH:3
BRF:0
BRH:0
end_of_record
TN:
SF:src\infraestructura\reunion\controlador\reunion.controlador.ts
FN:11,(anonymous_4)
FN:19,(anonymous_5)
FN:24,(anonymous_6)
FN:29,(anonymous_7)
FNF:4
FNH:4
FNDA:1,(anonymous_4)
FNDA:1,(anonymous_5)
FNDA:1,(anonymous_6)
FNDA:1,(anonymous_7)
DA:1,1
DA:3,1
DA:4,1
DA:5,1
DA:7,1
DA:10,1
DA:12,1
DA:13,1
DA:14,1
DA:19,1
DA:20,1
DA:24,1
DA:25,1
DA:29,1
DA:30,1
LF:15
LH:15
BRF:0
BRH:0
end_of_record
TN:
SF:src\infraestructura\reunion\proveedor\servicio\servicio-registrar-reunion.proveedor.ts
FN:4,servicioRegistrarReunionProveedor
FNF:1
FNH:1
FNDA:1,servicioRegistrarReunionProveedor
DA:2,1
DA:4,1
DA:5,1
LF:3
LH:3
BRF:0
BRH:0
end_of_record
TN:
SF:src\infraestructura\usuario\controlador\usuario.controlador.ts
FN:13,(anonymous_4)
FN:22,(anonymous_5)
FN:27,(anonymous_6)
FN:32,(anonymous_7)
FN:37,(anonymous_8)
FNF:5
FNH:5
FNDA:1,(anonymous_4)
FNDA:3,(anonymous_5)
FNDA:1,(anonymous_6)
FNDA:1,(anonymous_7)
FNDA:1,(anonymous_8)
DA:1,1
DA:2,1
DA:3,1
DA:5,1
DA:6,1
DA:7,1
DA:8,1
DA:9,1
DA:12,1
DA:14,1
DA:15,1
DA:16,1
DA:17,1
DA:22,1
DA:23,3
DA:27,1
DA:28,1
DA:32,1
DA:33,1
DA:37,1
DA:38,1
LF:21
LH:21
BRF:0
BRH:0
end_of_record
TN:
SF:src\infraestructura\usuario\proveedor\servicio\servicio-registrar-usuario.proveedor.ts
FN:4,servicioRegistrarUsuarioProveedor
FNF:1
FNH:1
FNDA:1,servicioRegistrarUsuarioProveedor
DA:2,1
DA:4,1
DA:5,1
LF:3
LH:3
BRF:0
BRH:0
end_of_record
TN:
SF:test\util\create-object.stub.ts
FN:14,createStubObj
FN:22,(anonymous_1)
FNF:2
FNH:2
FNDA:15,createStubObj
FNDA:30,(anonymous_1)
DA:1,8
DA:14,8
DA:16,15
DA:17,8
DA:19,7
DA:21,15
DA:22,30
DA:23,15
LF:8
LH:8
BRDA:16,0,0,8
BRDA:16,0,1,7
BRF:2
BRH:2
end_of_record
